running egg_info
writing ../../build/embr/embr.egg-info/PKG-INFO
writing dependency_links to ../../build/embr/embr.egg-info/dependency_links.txt
writing entry points to ../../build/embr/embr.egg-info/entry_points.txt
writing requirements to ../../build/embr/embr.egg-info/requires.txt
writing top-level names to ../../build/embr/embr.egg-info/top_level.txt
reading manifest file '../../build/embr/embr.egg-info/SOURCES.txt'
adding license file 'LICENSE'
writing manifest file '../../build/embr/embr.egg-info/SOURCES.txt'
running build
running build_py
copying embr/getCube.py -> /home/ubuntu/Documents/EMBR-Bot/ros2_ws/build/embr/build/lib/embr
copying embr/sendRf.py -> /home/ubuntu/Documents/EMBR-Bot/ros2_ws/build/embr/build/lib/embr
running install
running install_lib
copying /home/ubuntu/Documents/EMBR-Bot/ros2_ws/build/embr/build/lib/embr/getCube.py -> /home/ubuntu/Documents/EMBR-Bot/ros2_ws/install/embr/lib/python3.10/site-packages/embr
copying /home/ubuntu/Documents/EMBR-Bot/ros2_ws/build/embr/build/lib/embr/sendRf.py -> /home/ubuntu/Documents/EMBR-Bot/ros2_ws/install/embr/lib/python3.10/site-packages/embr
byte-compiling /home/ubuntu/Documents/EMBR-Bot/ros2_ws/install/embr/lib/python3.10/site-packages/embr/getCube.py to getCube.cpython-310.pyc
byte-compiling /home/ubuntu/Documents/EMBR-Bot/ros2_ws/install/embr/lib/python3.10/site-packages/embr/sendRf.py to sendRf.cpython-310.pyc
running install_data
