[0.080s] Invoking command in '/home/ubuntu/Documents/EMBR-Bot/ros2_ws/build/msg_interface': CMAKE_PREFIX_PATH=/opt/ros/humble /usr/bin/cmake --build /home/ubuntu/Documents/EMBR-Bot/ros2_ws/build/msg_interface -- -j4 -l4
[0.891s] [  3%] Built target msg_interface__cpp
[0.920s] [ 12%] Built target msg_interface__rosidl_generator_c
[1.007s] [ 12%] Built target ament_cmake_python_copy_msg_interface
[1.166s] [ 22%] Built target msg_interface__rosidl_typesupport_cpp
[1.186s] [ 32%] Built target msg_interface__rosidl_typesupport_introspection_cpp
[1.204s] [ 41%] Built target msg_interface__rosidl_typesupport_fastrtps_cpp
[1.224s] [ 51%] Built target msg_interface__rosidl_typesupport_fastrtps_c
[1.309s] [ 61%] Built target msg_interface__rosidl_typesupport_introspection_c
[1.371s] [ 70%] Built target msg_interface__rosidl_typesupport_c
[1.465s] [ 70%] Built target msg_interface
[1.578s] [ 74%] Built target msg_interface__py
[1.747s] [ 80%] Built target msg_interface__rosidl_generator_py
[1.932s] [ 87%] Built target msg_interface__rosidl_typesupport_introspection_c__pyext
[1.948s] [ 93%] Built target msg_interface__rosidl_typesupport_c__pyext
[1.961s] [100%] Built target msg_interface__rosidl_typesupport_fastrtps_c__pyext
[3.132s] running egg_info
[3.144s] writing msg_interface.egg-info/PKG-INFO
[3.144s] writing dependency_links to msg_interface.egg-info/dependency_links.txt
[3.145s] writing top-level names to msg_interface.egg-info/top_level.txt
[3.165s] reading manifest file 'msg_interface.egg-info/SOURCES.txt'
[3.169s] writing manifest file 'msg_interface.egg-info/SOURCES.txt'
[3.378s] [100%] Built target ament_cmake_python_build_msg_interface_egg
[3.432s] Invoked command in '/home/ubuntu/Documents/EMBR-Bot/ros2_ws/build/msg_interface' returned '0': CMAKE_PREFIX_PATH=/opt/ros/humble /usr/bin/cmake --build /home/ubuntu/Documents/EMBR-Bot/ros2_ws/build/msg_interface -- -j4 -l4
[3.739s] Invoking command in '/home/ubuntu/Documents/EMBR-Bot/ros2_ws/build/msg_interface': CMAKE_PREFIX_PATH=/opt/ros/humble /usr/bin/cmake --install /home/ubuntu/Documents/EMBR-Bot/ros2_ws/build/msg_interface
[3.782s] -- Install configuration: ""
[3.788s] -- Up-to-date: /home/ubuntu/Documents/EMBR-Bot/ros2_ws/install/msg_interface/share/ament_index/resource_index/rosidl_interfaces/msg_interface
[3.790s] -- Up-to-date: /home/ubuntu/Documents/EMBR-Bot/ros2_ws/install/msg_interface/include/msg_interface/msg_interface
[3.790s] -- Up-to-date: /home/ubuntu/Documents/EMBR-Bot/ros2_ws/install/msg_interface/include/msg_interface/msg_interface/msg
[3.791s] -- Up-to-date: /home/ubuntu/Documents/EMBR-Bot/ros2_ws/install/msg_interface/include/msg_interface/msg_interface/msg/gps.h
[3.792s] -- Up-to-date: /home/ubuntu/Documents/EMBR-Bot/ros2_ws/install/msg_interface/include/msg_interface/msg_interface/msg/detail
[3.793s] -- Up-to-date: /home/ubuntu/Documents/EMBR-Bot/ros2_ws/install/msg_interface/include/msg_interface/msg_interface/msg/detail/gps__functions.h
[3.794s] -- Up-to-date: /home/ubuntu/Documents/EMBR-Bot/ros2_ws/install/msg_interface/include/msg_interface/msg_interface/msg/detail/gps__struct.h
[3.794s] -- Up-to-date: /home/ubuntu/Documents/EMBR-Bot/ros2_ws/install/msg_interface/include/msg_interface/msg_interface/msg/detail/gps__functions.c
[3.795s] -- Up-to-date: /home/ubuntu/Documents/EMBR-Bot/ros2_ws/install/msg_interface/include/msg_interface/msg_interface/msg/detail/gps__type_support.h
[3.796s] -- Up-to-date: /home/ubuntu/Documents/EMBR-Bot/ros2_ws/install/msg_interface/include/msg_interface/msg_interface/msg/rosidl_generator_c__visibility_control.h
[3.797s] -- Up-to-date: /home/ubuntu/Documents/EMBR-Bot/ros2_ws/install/msg_interface/share/msg_interface/environment/library_path.sh
[3.798s] -- Up-to-date: /home/ubuntu/Documents/EMBR-Bot/ros2_ws/install/msg_interface/share/msg_interface/environment/library_path.dsv
[3.798s] -- Up-to-date: /home/ubuntu/Documents/EMBR-Bot/ros2_ws/install/msg_interface/lib/libmsg_interface__rosidl_generator_c.so
[3.799s] -- Up-to-date: /home/ubuntu/Documents/EMBR-Bot/ros2_ws/install/msg_interface/include/msg_interface/msg_interface
[3.801s] -- Up-to-date: /home/ubuntu/Documents/EMBR-Bot/ros2_ws/install/msg_interface/include/msg_interface/msg_interface/msg
[3.802s] -- Up-to-date: /home/ubuntu/Documents/EMBR-Bot/ros2_ws/install/msg_interface/include/msg_interface/msg_interface/msg/detail
[3.803s] -- Up-to-date: /home/ubuntu/Documents/EMBR-Bot/ros2_ws/install/msg_interface/include/msg_interface/msg_interface/msg/detail/gps__rosidl_typesupport_fastrtps_c.h
[3.804s] -- Up-to-date: /home/ubuntu/Documents/EMBR-Bot/ros2_ws/install/msg_interface/include/msg_interface/msg_interface/msg/rosidl_typesupport_fastrtps_c__visibility_control.h
[3.806s] -- Up-to-date: /home/ubuntu/Documents/EMBR-Bot/ros2_ws/install/msg_interface/lib/libmsg_interface__rosidl_typesupport_fastrtps_c.so
[3.807s] -- Up-to-date: /home/ubuntu/Documents/EMBR-Bot/ros2_ws/install/msg_interface/include/msg_interface/msg_interface
[3.808s] -- Up-to-date: /home/ubuntu/Documents/EMBR-Bot/ros2_ws/install/msg_interface/include/msg_interface/msg_interface/msg
[3.809s] -- Up-to-date: /home/ubuntu/Documents/EMBR-Bot/ros2_ws/install/msg_interface/include/msg_interface/msg_interface/msg/detail
[3.810s] -- Up-to-date: /home/ubuntu/Documents/EMBR-Bot/ros2_ws/install/msg_interface/include/msg_interface/msg_interface/msg/detail/gps__rosidl_typesupport_introspection_c.h
[3.811s] -- Up-to-date: /home/ubuntu/Documents/EMBR-Bot/ros2_ws/install/msg_interface/include/msg_interface/msg_interface/msg/detail/gps__type_support.c
[3.812s] -- Up-to-date: /home/ubuntu/Documents/EMBR-Bot/ros2_ws/install/msg_interface/include/msg_interface/msg_interface/msg/rosidl_typesupport_introspection_c__visibility_control.h
[3.813s] -- Up-to-date: /home/ubuntu/Documents/EMBR-Bot/ros2_ws/install/msg_interface/lib/libmsg_interface__rosidl_typesupport_introspection_c.so
[3.813s] -- Up-to-date: /home/ubuntu/Documents/EMBR-Bot/ros2_ws/install/msg_interface/lib/libmsg_interface__rosidl_typesupport_c.so
[3.815s] -- Up-to-date: /home/ubuntu/Documents/EMBR-Bot/ros2_ws/install/msg_interface/include/msg_interface/msg_interface
[3.816s] -- Up-to-date: /home/ubuntu/Documents/EMBR-Bot/ros2_ws/install/msg_interface/include/msg_interface/msg_interface/msg
[3.817s] -- Up-to-date: /home/ubuntu/Documents/EMBR-Bot/ros2_ws/install/msg_interface/include/msg_interface/msg_interface/msg/detail
[3.817s] -- Up-to-date: /home/ubuntu/Documents/EMBR-Bot/ros2_ws/install/msg_interface/include/msg_interface/msg_interface/msg/detail/gps__builder.hpp
[3.818s] -- Up-to-date: /home/ubuntu/Documents/EMBR-Bot/ros2_ws/install/msg_interface/include/msg_interface/msg_interface/msg/detail/gps__struct.hpp
[3.818s] -- Up-to-date: /home/ubuntu/Documents/EMBR-Bot/ros2_ws/install/msg_interface/include/msg_interface/msg_interface/msg/detail/gps__traits.hpp
[3.819s] -- Up-to-date: /home/ubuntu/Documents/EMBR-Bot/ros2_ws/install/msg_interface/include/msg_interface/msg_interface/msg/gps.hpp
[3.819s] -- Up-to-date: /home/ubuntu/Documents/EMBR-Bot/ros2_ws/install/msg_interface/include/msg_interface/msg_interface
[3.820s] -- Up-to-date: /home/ubuntu/Documents/EMBR-Bot/ros2_ws/install/msg_interface/include/msg_interface/msg_interface/msg
[3.821s] -- Up-to-date: /home/ubuntu/Documents/EMBR-Bot/ros2_ws/install/msg_interface/include/msg_interface/msg_interface/msg/rosidl_typesupport_fastrtps_cpp__visibility_control.h
[3.821s] -- Up-to-date: /home/ubuntu/Documents/EMBR-Bot/ros2_ws/install/msg_interface/include/msg_interface/msg_interface/msg/detail
[3.822s] -- Up-to-date: /home/ubuntu/Documents/EMBR-Bot/ros2_ws/install/msg_interface/include/msg_interface/msg_interface/msg/detail/dds_fastrtps
[3.822s] -- Up-to-date: /home/ubuntu/Documents/EMBR-Bot/ros2_ws/install/msg_interface/include/msg_interface/msg_interface/msg/detail/gps__rosidl_typesupport_fastrtps_cpp.hpp
[3.823s] -- Up-to-date: /home/ubuntu/Documents/EMBR-Bot/ros2_ws/install/msg_interface/lib/libmsg_interface__rosidl_typesupport_fastrtps_cpp.so
[3.823s] -- Up-to-date: /home/ubuntu/Documents/EMBR-Bot/ros2_ws/install/msg_interface/include/msg_interface/msg_interface
[3.824s] -- Up-to-date: /home/ubuntu/Documents/EMBR-Bot/ros2_ws/install/msg_interface/include/msg_interface/msg_interface/msg
[3.824s] -- Up-to-date: /home/ubuntu/Documents/EMBR-Bot/ros2_ws/install/msg_interface/include/msg_interface/msg_interface/msg/detail
[3.825s] -- Up-to-date: /home/ubuntu/Documents/EMBR-Bot/ros2_ws/install/msg_interface/include/msg_interface/msg_interface/msg/detail/gps__rosidl_typesupport_introspection_cpp.hpp
[3.825s] -- Up-to-date: /home/ubuntu/Documents/EMBR-Bot/ros2_ws/install/msg_interface/include/msg_interface/msg_interface/msg/detail/gps__type_support.cpp
[3.826s] -- Up-to-date: /home/ubuntu/Documents/EMBR-Bot/ros2_ws/install/msg_interface/lib/libmsg_interface__rosidl_typesupport_introspection_cpp.so
[3.827s] -- Up-to-date: /home/ubuntu/Documents/EMBR-Bot/ros2_ws/install/msg_interface/lib/libmsg_interface__rosidl_typesupport_cpp.so
[3.828s] -- Up-to-date: /home/ubuntu/Documents/EMBR-Bot/ros2_ws/install/msg_interface/share/msg_interface/environment/pythonpath.sh
[3.828s] -- Up-to-date: /home/ubuntu/Documents/EMBR-Bot/ros2_ws/install/msg_interface/share/msg_interface/environment/pythonpath.dsv
[3.829s] -- Up-to-date: /home/ubuntu/Documents/EMBR-Bot/ros2_ws/install/msg_interface/local/lib/python3.10/dist-packages/msg_interface-0.0.0-py3.10.egg-info
[3.830s] -- Installing: /home/ubuntu/Documents/EMBR-Bot/ros2_ws/install/msg_interface/local/lib/python3.10/dist-packages/msg_interface-0.0.0-py3.10.egg-info/dependency_links.txt
[3.830s] -- Installing: /home/ubuntu/Documents/EMBR-Bot/ros2_ws/install/msg_interface/local/lib/python3.10/dist-packages/msg_interface-0.0.0-py3.10.egg-info/PKG-INFO
[3.831s] -- Installing: /home/ubuntu/Documents/EMBR-Bot/ros2_ws/install/msg_interface/local/lib/python3.10/dist-packages/msg_interface-0.0.0-py3.10.egg-info/top_level.txt
[3.831s] -- Installing: /home/ubuntu/Documents/EMBR-Bot/ros2_ws/install/msg_interface/local/lib/python3.10/dist-packages/msg_interface-0.0.0-py3.10.egg-info/SOURCES.txt
[3.832s] -- Up-to-date: /home/ubuntu/Documents/EMBR-Bot/ros2_ws/install/msg_interface/local/lib/python3.10/dist-packages/msg_interface
[3.833s] -- Up-to-date: /home/ubuntu/Documents/EMBR-Bot/ros2_ws/install/msg_interface/local/lib/python3.10/dist-packages/msg_interface/msg
[3.833s] -- Up-to-date: /home/ubuntu/Documents/EMBR-Bot/ros2_ws/install/msg_interface/local/lib/python3.10/dist-packages/msg_interface/msg/_gps_s.c
[3.834s] -- Up-to-date: /home/ubuntu/Documents/EMBR-Bot/ros2_ws/install/msg_interface/local/lib/python3.10/dist-packages/msg_interface/msg/_gps.py
[3.834s] -- Up-to-date: /home/ubuntu/Documents/EMBR-Bot/ros2_ws/install/msg_interface/local/lib/python3.10/dist-packages/msg_interface/msg/__init__.py
[3.835s] -- Up-to-date: /home/ubuntu/Documents/EMBR-Bot/ros2_ws/install/msg_interface/local/lib/python3.10/dist-packages/msg_interface/_msg_interface_s.ep.rosidl_typesupport_c.c
[3.835s] -- Up-to-date: /home/ubuntu/Documents/EMBR-Bot/ros2_ws/install/msg_interface/local/lib/python3.10/dist-packages/msg_interface/_msg_interface_s.ep.rosidl_typesupport_introspection_c.c
[3.836s] -- Up-to-date: /home/ubuntu/Documents/EMBR-Bot/ros2_ws/install/msg_interface/local/lib/python3.10/dist-packages/msg_interface/msg_interface_s__rosidl_typesupport_introspection_c.cpython-310-aarch64-linux-gnu.so
[3.837s] -- Up-to-date: /home/ubuntu/Documents/EMBR-Bot/ros2_ws/install/msg_interface/local/lib/python3.10/dist-packages/msg_interface/_msg_interface_s.ep.rosidl_typesupport_fastrtps_c.c
[3.837s] -- Up-to-date: /home/ubuntu/Documents/EMBR-Bot/ros2_ws/install/msg_interface/local/lib/python3.10/dist-packages/msg_interface/msg_interface_s__rosidl_typesupport_c.cpython-310-aarch64-linux-gnu.so
[3.838s] -- Up-to-date: /home/ubuntu/Documents/EMBR-Bot/ros2_ws/install/msg_interface/local/lib/python3.10/dist-packages/msg_interface/msg_interface_s__rosidl_typesupport_fastrtps_c.cpython-310-aarch64-linux-gnu.so
[3.838s] -- Up-to-date: /home/ubuntu/Documents/EMBR-Bot/ros2_ws/install/msg_interface/local/lib/python3.10/dist-packages/msg_interface/__init__.py
[3.839s] -- Up-to-date: /home/ubuntu/Documents/EMBR-Bot/ros2_ws/install/msg_interface/local/lib/python3.10/dist-packages/msg_interface/libmsg_interface__rosidl_generator_py.so
[4.033s] Listing '/home/ubuntu/Documents/EMBR-Bot/ros2_ws/install/msg_interface/local/lib/python3.10/dist-packages/msg_interface'...
[4.033s] Listing '/home/ubuntu/Documents/EMBR-Bot/ros2_ws/install/msg_interface/local/lib/python3.10/dist-packages/msg_interface/msg'...
[4.080s] -- Up-to-date: /home/ubuntu/Documents/EMBR-Bot/ros2_ws/install/msg_interface/local/lib/python3.10/dist-packages/msg_interface/msg_interface_s__rosidl_typesupport_fastrtps_c.cpython-310-aarch64-linux-gnu.so
[4.104s] -- Up-to-date: /home/ubuntu/Documents/EMBR-Bot/ros2_ws/install/msg_interface/local/lib/python3.10/dist-packages/msg_interface/msg_interface_s__rosidl_typesupport_introspection_c.cpython-310-aarch64-linux-gnu.so
[4.105s] -- Up-to-date: /home/ubuntu/Documents/EMBR-Bot/ros2_ws/install/msg_interface/local/lib/python3.10/dist-packages/msg_interface/msg_interface_s__rosidl_typesupport_c.cpython-310-aarch64-linux-gnu.so
[4.106s] -- Up-to-date: /home/ubuntu/Documents/EMBR-Bot/ros2_ws/install/msg_interface/lib/libmsg_interface__rosidl_generator_py.so
[4.107s] -- Up-to-date: /home/ubuntu/Documents/EMBR-Bot/ros2_ws/install/msg_interface/share/msg_interface/msg/Gps.idl
[4.107s] -- Up-to-date: /home/ubuntu/Documents/EMBR-Bot/ros2_ws/install/msg_interface/share/msg_interface/msg/Gps.msg
[4.108s] -- Up-to-date: /home/ubuntu/Documents/EMBR-Bot/ros2_ws/install/msg_interface/share/ament_index/resource_index/package_run_dependencies/msg_interface
[4.112s] -- Up-to-date: /home/ubuntu/Documents/EMBR-Bot/ros2_ws/install/msg_interface/share/ament_index/resource_index/parent_prefix_path/msg_interface
[4.113s] -- Up-to-date: /home/ubuntu/Documents/EMBR-Bot/ros2_ws/install/msg_interface/share/msg_interface/environment/ament_prefix_path.sh
[4.113s] -- Up-to-date: /home/ubuntu/Documents/EMBR-Bot/ros2_ws/install/msg_interface/share/msg_interface/environment/ament_prefix_path.dsv
[4.114s] -- Up-to-date: /home/ubuntu/Documents/EMBR-Bot/ros2_ws/install/msg_interface/share/msg_interface/environment/path.sh
[4.115s] -- Up-to-date: /home/ubuntu/Documents/EMBR-Bot/ros2_ws/install/msg_interface/share/msg_interface/environment/path.dsv
[4.115s] -- Up-to-date: /home/ubuntu/Documents/EMBR-Bot/ros2_ws/install/msg_interface/share/msg_interface/local_setup.bash
[4.116s] -- Up-to-date: /home/ubuntu/Documents/EMBR-Bot/ros2_ws/install/msg_interface/share/msg_interface/local_setup.sh
[4.117s] -- Up-to-date: /home/ubuntu/Documents/EMBR-Bot/ros2_ws/install/msg_interface/share/msg_interface/local_setup.zsh
[4.117s] -- Up-to-date: /home/ubuntu/Documents/EMBR-Bot/ros2_ws/install/msg_interface/share/msg_interface/local_setup.dsv
[4.118s] -- Installing: /home/ubuntu/Documents/EMBR-Bot/ros2_ws/install/msg_interface/share/msg_interface/package.dsv
[4.119s] -- Up-to-date: /home/ubuntu/Documents/EMBR-Bot/ros2_ws/install/msg_interface/share/ament_index/resource_index/packages/msg_interface
[4.119s] -- Up-to-date: /home/ubuntu/Documents/EMBR-Bot/ros2_ws/install/msg_interface/share/msg_interface/cmake/export_msg_interface__rosidl_generator_cExport.cmake
[4.120s] -- Up-to-date: /home/ubuntu/Documents/EMBR-Bot/ros2_ws/install/msg_interface/share/msg_interface/cmake/export_msg_interface__rosidl_generator_cExport-noconfig.cmake
[4.121s] -- Up-to-date: /home/ubuntu/Documents/EMBR-Bot/ros2_ws/install/msg_interface/share/msg_interface/cmake/export_msg_interface__rosidl_typesupport_fastrtps_cExport.cmake
[4.121s] -- Up-to-date: /home/ubuntu/Documents/EMBR-Bot/ros2_ws/install/msg_interface/share/msg_interface/cmake/export_msg_interface__rosidl_typesupport_fastrtps_cExport-noconfig.cmake
[4.122s] -- Up-to-date: /home/ubuntu/Documents/EMBR-Bot/ros2_ws/install/msg_interface/share/msg_interface/cmake/msg_interface__rosidl_typesupport_introspection_cExport.cmake
[4.123s] -- Up-to-date: /home/ubuntu/Documents/EMBR-Bot/ros2_ws/install/msg_interface/share/msg_interface/cmake/msg_interface__rosidl_typesupport_introspection_cExport-noconfig.cmake
[4.123s] -- Up-to-date: /home/ubuntu/Documents/EMBR-Bot/ros2_ws/install/msg_interface/share/msg_interface/cmake/msg_interface__rosidl_typesupport_cExport.cmake
[4.125s] -- Up-to-date: /home/ubuntu/Documents/EMBR-Bot/ros2_ws/install/msg_interface/share/msg_interface/cmake/msg_interface__rosidl_typesupport_cExport-noconfig.cmake
[4.126s] -- Up-to-date: /home/ubuntu/Documents/EMBR-Bot/ros2_ws/install/msg_interface/share/msg_interface/cmake/export_msg_interface__rosidl_generator_cppExport.cmake
[4.126s] -- Up-to-date: /home/ubuntu/Documents/EMBR-Bot/ros2_ws/install/msg_interface/share/msg_interface/cmake/export_msg_interface__rosidl_typesupport_fastrtps_cppExport.cmake
[4.127s] -- Up-to-date: /home/ubuntu/Documents/EMBR-Bot/ros2_ws/install/msg_interface/share/msg_interface/cmake/export_msg_interface__rosidl_typesupport_fastrtps_cppExport-noconfig.cmake
[4.128s] -- Up-to-date: /home/ubuntu/Documents/EMBR-Bot/ros2_ws/install/msg_interface/share/msg_interface/cmake/msg_interface__rosidl_typesupport_introspection_cppExport.cmake
[4.128s] -- Up-to-date: /home/ubuntu/Documents/EMBR-Bot/ros2_ws/install/msg_interface/share/msg_interface/cmake/msg_interface__rosidl_typesupport_introspection_cppExport-noconfig.cmake
[4.130s] -- Up-to-date: /home/ubuntu/Documents/EMBR-Bot/ros2_ws/install/msg_interface/share/msg_interface/cmake/msg_interface__rosidl_typesupport_cppExport.cmake
[4.130s] -- Up-to-date: /home/ubuntu/Documents/EMBR-Bot/ros2_ws/install/msg_interface/share/msg_interface/cmake/msg_interface__rosidl_typesupport_cppExport-noconfig.cmake
[4.131s] -- Up-to-date: /home/ubuntu/Documents/EMBR-Bot/ros2_ws/install/msg_interface/share/msg_interface/cmake/export_msg_interface__rosidl_generator_pyExport.cmake
[4.132s] -- Up-to-date: /home/ubuntu/Documents/EMBR-Bot/ros2_ws/install/msg_interface/share/msg_interface/cmake/export_msg_interface__rosidl_generator_pyExport-noconfig.cmake
[4.133s] -- Up-to-date: /home/ubuntu/Documents/EMBR-Bot/ros2_ws/install/msg_interface/share/msg_interface/cmake/rosidl_cmake-extras.cmake
[4.133s] -- Up-to-date: /home/ubuntu/Documents/EMBR-Bot/ros2_ws/install/msg_interface/share/msg_interface/cmake/ament_cmake_export_include_directories-extras.cmake
[4.134s] -- Up-to-date: /home/ubuntu/Documents/EMBR-Bot/ros2_ws/install/msg_interface/share/msg_interface/cmake/ament_cmake_export_libraries-extras.cmake
[4.135s] -- Up-to-date: /home/ubuntu/Documents/EMBR-Bot/ros2_ws/install/msg_interface/share/msg_interface/cmake/ament_cmake_export_targets-extras.cmake
[4.136s] -- Up-to-date: /home/ubuntu/Documents/EMBR-Bot/ros2_ws/install/msg_interface/share/msg_interface/cmake/rosidl_cmake_export_typesupport_targets-extras.cmake
[4.136s] -- Up-to-date: /home/ubuntu/Documents/EMBR-Bot/ros2_ws/install/msg_interface/share/msg_interface/cmake/ament_cmake_export_dependencies-extras.cmake
[4.137s] -- Up-to-date: /home/ubuntu/Documents/EMBR-Bot/ros2_ws/install/msg_interface/share/msg_interface/cmake/rosidl_cmake_export_typesupport_libraries-extras.cmake
[4.138s] -- Up-to-date: /home/ubuntu/Documents/EMBR-Bot/ros2_ws/install/msg_interface/share/msg_interface/cmake/msg_interfaceConfig.cmake
[4.139s] -- Up-to-date: /home/ubuntu/Documents/EMBR-Bot/ros2_ws/install/msg_interface/share/msg_interface/cmake/msg_interfaceConfig-version.cmake
[4.139s] -- Up-to-date: /home/ubuntu/Documents/EMBR-Bot/ros2_ws/install/msg_interface/share/msg_interface/package.xml
[4.172s] Invoked command in '/home/ubuntu/Documents/EMBR-Bot/ros2_ws/build/msg_interface' returned '0': CMAKE_PREFIX_PATH=/opt/ros/humble /usr/bin/cmake --install /home/ubuntu/Documents/EMBR-Bot/ros2_ws/build/msg_interface
