[0.729s] DEBUG:colcon:Command line arguments: ['/usr/bin/colcon', 'build', '--packages-select', 'embr']
[0.730s] DEBUG:colcon:Parsed command line arguments: Namespace(log_base=None, log_level=None, verb_name='build', build_base='build', install_base='install', merge_install=False, symlink_install=False, test_result_base=None, continue_on_error=False, executor='parallel', parallel_workers=4, event_handlers=None, ignore_user_meta=False, metas=['./colcon.meta'], base_paths=['.'], packages_ignore=None, packages_ignore_regex=None, paths=None, packages_up_to=None, packages_up_to_regex=None, packages_above=None, packages_above_and_dependencies=None, packages_above_depth=None, packages_select_by_dep=None, packages_skip_by_dep=None, packages_skip_up_to=None, packages_select_build_failed=False, packages_skip_build_finished=False, packages_select_test_failures=False, packages_skip_test_passed=False, packages_select=['embr'], packages_skip=None, packages_select_regex=None, packages_skip_regex=None, packages_start=None, packages_end=None, allow_overriding=[], cmake_args=None, cmake_target=None, cmake_target_skip_unavailable=False, cmake_clean_cache=False, cmake_clean_first=False, cmake_force_configure=False, ament_cmake_args=None, catkin_cmake_args=None, catkin_skip_building_tests=False, verb_parser=<colcon_defaults.argument_parser.defaults.DefaultArgumentsDecorator object at 0xffffa656c580>, verb_extension=<colcon_core.verb.build.BuildVerb object at 0xffffa66a9180>, main=<bound method BuildVerb.main of <colcon_core.verb.build.BuildVerb object at 0xffffa66a9180>>)
[2.027s] Level 1:colcon.colcon_core.package_discovery:discover_packages(colcon_meta) check parameters
[2.028s] Level 1:colcon.colcon_core.package_discovery:discover_packages(recursive) check parameters
[2.028s] Level 1:colcon.colcon_core.package_discovery:discover_packages(ignore) check parameters
[2.028s] Level 1:colcon.colcon_core.package_discovery:discover_packages(path) check parameters
[2.028s] Level 1:colcon.colcon_core.package_discovery:discover_packages(colcon_meta) discover
[2.029s] Level 1:colcon.colcon_core.package_discovery:discover_packages(recursive) discover
[2.029s] INFO:colcon.colcon_core.package_discovery:Crawling recursively for packages in '/home/ubuntu/Documents/EMBR-Bot/ros2_ws'
[2.029s] Level 1:colcon.colcon_core.package_identification:_identify(.) by extensions ['ignore', 'ignore_ament_install']
[2.030s] Level 1:colcon.colcon_core.package_identification:_identify(.) by extension 'ignore'
[2.030s] Level 1:colcon.colcon_core.package_identification:_identify(.) by extension 'ignore_ament_install'
[2.031s] Level 1:colcon.colcon_core.package_identification:_identify(.) by extensions ['colcon_pkg']
[2.031s] Level 1:colcon.colcon_core.package_identification:_identify(.) by extension 'colcon_pkg'
[2.031s] Level 1:colcon.colcon_core.package_identification:_identify(.) by extensions ['colcon_meta']
[2.032s] Level 1:colcon.colcon_core.package_identification:_identify(.) by extension 'colcon_meta'
[2.032s] Level 1:colcon.colcon_core.package_identification:_identify(.) by extensions ['ros']
[2.032s] Level 1:colcon.colcon_core.package_identification:_identify(.) by extension 'ros'
[2.120s] Level 1:colcon.colcon_core.package_identification:_identify(.) by extensions ['cmake', 'python']
[2.120s] Level 1:colcon.colcon_core.package_identification:_identify(.) by extension 'cmake'
[2.120s] Level 1:colcon.colcon_core.package_identification:_identify(.) by extension 'python'
[2.121s] Level 1:colcon.colcon_core.package_identification:_identify(.) by extensions ['python_setup_py']
[2.121s] Level 1:colcon.colcon_core.package_identification:_identify(.) by extension 'python_setup_py'
[2.122s] Level 1:colcon.colcon_core.package_identification:_identify(build) by extensions ['ignore', 'ignore_ament_install']
[2.122s] Level 1:colcon.colcon_core.package_identification:_identify(build) by extension 'ignore'
[2.123s] Level 1:colcon.colcon_core.package_identification:_identify(build) ignored
[2.124s] Level 1:colcon.colcon_core.package_identification:_identify(install) by extensions ['ignore', 'ignore_ament_install']
[2.124s] Level 1:colcon.colcon_core.package_identification:_identify(install) by extension 'ignore'
[2.125s] Level 1:colcon.colcon_core.package_identification:_identify(install) ignored
[2.126s] Level 1:colcon.colcon_core.package_identification:_identify(log) by extensions ['ignore', 'ignore_ament_install']
[2.126s] Level 1:colcon.colcon_core.package_identification:_identify(log) by extension 'ignore'
[2.127s] Level 1:colcon.colcon_core.package_identification:_identify(log) ignored
[2.127s] Level 1:colcon.colcon_core.package_identification:_identify(src) by extensions ['ignore', 'ignore_ament_install']
[2.128s] Level 1:colcon.colcon_core.package_identification:_identify(src) by extension 'ignore'
[2.128s] Level 1:colcon.colcon_core.package_identification:_identify(src) by extension 'ignore_ament_install'
[2.129s] Level 1:colcon.colcon_core.package_identification:_identify(src) by extensions ['colcon_pkg']
[2.129s] Level 1:colcon.colcon_core.package_identification:_identify(src) by extension 'colcon_pkg'
[2.129s] Level 1:colcon.colcon_core.package_identification:_identify(src) by extensions ['colcon_meta']
[2.129s] Level 1:colcon.colcon_core.package_identification:_identify(src) by extension 'colcon_meta'
[2.130s] Level 1:colcon.colcon_core.package_identification:_identify(src) by extensions ['ros']
[2.130s] Level 1:colcon.colcon_core.package_identification:_identify(src) by extension 'ros'
[2.131s] Level 1:colcon.colcon_core.package_identification:_identify(src) by extensions ['cmake', 'python']
[2.131s] Level 1:colcon.colcon_core.package_identification:_identify(src) by extension 'cmake'
[2.131s] Level 1:colcon.colcon_core.package_identification:_identify(src) by extension 'python'
[2.132s] Level 1:colcon.colcon_core.package_identification:_identify(src) by extensions ['python_setup_py']
[2.132s] Level 1:colcon.colcon_core.package_identification:_identify(src) by extension 'python_setup_py'
[2.133s] Level 1:colcon.colcon_core.package_identification:_identify(src/embr) by extensions ['ignore', 'ignore_ament_install']
[2.133s] Level 1:colcon.colcon_core.package_identification:_identify(src/embr) by extension 'ignore'
[2.134s] Level 1:colcon.colcon_core.package_identification:_identify(src/embr) by extension 'ignore_ament_install'
[2.134s] Level 1:colcon.colcon_core.package_identification:_identify(src/embr) by extensions ['colcon_pkg']
[2.134s] Level 1:colcon.colcon_core.package_identification:_identify(src/embr) by extension 'colcon_pkg'
[2.135s] Level 1:colcon.colcon_core.package_identification:_identify(src/embr) by extensions ['colcon_meta']
[2.135s] Level 1:colcon.colcon_core.package_identification:_identify(src/embr) by extension 'colcon_meta'
[2.135s] Level 1:colcon.colcon_core.package_identification:_identify(src/embr) by extensions ['ros']
[2.135s] Level 1:colcon.colcon_core.package_identification:_identify(src/embr) by extension 'ros'
[2.150s] DEBUG:colcon.colcon_core.package_identification:Package 'src/embr' with type 'ros.ament_python' and name 'embr'
[2.151s] Level 1:colcon.colcon_core.package_discovery:discover_packages(recursive) using defaults
[2.151s] Level 1:colcon.colcon_core.package_discovery:discover_packages(ignore) discover
[2.151s] Level 1:colcon.colcon_core.package_discovery:discover_packages(ignore) using defaults
[2.152s] Level 1:colcon.colcon_core.package_discovery:discover_packages(path) discover
[2.152s] Level 1:colcon.colcon_core.package_discovery:discover_packages(path) using defaults
[2.280s] Level 1:colcon.colcon_core.package_discovery:discover_packages(prefix_path) check parameters
[2.280s] Level 1:colcon.colcon_core.package_discovery:discover_packages(prefix_path) discover
[2.299s] DEBUG:colcon.colcon_installed_package_information.package_discovery:Found 270 installed packages in /opt/ros/humble
[2.400s] Level 1:colcon.colcon_core.package_discovery:discover_packages(prefix_path) using defaults
[2.724s] Level 5:colcon.colcon_core.verb:set package 'embr' build argument 'cmake_args' from command line to 'None'
[2.724s] Level 5:colcon.colcon_core.verb:set package 'embr' build argument 'cmake_target' from command line to 'None'
[2.724s] Level 5:colcon.colcon_core.verb:set package 'embr' build argument 'cmake_target_skip_unavailable' from command line to 'False'
[2.725s] Level 5:colcon.colcon_core.verb:set package 'embr' build argument 'cmake_clean_cache' from command line to 'False'
[2.725s] Level 5:colcon.colcon_core.verb:set package 'embr' build argument 'cmake_clean_first' from command line to 'False'
[2.725s] Level 5:colcon.colcon_core.verb:set package 'embr' build argument 'cmake_force_configure' from command line to 'False'
[2.725s] Level 5:colcon.colcon_core.verb:set package 'embr' build argument 'ament_cmake_args' from command line to 'None'
[2.725s] Level 5:colcon.colcon_core.verb:set package 'embr' build argument 'catkin_cmake_args' from command line to 'None'
[2.726s] Level 5:colcon.colcon_core.verb:set package 'embr' build argument 'catkin_skip_building_tests' from command line to 'False'
[2.726s] DEBUG:colcon.colcon_core.verb:Building package 'embr' with the following arguments: {'ament_cmake_args': None, 'build_base': '/home/ubuntu/Documents/EMBR-Bot/ros2_ws/build/embr', 'catkin_cmake_args': None, 'catkin_skip_building_tests': False, 'cmake_args': None, 'cmake_clean_cache': False, 'cmake_clean_first': False, 'cmake_force_configure': False, 'cmake_target': None, 'cmake_target_skip_unavailable': False, 'install_base': '/home/ubuntu/Documents/EMBR-Bot/ros2_ws/install/embr', 'merge_install': False, 'path': '/home/ubuntu/Documents/EMBR-Bot/ros2_ws/src/embr', 'symlink_install': False, 'test_result_base': None}
[2.727s] INFO:colcon.colcon_core.executor:Executing jobs using 'parallel' executor
[2.732s] DEBUG:colcon.colcon_parallel_executor.executor.parallel:run_until_complete
[2.734s] INFO:colcon.colcon_ros.task.ament_python.build:Building ROS package in '/home/ubuntu/Documents/EMBR-Bot/ros2_ws/src/embr' with build type 'ament_python'
[2.735s] Level 1:colcon.colcon_core.shell:create_environment_hook('embr', 'ament_prefix_path')
[2.746s] INFO:colcon.colcon_core.plugin_system:Skipping extension 'colcon_core.shell.bat': Not used on non-Windows systems
[2.748s] INFO:colcon.colcon_core.shell:Creating environment hook '/home/ubuntu/Documents/EMBR-Bot/ros2_ws/install/embr/share/embr/hook/ament_prefix_path.ps1'
[2.752s] INFO:colcon.colcon_core.shell:Creating environment descriptor '/home/ubuntu/Documents/EMBR-Bot/ros2_ws/install/embr/share/embr/hook/ament_prefix_path.dsv'
[2.756s] INFO:colcon.colcon_core.shell:Creating environment hook '/home/ubuntu/Documents/EMBR-Bot/ros2_ws/install/embr/share/embr/hook/ament_prefix_path.sh'
[2.762s] INFO:colcon.colcon_core.shell:Skip shell extension 'powershell' for command environment: Not usable outside of PowerShell
[2.762s] DEBUG:colcon.colcon_core.shell:Skip shell extension 'dsv' for command environment
[4.810s] INFO:colcon.colcon_core.task.python.build:Building Python package in '/home/ubuntu/Documents/EMBR-Bot/ros2_ws/src/embr'
[4.812s] INFO:colcon.colcon_core.shell:Skip shell extension 'powershell' for command environment: Not usable outside of PowerShell
[4.812s] DEBUG:colcon.colcon_core.shell:Skip shell extension 'dsv' for command environment
[7.543s] DEBUG:colcon.colcon_core.event_handler.log_command:Invoking command in '/home/ubuntu/Documents/EMBR-Bot/ros2_ws/src/embr': PYTHONPATH=/home/ubuntu/Documents/EMBR-Bot/ros2_ws/build/embr/prefix_override:/home/ubuntu/Documents/EMBR-Bot/ros2_ws/install/embr/lib/python3.10/site-packages:${PYTHONPATH} /usr/bin/python3 -W ignore:setup.py install is deprecated setup.py egg_info --egg-base ../../build/embr build --build-base /home/ubuntu/Documents/EMBR-Bot/ros2_ws/build/embr/build install --record /home/ubuntu/Documents/EMBR-Bot/ros2_ws/build/embr/install.log --single-version-externally-managed install_data
[9.826s] Level 1:colcon.colcon_core.environment:checking '/home/ubuntu/Documents/EMBR-Bot/ros2_ws/install/embr' for CMake module files
[9.831s] DEBUG:colcon.colcon_core.event_handler.log_command:Invoked command in '/home/ubuntu/Documents/EMBR-Bot/ros2_ws/src/embr' returned '0': PYTHONPATH=/home/ubuntu/Documents/EMBR-Bot/ros2_ws/build/embr/prefix_override:/home/ubuntu/Documents/EMBR-Bot/ros2_ws/install/embr/lib/python3.10/site-packages:${PYTHONPATH} /usr/bin/python3 -W ignore:setup.py install is deprecated setup.py egg_info --egg-base ../../build/embr build --build-base /home/ubuntu/Documents/EMBR-Bot/ros2_ws/build/embr/build install --record /home/ubuntu/Documents/EMBR-Bot/ros2_ws/build/embr/install.log --single-version-externally-managed install_data
[9.837s] Level 1:colcon.colcon_core.environment:checking '/home/ubuntu/Documents/EMBR-Bot/ros2_ws/install/embr' for CMake config files
[9.842s] Level 1:colcon.colcon_core.environment:checking '/home/ubuntu/Documents/EMBR-Bot/ros2_ws/install/embr/lib'
[9.843s] Level 1:colcon.colcon_core.environment:checking '/home/ubuntu/Documents/EMBR-Bot/ros2_ws/install/embr/bin'
[9.844s] Level 1:colcon.colcon_core.environment:checking '/home/ubuntu/Documents/EMBR-Bot/ros2_ws/install/embr/lib/pkgconfig/embr.pc'
[9.847s] Level 1:colcon.colcon_core.environment:checking '/home/ubuntu/Documents/EMBR-Bot/ros2_ws/install/embr/lib/python3.10/site-packages'
[9.848s] Level 1:colcon.colcon_core.shell:create_environment_hook('embr', 'pythonpath')
[9.850s] INFO:colcon.colcon_core.shell:Creating environment hook '/home/ubuntu/Documents/EMBR-Bot/ros2_ws/install/embr/share/embr/hook/pythonpath.ps1'
[9.854s] INFO:colcon.colcon_core.shell:Creating environment descriptor '/home/ubuntu/Documents/EMBR-Bot/ros2_ws/install/embr/share/embr/hook/pythonpath.dsv'
[9.858s] INFO:colcon.colcon_core.shell:Creating environment hook '/home/ubuntu/Documents/EMBR-Bot/ros2_ws/install/embr/share/embr/hook/pythonpath.sh'
[9.864s] Level 1:colcon.colcon_core.environment:checking '/home/ubuntu/Documents/EMBR-Bot/ros2_ws/install/embr/bin'
[9.864s] Level 1:colcon.colcon_core.environment:create_environment_scripts_only(embr)
[9.867s] INFO:colcon.colcon_core.shell:Creating package script '/home/ubuntu/Documents/EMBR-Bot/ros2_ws/install/embr/share/embr/package.ps1'
[9.875s] INFO:colcon.colcon_core.shell:Creating package descriptor '/home/ubuntu/Documents/EMBR-Bot/ros2_ws/install/embr/share/embr/package.dsv'
[9.881s] INFO:colcon.colcon_core.shell:Creating package script '/home/ubuntu/Documents/EMBR-Bot/ros2_ws/install/embr/share/embr/package.sh'
[9.888s] INFO:colcon.colcon_core.shell:Creating package script '/home/ubuntu/Documents/EMBR-Bot/ros2_ws/install/embr/share/embr/package.bash'
[9.894s] INFO:colcon.colcon_core.shell:Creating package script '/home/ubuntu/Documents/EMBR-Bot/ros2_ws/install/embr/share/embr/package.zsh'
[9.901s] Level 1:colcon.colcon_core.environment:create_file_with_runtime_dependencies(/home/ubuntu/Documents/EMBR-Bot/ros2_ws/install/embr/share/colcon-core/packages/embr)
[9.905s] DEBUG:colcon.colcon_parallel_executor.executor.parallel:closing loop
[9.906s] DEBUG:colcon.colcon_parallel_executor.executor.parallel:loop closed
[9.906s] DEBUG:colcon.colcon_parallel_executor.executor.parallel:run_until_complete finished with '0'
[9.907s] DEBUG:colcon.colcon_core.event_reactor:joining thread
[9.957s] INFO:colcon.colcon_core.plugin_system:Skipping extension 'colcon_notification.desktop_notification.terminal_notifier': Not used on non-Darwin systems
[9.957s] INFO:colcon.colcon_core.plugin_system:Skipping extension 'colcon_notification.desktop_notification.win32': Not used on non-Windows systems
[9.958s] INFO:colcon.colcon_notification.desktop_notification:Sending desktop notification using 'notify2'
[10.058s] DEBUG:colcon.colcon_core.event_reactor:joined thread
[10.061s] INFO:colcon.colcon_core.shell:Creating prefix script '/home/ubuntu/Documents/EMBR-Bot/ros2_ws/install/local_setup.ps1'
[10.069s] INFO:colcon.colcon_core.shell:Creating prefix util module '/home/ubuntu/Documents/EMBR-Bot/ros2_ws/install/_local_setup_util_ps1.py'
[10.085s] INFO:colcon.colcon_core.shell:Creating prefix chain script '/home/ubuntu/Documents/EMBR-Bot/ros2_ws/install/setup.ps1'
[10.096s] INFO:colcon.colcon_core.shell:Creating prefix script '/home/ubuntu/Documents/EMBR-Bot/ros2_ws/install/local_setup.sh'
[10.102s] INFO:colcon.colcon_core.shell:Creating prefix util module '/home/ubuntu/Documents/EMBR-Bot/ros2_ws/install/_local_setup_util_sh.py'
[10.111s] INFO:colcon.colcon_core.shell:Creating prefix chain script '/home/ubuntu/Documents/EMBR-Bot/ros2_ws/install/setup.sh'
[10.122s] INFO:colcon.colcon_core.shell:Creating prefix script '/home/ubuntu/Documents/EMBR-Bot/ros2_ws/install/local_setup.bash'
[10.129s] INFO:colcon.colcon_core.shell:Creating prefix chain script '/home/ubuntu/Documents/EMBR-Bot/ros2_ws/install/setup.bash'
[10.144s] INFO:colcon.colcon_core.shell:Creating prefix script '/home/ubuntu/Documents/EMBR-Bot/ros2_ws/install/local_setup.zsh'
[10.149s] INFO:colcon.colcon_core.shell:Creating prefix chain script '/home/ubuntu/Documents/EMBR-Bot/ros2_ws/install/setup.zsh'
