[0.058s] Invoking command in '/home/ubuntu/Documents/EMBR-Bot/ros2_ws/build/msg_interface': CMAKE_PREFIX_PATH=/home/ubuntu/Documents/EMBR-Bot/ros2_ws/install/embr:/opt/ros/humble /usr/bin/cmake /home/ubuntu/Documents/EMBR-Bot/ros2_ws/src/msg_interface -DCMAKE_INSTALL_PREFIX=/home/ubuntu/Documents/EMBR-Bot/ros2_ws/install/msg_interface
[2.020s] -- The C compiler identification is GNU 11.4.0
[3.680s] -- The CXX compiler identification is GNU 11.4.0
[3.738s] -- Detecting C compiler ABI info
[4.243s] -- Detecting C compiler ABI info - done
[4.320s] -- Check for working C compiler: /usr/bin/cc - skipped
[4.331s] -- Detecting C compile features
[4.345s] -- Detecting C compile features - done
[4.374s] -- Detecting CXX compiler ABI info
[4.944s] -- Detecting CXX compiler ABI info - done
[5.003s] -- Check for working CXX compiler: /usr/bin/c++ - skipped
[5.004s] -- Detecting CXX compile features
[5.007s] -- Detecting CXX compile features - done
[5.065s] -- Found ament_cmake: 1.3.8 (/opt/ros/humble/share/ament_cmake/cmake)
[6.104s] -- Found Python3: /usr/bin/python3 (found version "3.10.12") found components: Interpreter 
[6.936s] -- Found rosidl_default_generators: 1.2.0 (/opt/ros/humble/share/rosidl_default_generators/cmake)
[6.975s] -- Using all available rosidl_typesupport_c: rosidl_typesupport_fastrtps_c;rosidl_typesupport_introspection_c
[7.042s] -- Found rosidl_adapter: 3.1.5 (/opt/ros/humble/share/rosidl_adapter/cmake)
[7.500s] -- Using all available rosidl_typesupport_cpp: rosidl_typesupport_fastrtps_cpp;rosidl_typesupport_introspection_cpp
[9.207s] [31mCMake Error at /opt/ros/humble/share/rosidl_adapter/cmake/rosidl_adapt_interfaces.cmake:59 (message):
[9.208s]   execute_process(/usr/bin/python3 -m rosidl_adapter --package-name
[9.209s]   msg_interface --arguments-file
[9.210s]   /home/ubuntu/Documents/EMBR-Bot/ros2_ws/build/msg_interface/rosidl_adapter__arguments__msg_interface.json
[9.211s]   --output-dir
[9.211s]   /home/ubuntu/Documents/EMBR-Bot/ros2_ws/build/msg_interface/rosidl_adapter/msg_interface
[9.212s]   --output-file
[9.213s]   /home/ubuntu/Documents/EMBR-Bot/ros2_ws/build/msg_interface/rosidl_adapter/msg_interface.idls)
[9.213s]   returned error code 1:
[9.214s] 
[9.215s]   Traceback (most recent call last):
[9.215s] 
[9.217s]     File "/usr/lib/python3.10/runpy.py", line 196, in _run_module_as_main
[9.218s]       return _run_code(code, main_globals, None,
[9.219s]     File "/usr/lib/python3.10/runpy.py", line 86, in _run_code
[9.220s]       exec(code, run_globals)
[9.220s]     File "/opt/ros/humble/local/lib/python3.10/dist-packages/rosidl_adapter/__main__.py", line 19, in <module>
[9.221s]       sys.exit(main())
[9.221s]     File "/opt/ros/humble/local/lib/python3.10/dist-packages/rosidl_adapter/main.py", line 53, in main
[9.222s]       abs_idl_file = convert_to_idl(
[9.222s]     File "/opt/ros/humble/local/lib/python3.10/dist-packages/rosidl_adapter/__init__.py", line 19, in convert_to_idl
[9.223s]       return convert_msg_to_idl(
[9.223s]     File "/opt/ros/humble/local/lib/python3.10/dist-packages/rosidl_adapter/msg/__init__.py", line 28, in convert_msg_to_idl
[9.224s]       msg = parse_message_string(package_name, input_file.stem, content)
[9.225s]     File "/opt/ros/humble/local/lib/python3.10/dist-packages/rosidl_adapter/parser.py", line 544, in parse_message_string
[9.225s]       msg = MessageSpecification(pkg_name, msg_name, fields, constants)
[9.226s]     File "/opt/ros/humble/local/lib/python3.10/dist-packages/rosidl_adapter/parser.py", line 388, in __init__
[9.226s]       self.base_type = BaseType(
[9.227s]     File "/opt/ros/humble/local/lib/python3.10/dist-packages/rosidl_adapter/parser.py", line 205, in __init__
[9.227s]       raise InvalidResourceName(
[9.228s] 
[9.229s]   rosidl_adapter.parser.InvalidResourceName: 'gps_msg' is an invalid message
[9.230s]   name.  It should have the pattern '^[A-Z][A-Za-z0-9]*$'
[9.230s] 
[9.231s] Call Stack (most recent call first):
[9.231s]   /opt/ros/humble/share/rosidl_cmake/cmake/rosidl_generate_interfaces.cmake:130 (rosidl_adapt_interfaces)
[9.232s]   CMakeLists.txt:12 (rosidl_generate_interfaces)
[9.233s] 
[9.234s] [0m
[9.234s] -- Configuring incomplete, errors occurred!
[9.235s] See also "/home/ubuntu/Documents/EMBR-Bot/ros2_ws/build/msg_interface/CMakeFiles/CMakeOutput.log".
[9.266s] Invoked command in '/home/ubuntu/Documents/EMBR-Bot/ros2_ws/build/msg_interface' returned '1': CMAKE_PREFIX_PATH=/home/ubuntu/Documents/EMBR-Bot/ros2_ws/install/embr:/opt/ros/humble /usr/bin/cmake /home/ubuntu/Documents/EMBR-Bot/ros2_ws/src/msg_interface -DCMAKE_INSTALL_PREFIX=/home/ubuntu/Documents/EMBR-Bot/ros2_ws/install/msg_interface
