[0.721s] DEBUG:colcon:Command line arguments: ['/usr/bin/colcon', 'build', '--packages-select', 'msg_interface']
[0.722s] DEBUG:colcon:Parsed command line arguments: Namespace(log_base=None, log_level=None, verb_name='build', build_base='build', install_base='install', merge_install=False, symlink_install=False, test_result_base=None, continue_on_error=False, executor='parallel', parallel_workers=4, event_handlers=None, ignore_user_meta=False, metas=['./colcon.meta'], base_paths=['.'], packages_ignore=None, packages_ignore_regex=None, paths=None, packages_up_to=None, packages_up_to_regex=None, packages_above=None, packages_above_and_dependencies=None, packages_above_depth=None, packages_select_by_dep=None, packages_skip_by_dep=None, packages_skip_up_to=None, packages_select_build_failed=False, packages_skip_build_finished=False, packages_select_test_failures=False, packages_skip_test_passed=False, packages_select=['msg_interface'], packages_skip=None, packages_select_regex=None, packages_skip_regex=None, packages_start=None, packages_end=None, allow_overriding=[], cmake_args=None, cmake_target=None, cmake_target_skip_unavailable=False, cmake_clean_cache=False, cmake_clean_first=False, cmake_force_configure=False, ament_cmake_args=None, catkin_cmake_args=None, catkin_skip_building_tests=False, verb_parser=<colcon_defaults.argument_parser.defaults.DefaultArgumentsDecorator object at 0xffff9c04cc40>, verb_extension=<colcon_core.verb.build.BuildVerb object at 0xffff9c3dd510>, main=<bound method BuildVerb.main of <colcon_core.verb.build.BuildVerb object at 0xffff9c3dd510>>)
[2.127s] Level 1:colcon.colcon_core.package_discovery:discover_packages(colcon_meta) check parameters
[2.128s] Level 1:colcon.colcon_core.package_discovery:discover_packages(recursive) check parameters
[2.128s] Level 1:colcon.colcon_core.package_discovery:discover_packages(ignore) check parameters
[2.128s] Level 1:colcon.colcon_core.package_discovery:discover_packages(path) check parameters
[2.128s] Level 1:colcon.colcon_core.package_discovery:discover_packages(colcon_meta) discover
[2.129s] Level 1:colcon.colcon_core.package_discovery:discover_packages(recursive) discover
[2.129s] INFO:colcon.colcon_core.package_discovery:Crawling recursively for packages in '/home/ubuntu/Documents/EMBR-Bot/ros2_ws'
[2.130s] Level 1:colcon.colcon_core.package_identification:_identify(.) by extensions ['ignore', 'ignore_ament_install']
[2.130s] Level 1:colcon.colcon_core.package_identification:_identify(.) by extension 'ignore'
[2.131s] Level 1:colcon.colcon_core.package_identification:_identify(.) by extension 'ignore_ament_install'
[2.131s] Level 1:colcon.colcon_core.package_identification:_identify(.) by extensions ['colcon_pkg']
[2.131s] Level 1:colcon.colcon_core.package_identification:_identify(.) by extension 'colcon_pkg'
[2.131s] Level 1:colcon.colcon_core.package_identification:_identify(.) by extensions ['colcon_meta']
[2.132s] Level 1:colcon.colcon_core.package_identification:_identify(.) by extension 'colcon_meta'
[2.132s] Level 1:colcon.colcon_core.package_identification:_identify(.) by extensions ['ros']
[2.132s] Level 1:colcon.colcon_core.package_identification:_identify(.) by extension 'ros'
[2.209s] Level 1:colcon.colcon_core.package_identification:_identify(.) by extensions ['cmake', 'python']
[2.209s] Level 1:colcon.colcon_core.package_identification:_identify(.) by extension 'cmake'
[2.210s] Level 1:colcon.colcon_core.package_identification:_identify(.) by extension 'python'
[2.210s] Level 1:colcon.colcon_core.package_identification:_identify(.) by extensions ['python_setup_py']
[2.211s] Level 1:colcon.colcon_core.package_identification:_identify(.) by extension 'python_setup_py'
[2.212s] Level 1:colcon.colcon_core.package_identification:_identify(build) by extensions ['ignore', 'ignore_ament_install']
[2.212s] Level 1:colcon.colcon_core.package_identification:_identify(build) by extension 'ignore'
[2.213s] Level 1:colcon.colcon_core.package_identification:_identify(build) ignored
[2.214s] Level 1:colcon.colcon_core.package_identification:_identify(install) by extensions ['ignore', 'ignore_ament_install']
[2.215s] Level 1:colcon.colcon_core.package_identification:_identify(install) by extension 'ignore'
[2.216s] Level 1:colcon.colcon_core.package_identification:_identify(install) ignored
[2.217s] Level 1:colcon.colcon_core.package_identification:_identify(log) by extensions ['ignore', 'ignore_ament_install']
[2.217s] Level 1:colcon.colcon_core.package_identification:_identify(log) by extension 'ignore'
[2.218s] Level 1:colcon.colcon_core.package_identification:_identify(log) ignored
[2.218s] Level 1:colcon.colcon_core.package_identification:_identify(src) by extensions ['ignore', 'ignore_ament_install']
[2.219s] Level 1:colcon.colcon_core.package_identification:_identify(src) by extension 'ignore'
[2.219s] Level 1:colcon.colcon_core.package_identification:_identify(src) by extension 'ignore_ament_install'
[2.220s] Level 1:colcon.colcon_core.package_identification:_identify(src) by extensions ['colcon_pkg']
[2.220s] Level 1:colcon.colcon_core.package_identification:_identify(src) by extension 'colcon_pkg'
[2.220s] Level 1:colcon.colcon_core.package_identification:_identify(src) by extensions ['colcon_meta']
[2.220s] Level 1:colcon.colcon_core.package_identification:_identify(src) by extension 'colcon_meta'
[2.221s] Level 1:colcon.colcon_core.package_identification:_identify(src) by extensions ['ros']
[2.221s] Level 1:colcon.colcon_core.package_identification:_identify(src) by extension 'ros'
[2.222s] Level 1:colcon.colcon_core.package_identification:_identify(src) by extensions ['cmake', 'python']
[2.222s] Level 1:colcon.colcon_core.package_identification:_identify(src) by extension 'cmake'
[2.222s] Level 1:colcon.colcon_core.package_identification:_identify(src) by extension 'python'
[2.222s] Level 1:colcon.colcon_core.package_identification:_identify(src) by extensions ['python_setup_py']
[2.222s] Level 1:colcon.colcon_core.package_identification:_identify(src) by extension 'python_setup_py'
[2.223s] Level 1:colcon.colcon_core.package_identification:_identify(src/embr) by extensions ['ignore', 'ignore_ament_install']
[2.224s] Level 1:colcon.colcon_core.package_identification:_identify(src/embr) by extension 'ignore'
[2.224s] Level 1:colcon.colcon_core.package_identification:_identify(src/embr) by extension 'ignore_ament_install'
[2.225s] Level 1:colcon.colcon_core.package_identification:_identify(src/embr) by extensions ['colcon_pkg']
[2.225s] Level 1:colcon.colcon_core.package_identification:_identify(src/embr) by extension 'colcon_pkg'
[2.225s] Level 1:colcon.colcon_core.package_identification:_identify(src/embr) by extensions ['colcon_meta']
[2.225s] Level 1:colcon.colcon_core.package_identification:_identify(src/embr) by extension 'colcon_meta'
[2.226s] Level 1:colcon.colcon_core.package_identification:_identify(src/embr) by extensions ['ros']
[2.226s] Level 1:colcon.colcon_core.package_identification:_identify(src/embr) by extension 'ros'
[2.241s] DEBUG:colcon.colcon_core.package_identification:Package 'src/embr' with type 'ros.ament_python' and name 'embr'
[2.242s] Level 1:colcon.colcon_core.package_identification:_identify(src/msg_interface) by extensions ['ignore', 'ignore_ament_install']
[2.242s] Level 1:colcon.colcon_core.package_identification:_identify(src/msg_interface) by extension 'ignore'
[2.243s] Level 1:colcon.colcon_core.package_identification:_identify(src/msg_interface) by extension 'ignore_ament_install'
[2.243s] Level 1:colcon.colcon_core.package_identification:_identify(src/msg_interface) by extensions ['colcon_pkg']
[2.243s] Level 1:colcon.colcon_core.package_identification:_identify(src/msg_interface) by extension 'colcon_pkg'
[2.244s] Level 1:colcon.colcon_core.package_identification:_identify(src/msg_interface) by extensions ['colcon_meta']
[2.244s] Level 1:colcon.colcon_core.package_identification:_identify(src/msg_interface) by extension 'colcon_meta'
[2.244s] Level 1:colcon.colcon_core.package_identification:_identify(src/msg_interface) by extensions ['ros']
[2.244s] Level 1:colcon.colcon_core.package_identification:_identify(src/msg_interface) by extension 'ros'
[2.248s] DEBUG:colcon.colcon_core.package_identification:Package 'src/msg_interface' with type 'ros.ament_cmake' and name 'msg_interface'
[2.248s] Level 1:colcon.colcon_core.package_discovery:discover_packages(recursive) using defaults
[2.249s] Level 1:colcon.colcon_core.package_discovery:discover_packages(ignore) discover
[2.249s] Level 1:colcon.colcon_core.package_discovery:discover_packages(ignore) using defaults
[2.249s] Level 1:colcon.colcon_core.package_discovery:discover_packages(path) discover
[2.249s] Level 1:colcon.colcon_core.package_discovery:discover_packages(path) using defaults
[2.457s] INFO:colcon.colcon_core.package_selection:Skipping not selected package 'embr' in 'src/embr'
[2.460s] Level 1:colcon.colcon_core.package_discovery:discover_packages(prefix_path) check parameters
[2.460s] Level 1:colcon.colcon_core.package_discovery:discover_packages(prefix_path) discover
[2.472s] DEBUG:colcon.colcon_installed_package_information.package_discovery:Found 2 installed packages in /home/ubuntu/Documents/EMBR-Bot/ros2_ws/install
[2.482s] DEBUG:colcon.colcon_installed_package_information.package_discovery:Found 270 installed packages in /opt/ros/humble
[2.496s] Level 1:colcon.colcon_core.package_discovery:discover_packages(prefix_path) using defaults
[2.814s] Level 5:colcon.colcon_core.verb:set package 'msg_interface' build argument 'cmake_args' from command line to 'None'
[2.814s] Level 5:colcon.colcon_core.verb:set package 'msg_interface' build argument 'cmake_target' from command line to 'None'
[2.815s] Level 5:colcon.colcon_core.verb:set package 'msg_interface' build argument 'cmake_target_skip_unavailable' from command line to 'False'
[2.815s] Level 5:colcon.colcon_core.verb:set package 'msg_interface' build argument 'cmake_clean_cache' from command line to 'False'
[2.815s] Level 5:colcon.colcon_core.verb:set package 'msg_interface' build argument 'cmake_clean_first' from command line to 'False'
[2.815s] Level 5:colcon.colcon_core.verb:set package 'msg_interface' build argument 'cmake_force_configure' from command line to 'False'
[2.816s] Level 5:colcon.colcon_core.verb:set package 'msg_interface' build argument 'ament_cmake_args' from command line to 'None'
[2.816s] Level 5:colcon.colcon_core.verb:set package 'msg_interface' build argument 'catkin_cmake_args' from command line to 'None'
[2.816s] Level 5:colcon.colcon_core.verb:set package 'msg_interface' build argument 'catkin_skip_building_tests' from command line to 'False'
[2.816s] DEBUG:colcon.colcon_core.verb:Building package 'msg_interface' with the following arguments: {'ament_cmake_args': None, 'build_base': '/home/ubuntu/Documents/EMBR-Bot/ros2_ws/build/msg_interface', 'catkin_cmake_args': None, 'catkin_skip_building_tests': False, 'cmake_args': None, 'cmake_clean_cache': False, 'cmake_clean_first': False, 'cmake_force_configure': False, 'cmake_target': None, 'cmake_target_skip_unavailable': False, 'install_base': '/home/ubuntu/Documents/EMBR-Bot/ros2_ws/install/msg_interface', 'merge_install': False, 'path': '/home/ubuntu/Documents/EMBR-Bot/ros2_ws/src/msg_interface', 'symlink_install': False, 'test_result_base': None}
[2.817s] INFO:colcon.colcon_core.executor:Executing jobs using 'parallel' executor
[2.823s] DEBUG:colcon.colcon_parallel_executor.executor.parallel:run_until_complete
[2.824s] INFO:colcon.colcon_ros.task.ament_cmake.build:Building ROS package in '/home/ubuntu/Documents/EMBR-Bot/ros2_ws/src/msg_interface' with build type 'ament_cmake'
[2.825s] INFO:colcon.colcon_cmake.task.cmake.build:Building CMake package in '/home/ubuntu/Documents/EMBR-Bot/ros2_ws/src/msg_interface'
[2.837s] INFO:colcon.colcon_core.plugin_system:Skipping extension 'colcon_core.shell.bat': Not used on non-Windows systems
[2.839s] INFO:colcon.colcon_core.shell:Skip shell extension 'powershell' for command environment: Not usable outside of PowerShell
[2.839s] DEBUG:colcon.colcon_core.shell:Skip shell extension 'dsv' for command environment
[2.886s] DEBUG:colcon.colcon_core.event_handler.log_command:Invoking command in '/home/ubuntu/Documents/EMBR-Bot/ros2_ws/build/msg_interface': CMAKE_PREFIX_PATH=/home/ubuntu/Documents/EMBR-Bot/ros2_ws/install/embr:/opt/ros/humble /usr/bin/cmake /home/ubuntu/Documents/EMBR-Bot/ros2_ws/src/msg_interface -DCMAKE_INSTALL_PREFIX=/home/ubuntu/Documents/EMBR-Bot/ros2_ws/install/msg_interface
[12.093s] DEBUG:colcon.colcon_core.event_handler.log_command:Invoked command in '/home/ubuntu/Documents/EMBR-Bot/ros2_ws/build/msg_interface' returned '1': CMAKE_PREFIX_PATH=/home/ubuntu/Documents/EMBR-Bot/ros2_ws/install/embr:/opt/ros/humble /usr/bin/cmake /home/ubuntu/Documents/EMBR-Bot/ros2_ws/src/msg_interface -DCMAKE_INSTALL_PREFIX=/home/ubuntu/Documents/EMBR-Bot/ros2_ws/install/msg_interface
[12.170s] Level 1:colcon.colcon_core.environment:create_environment_scripts_only(msg_interface)
[12.186s] Level 1:colcon.colcon_core.environment:checking '/home/ubuntu/Documents/EMBR-Bot/ros2_ws/install/msg_interface' for CMake module files
[12.190s] Level 1:colcon.colcon_core.environment:checking '/home/ubuntu/Documents/EMBR-Bot/ros2_ws/install/msg_interface' for CMake config files
[12.193s] Level 1:colcon.colcon_core.environment:checking '/home/ubuntu/Documents/EMBR-Bot/ros2_ws/install/msg_interface/bin'
[12.194s] Level 1:colcon.colcon_core.environment:checking '/home/ubuntu/Documents/EMBR-Bot/ros2_ws/install/msg_interface/lib/pkgconfig/msg_interface.pc'
[12.196s] Level 1:colcon.colcon_core.environment:checking '/home/ubuntu/Documents/EMBR-Bot/ros2_ws/install/msg_interface/lib/python3.10/site-packages'
[12.197s] Level 1:colcon.colcon_core.environment:checking '/home/ubuntu/Documents/EMBR-Bot/ros2_ws/install/msg_interface/bin'
[12.199s] INFO:colcon.colcon_core.shell:Creating package script '/home/ubuntu/Documents/EMBR-Bot/ros2_ws/install/msg_interface/share/msg_interface/package.ps1'
[12.205s] INFO:colcon.colcon_core.shell:Creating package descriptor '/home/ubuntu/Documents/EMBR-Bot/ros2_ws/install/msg_interface/share/msg_interface/package.dsv'
[12.208s] INFO:colcon.colcon_core.shell:Creating package script '/home/ubuntu/Documents/EMBR-Bot/ros2_ws/install/msg_interface/share/msg_interface/package.sh'
[12.213s] INFO:colcon.colcon_core.shell:Creating package script '/home/ubuntu/Documents/EMBR-Bot/ros2_ws/install/msg_interface/share/msg_interface/package.bash'
[12.219s] INFO:colcon.colcon_core.shell:Creating package script '/home/ubuntu/Documents/EMBR-Bot/ros2_ws/install/msg_interface/share/msg_interface/package.zsh'
[12.224s] Level 1:colcon.colcon_core.environment:create_file_with_runtime_dependencies(/home/ubuntu/Documents/EMBR-Bot/ros2_ws/install/msg_interface/share/colcon-core/packages/msg_interface)
[12.236s] DEBUG:colcon.colcon_parallel_executor.executor.parallel:closing loop
[12.237s] DEBUG:colcon.colcon_parallel_executor.executor.parallel:loop closed
[12.237s] DEBUG:colcon.colcon_parallel_executor.executor.parallel:run_until_complete finished with '1'
[12.238s] DEBUG:colcon.colcon_core.event_reactor:joining thread
[12.265s] INFO:colcon.colcon_core.plugin_system:Skipping extension 'colcon_notification.desktop_notification.terminal_notifier': Not used on non-Darwin systems
[12.266s] INFO:colcon.colcon_core.plugin_system:Skipping extension 'colcon_notification.desktop_notification.win32': Not used on non-Windows systems
[12.266s] INFO:colcon.colcon_notification.desktop_notification:Sending desktop notification using 'notify2'
[12.337s] DEBUG:colcon.colcon_core.event_reactor:joined thread
[12.340s] INFO:colcon.colcon_core.shell:Creating prefix script '/home/ubuntu/Documents/EMBR-Bot/ros2_ws/install/local_setup.ps1'
[12.347s] INFO:colcon.colcon_core.shell:Creating prefix util module '/home/ubuntu/Documents/EMBR-Bot/ros2_ws/install/_local_setup_util_ps1.py'
[12.358s] INFO:colcon.colcon_core.shell:Creating prefix chain script '/home/ubuntu/Documents/EMBR-Bot/ros2_ws/install/setup.ps1'
[12.365s] INFO:colcon.colcon_core.shell:Creating prefix script '/home/ubuntu/Documents/EMBR-Bot/ros2_ws/install/local_setup.sh'
[12.370s] INFO:colcon.colcon_core.shell:Creating prefix util module '/home/ubuntu/Documents/EMBR-Bot/ros2_ws/install/_local_setup_util_sh.py'
[12.374s] INFO:colcon.colcon_core.shell:Creating prefix chain script '/home/ubuntu/Documents/EMBR-Bot/ros2_ws/install/setup.sh'
[12.382s] INFO:colcon.colcon_core.shell:Creating prefix script '/home/ubuntu/Documents/EMBR-Bot/ros2_ws/install/local_setup.bash'
[12.386s] INFO:colcon.colcon_core.shell:Creating prefix chain script '/home/ubuntu/Documents/EMBR-Bot/ros2_ws/install/setup.bash'
[12.394s] INFO:colcon.colcon_core.shell:Creating prefix script '/home/ubuntu/Documents/EMBR-Bot/ros2_ws/install/local_setup.zsh'
[12.399s] INFO:colcon.colcon_core.shell:Creating prefix chain script '/home/ubuntu/Documents/EMBR-Bot/ros2_ws/install/setup.zsh'
