[4.631s] Invoking command in '/home/ubuntu/Documents/EMBR-Bot/ros2_ws/src/embr': PYTHONPATH=/home/ubuntu/Documents/EMBR-Bot/ros2_ws/build/embr/prefix_override:/home/ubuntu/Documents/EMBR-Bot/ros2_ws/install/embr/lib/python3.10/site-packages:${PYTHONPATH} /usr/bin/python3 -W ignore:setup.py install is deprecated setup.py egg_info --egg-base ../../build/embr build --build-base /home/ubuntu/Documents/EMBR-Bot/ros2_ws/build/embr/build install --record /home/ubuntu/Documents/EMBR-Bot/ros2_ws/build/embr/install.log --single-version-externally-managed install_data
[6.400s] running egg_info
[6.406s] writing ../../build/embr/embr.egg-info/PKG-INFO
[6.408s] writing dependency_links to ../../build/embr/embr.egg-info/dependency_links.txt
[6.409s] writing entry points to ../../build/embr/embr.egg-info/entry_points.txt
[6.410s] writing requirements to ../../build/embr/embr.egg-info/requires.txt
[6.411s] writing top-level names to ../../build/embr/embr.egg-info/top_level.txt
[6.424s] reading manifest file '../../build/embr/embr.egg-info/SOURCES.txt'
[6.425s] adding license file 'LICENSE'
[6.430s] writing manifest file '../../build/embr/embr.egg-info/SOURCES.txt'
[6.430s] running build
[6.432s] running build_py
[6.433s] copying embr/sendRf.py -> /home/ubuntu/Documents/EMBR-Bot/ros2_ws/build/embr/build/lib/embr
[6.434s] running install
[6.436s] running install_lib
[6.441s] copying /home/ubuntu/Documents/EMBR-Bot/ros2_ws/build/embr/build/lib/embr/sendRf.py -> /home/ubuntu/Documents/EMBR-Bot/ros2_ws/install/embr/lib/python3.10/site-packages/embr
[6.444s] byte-compiling /home/ubuntu/Documents/EMBR-Bot/ros2_ws/install/embr/lib/python3.10/site-packages/embr/sendRf.py to sendRf.cpython-310.pyc
[6.448s] running install_data
[6.449s] running install_egg_info
[6.459s] removing '/home/ubuntu/Documents/EMBR-Bot/ros2_ws/install/embr/lib/python3.10/site-packages/embr-0.0.0-py3.10.egg-info' (and everything under it)
[6.461s] Copying ../../build/embr/embr.egg-info to /home/ubuntu/Documents/EMBR-Bot/ros2_ws/install/embr/lib/python3.10/site-packages/embr-0.0.0-py3.10.egg-info
[6.466s] running install_scripts
[6.603s] Installing listener script to /home/ubuntu/Documents/EMBR-Bot/ros2_ws/install/embr/lib/embr
[6.604s] Installing talker script to /home/ubuntu/Documents/EMBR-Bot/ros2_ws/install/embr/lib/embr
[6.607s] writing list of installed files to '/home/ubuntu/Documents/EMBR-Bot/ros2_ws/build/embr/install.log'
[6.815s] Invoked command in '/home/ubuntu/Documents/EMBR-Bot/ros2_ws/src/embr' returned '0': PYTHONPATH=/home/ubuntu/Documents/EMBR-Bot/ros2_ws/build/embr/prefix_override:/home/ubuntu/Documents/EMBR-Bot/ros2_ws/install/embr/lib/python3.10/site-packages:${PYTHONPATH} /usr/bin/python3 -W ignore:setup.py install is deprecated setup.py egg_info --egg-base ../../build/embr build --build-base /home/ubuntu/Documents/EMBR-Bot/ros2_ws/build/embr/build install --record /home/ubuntu/Documents/EMBR-Bot/ros2_ws/build/embr/install.log --single-version-externally-managed install_data
