running develop
Removing /home/ubuntu/Documents/EMBR-Bot/ros2_ws/install/embr/lib/python3.10/site-packages/embr.egg-link (link to .)
running egg_info
writing ../../build/embr/embr.egg-info/PKG-INFO
writing dependency_links to ../../build/embr/embr.egg-info/dependency_links.txt
writing entry points to ../../build/embr/embr.egg-info/entry_points.txt
writing requirements to ../../build/embr/embr.egg-info/requires.txt
writing top-level names to ../../build/embr/embr.egg-info/top_level.txt
reading manifest file '../../build/embr/embr.egg-info/SOURCES.txt'
adding license file 'LICENSE'
writing manifest file '../../build/embr/embr.egg-info/SOURCES.txt'
running build
running build_py
creating /home/ubuntu/Documents/EMBR-Bot/ros2_ws/build/embr/build
creating /home/ubuntu/Documents/EMBR-Bot/ros2_ws/build/embr/build/lib
creating /home/ubuntu/Documents/EMBR-Bot/ros2_ws/build/embr/build/lib/embr
copying embr/getDronekit.py -> /home/ubuntu/Documents/EMBR-Bot/ros2_ws/build/embr/build/lib/embr
copying embr/__init__.py -> /home/ubuntu/Documents/EMBR-Bot/ros2_ws/build/embr/build/lib/embr
copying embr/sendRf.py -> /home/ubuntu/Documents/EMBR-Bot/ros2_ws/build/embr/build/lib/embr
running install
running install_lib
creating /home/ubuntu/Documents/EMBR-Bot/ros2_ws/install/embr/lib/python3.10/site-packages/embr
copying /home/ubuntu/Documents/EMBR-Bot/ros2_ws/build/embr/build/lib/embr/getDronekit.py -> /home/ubuntu/Documents/EMBR-Bot/ros2_ws/install/embr/lib/python3.10/site-packages/embr
copying /home/ubuntu/Documents/EMBR-Bot/ros2_ws/build/embr/build/lib/embr/__init__.py -> /home/ubuntu/Documents/EMBR-Bot/ros2_ws/install/embr/lib/python3.10/site-packages/embr
copying /home/ubuntu/Documents/EMBR-Bot/ros2_ws/build/embr/build/lib/embr/sendRf.py -> /home/ubuntu/Documents/EMBR-Bot/ros2_ws/install/embr/lib/python3.10/site-packages/embr
byte-compiling /home/ubuntu/Documents/EMBR-Bot/ros2_ws/install/embr/lib/python3.10/site-packages/embr/getDronekit.py to getDronekit.cpython-310.pyc
byte-compiling /home/ubuntu/Documents/EMBR-Bot/ros2_ws/install/embr/lib/python3.10/site-packages/embr/__init__.py to __init__.cpython-310.pyc
byte-compiling /home/ubuntu/Documents/EMBR-Bot/ros2_ws/install/embr/lib/python3.10/site-packages/embr/sendRf.py to sendRf.cpython-310.pyc
running install_data
copying resource/embr -> /home/ubuntu/Documents/EMBR-Bot/ros2_ws/install/embr/share/ament_index/resource_index/packages
copying package.xml -> /home/ubuntu/Documents/EMBR-Bot/ros2_ws/install/embr/share/embr
running install_egg_info
Copying ../../build/embr/embr.egg-info to /home/ubuntu/Documents/EMBR-Bot/ros2_ws/install/embr/lib/python3.10/site-packages/embr-0.0.0-py3.10.egg-info
running install_scripts
Installing listener script to /home/ubuntu/Documents/EMBR-Bot/ros2_ws/install/embr/lib/embr
Installing talker script to /home/ubuntu/Documents/EMBR-Bot/ros2_ws/install/embr/lib/embr
writing list of installed files to '/home/ubuntu/Documents/EMBR-Bot/ros2_ws/build/embr/install.log'
