[5.474s] Invoking command in '/home/ubuntu/Documents/EMBR-Bot/ros2_ws/build/embr': PYTHONPATH=/home/ubuntu/Documents/EMBR-Bot/ros2_ws/build/embr/prefix_override:/home/ubuntu/Documents/EMBR-Bot/ros2_ws/install/embr/lib/python3.10/site-packages:${PYTHONPATH} /usr/bin/python3 -W ignore:setup.py install is deprecated setup.py develop --uninstall --editable --build-directory /home/ubuntu/Documents/EMBR-Bot/ros2_ws/build/embr/build
[7.602s] running develop
[7.604s] /usr/lib/python3/dist-packages/setuptools/command/easy_install.py:158: EasyInstallDeprecationWarning: easy_install command is deprecated. Use build and pip and other standards-based tools.
[7.604s]   warnings.warn(
[8.902s] Removing /home/ubuntu/Documents/EMBR-Bot/ros2_ws/install/embr/lib/python3.10/site-packages/embr.egg-link (link to .)
[9.149s] Invoked command in '/home/ubuntu/Documents/EMBR-Bot/ros2_ws/build/embr' returned '0': PYTHONPATH=/home/ubuntu/Documents/EMBR-Bot/ros2_ws/build/embr/prefix_override:/home/ubuntu/Documents/EMBR-Bot/ros2_ws/install/embr/lib/python3.10/site-packages:${PYTHONPATH} /usr/bin/python3 -W ignore:setup.py install is deprecated setup.py develop --uninstall --editable --build-directory /home/ubuntu/Documents/EMBR-Bot/ros2_ws/build/embr/build
[9.159s] Invoking command in '/home/ubuntu/Documents/EMBR-Bot/ros2_ws/src/embr': PYTHONPATH=/home/ubuntu/Documents/EMBR-Bot/ros2_ws/build/embr/prefix_override:/home/ubuntu/Documents/EMBR-Bot/ros2_ws/install/embr/lib/python3.10/site-packages:${PYTHONPATH} /usr/bin/python3 -W ignore:setup.py install is deprecated setup.py egg_info --egg-base ../../build/embr build --build-base /home/ubuntu/Documents/EMBR-Bot/ros2_ws/build/embr/build install --record /home/ubuntu/Documents/EMBR-Bot/ros2_ws/build/embr/install.log --single-version-externally-managed install_data --force
[11.165s] running egg_info
[11.169s] writing ../../build/embr/embr.egg-info/PKG-INFO
[11.171s] writing dependency_links to ../../build/embr/embr.egg-info/dependency_links.txt
[11.172s] writing entry points to ../../build/embr/embr.egg-info/entry_points.txt
[11.173s] writing requirements to ../../build/embr/embr.egg-info/requires.txt
[11.175s] writing top-level names to ../../build/embr/embr.egg-info/top_level.txt
[11.189s] reading manifest file '../../build/embr/embr.egg-info/SOURCES.txt'
[11.192s] adding license file 'LICENSE'
[11.195s] writing manifest file '../../build/embr/embr.egg-info/SOURCES.txt'
[11.196s] running build
[11.197s] running build_py
[11.198s] creating /home/ubuntu/Documents/EMBR-Bot/ros2_ws/build/embr/build
[11.199s] creating /home/ubuntu/Documents/EMBR-Bot/ros2_ws/build/embr/build/lib
[11.201s] creating /home/ubuntu/Documents/EMBR-Bot/ros2_ws/build/embr/build/lib/embr
[11.202s] copying embr/getDronekit.py -> /home/ubuntu/Documents/EMBR-Bot/ros2_ws/build/embr/build/lib/embr
[11.203s] copying embr/__init__.py -> /home/ubuntu/Documents/EMBR-Bot/ros2_ws/build/embr/build/lib/embr
[11.204s] copying embr/sendRf.py -> /home/ubuntu/Documents/EMBR-Bot/ros2_ws/build/embr/build/lib/embr
[11.204s] running install
[11.205s] running install_lib
[11.208s] creating /home/ubuntu/Documents/EMBR-Bot/ros2_ws/install/embr/lib/python3.10/site-packages/embr
[11.209s] copying /home/ubuntu/Documents/EMBR-Bot/ros2_ws/build/embr/build/lib/embr/getDronekit.py -> /home/ubuntu/Documents/EMBR-Bot/ros2_ws/install/embr/lib/python3.10/site-packages/embr
[11.210s] copying /home/ubuntu/Documents/EMBR-Bot/ros2_ws/build/embr/build/lib/embr/__init__.py -> /home/ubuntu/Documents/EMBR-Bot/ros2_ws/install/embr/lib/python3.10/site-packages/embr
[11.210s] copying /home/ubuntu/Documents/EMBR-Bot/ros2_ws/build/embr/build/lib/embr/sendRf.py -> /home/ubuntu/Documents/EMBR-Bot/ros2_ws/install/embr/lib/python3.10/site-packages/embr
[11.213s] byte-compiling /home/ubuntu/Documents/EMBR-Bot/ros2_ws/install/embr/lib/python3.10/site-packages/embr/getDronekit.py to getDronekit.cpython-310.pyc
[11.216s] byte-compiling /home/ubuntu/Documents/EMBR-Bot/ros2_ws/install/embr/lib/python3.10/site-packages/embr/__init__.py to __init__.cpython-310.pyc
[11.217s] byte-compiling /home/ubuntu/Documents/EMBR-Bot/ros2_ws/install/embr/lib/python3.10/site-packages/embr/sendRf.py to sendRf.cpython-310.pyc
[11.220s] running install_data
[11.221s] copying resource/embr -> /home/ubuntu/Documents/EMBR-Bot/ros2_ws/install/embr/share/ament_index/resource_index/packages
[11.222s] copying package.xml -> /home/ubuntu/Documents/EMBR-Bot/ros2_ws/install/embr/share/embr
[11.222s] running install_egg_info
[11.233s] Copying ../../build/embr/embr.egg-info to /home/ubuntu/Documents/EMBR-Bot/ros2_ws/install/embr/lib/python3.10/site-packages/embr-0.0.0-py3.10.egg-info
[11.238s] running install_scripts
[11.388s] Installing listener script to /home/ubuntu/Documents/EMBR-Bot/ros2_ws/install/embr/lib/embr
[11.394s] Installing talker script to /home/ubuntu/Documents/EMBR-Bot/ros2_ws/install/embr/lib/embr
[11.395s] writing list of installed files to '/home/ubuntu/Documents/EMBR-Bot/ros2_ws/build/embr/install.log'
[11.665s] Invoked command in '/home/ubuntu/Documents/EMBR-Bot/ros2_ws/src/embr' returned '0': PYTHONPATH=/home/ubuntu/Documents/EMBR-Bot/ros2_ws/build/embr/prefix_override:/home/ubuntu/Documents/EMBR-Bot/ros2_ws/install/embr/lib/python3.10/site-packages:${PYTHONPATH} /usr/bin/python3 -W ignore:setup.py install is deprecated setup.py egg_info --egg-base ../../build/embr build --build-base /home/ubuntu/Documents/EMBR-Bot/ros2_ws/build/embr/build install --record /home/ubuntu/Documents/EMBR-Bot/ros2_ws/build/embr/install.log --single-version-externally-managed install_data --force
