[0.055s] Invoking command in '/home/ubuntu/Documents/EMBR-Bot/ros2_ws/build/msg_interface': CMAKE_PREFIX_PATH=/home/ubuntu/Documents/EMBR-Bot/ros2_ws/install/embr:/opt/ros/humble /usr/bin/cmake /home/ubuntu/Documents/EMBR-Bot/ros2_ws/src/msg_interface -DCMAKE_INSTALL_PREFIX=/home/ubuntu/Documents/EMBR-Bot/ros2_ws/install/msg_interface
[0.123s] -- Found ament_cmake: 1.3.8 (/opt/ros/humble/share/ament_cmake/cmake)
[0.950s] -- Found rosidl_default_generators: 1.2.0 (/opt/ros/humble/share/rosidl_default_generators/cmake)
[0.960s] -- Using all available rosidl_typesupport_c: rosidl_typesupport_fastrtps_c;rosidl_typesupport_introspection_c
[0.982s] -- Found rosidl_adapter: 3.1.5 (/opt/ros/humble/share/rosidl_adapter/cmake)
[1.173s] -- Using all available rosidl_typesupport_cpp: rosidl_typesupport_fastrtps_cpp;rosidl_typesupport_introspection_cpp
[2.471s] [31mCMake Error at /opt/ros/humble/share/rosidl_adapter/cmake/rosidl_adapt_interfaces.cmake:59 (message):
[2.472s]   execute_process(/usr/bin/python3 -m rosidl_adapter --package-name
[2.473s]   msg_interface --arguments-file
[2.473s]   /home/ubuntu/Documents/EMBR-Bot/ros2_ws/build/msg_interface/rosidl_adapter__arguments__msg_interface.json
[2.474s]   --output-dir
[2.474s]   /home/ubuntu/Documents/EMBR-Bot/ros2_ws/build/msg_interface/rosidl_adapter/msg_interface
[2.475s]   --output-file
[2.476s]   /home/ubuntu/Documents/EMBR-Bot/ros2_ws/build/msg_interface/rosidl_adapter/msg_interface.idls)
[2.476s]   returned error code 1:
[2.477s] 
[2.477s]   Traceback (most recent call last):
[2.477s] 
[2.478s]     File "/usr/lib/python3.10/runpy.py", line 196, in _run_module_as_main
[2.478s]       return _run_code(code, main_globals, None,
[2.479s]     File "/usr/lib/python3.10/runpy.py", line 86, in _run_code
[2.479s]       exec(code, run_globals)
[2.480s]     File "/opt/ros/humble/local/lib/python3.10/dist-packages/rosidl_adapter/__main__.py", line 19, in <module>
[2.481s]       sys.exit(main())
[2.481s]     File "/opt/ros/humble/local/lib/python3.10/dist-packages/rosidl_adapter/main.py", line 53, in main
[2.482s]       abs_idl_file = convert_to_idl(
[2.482s]     File "/opt/ros/humble/local/lib/python3.10/dist-packages/rosidl_adapter/__init__.py", line 19, in convert_to_idl
[2.483s]       return convert_msg_to_idl(
[2.484s]     File "/opt/ros/humble/local/lib/python3.10/dist-packages/rosidl_adapter/msg/__init__.py", line 28, in convert_msg_to_idl
[2.484s]       msg = parse_message_string(package_name, input_file.stem, content)
[2.485s]     File "/opt/ros/humble/local/lib/python3.10/dist-packages/rosidl_adapter/parser.py", line 544, in parse_message_string
[2.485s]       msg = MessageSpecification(pkg_name, msg_name, fields, constants)
[2.486s]     File "/opt/ros/humble/local/lib/python3.10/dist-packages/rosidl_adapter/parser.py", line 388, in __init__
[2.486s]       self.base_type = BaseType(
[2.487s]     File "/opt/ros/humble/local/lib/python3.10/dist-packages/rosidl_adapter/parser.py", line 205, in __init__
[2.487s]       raise InvalidResourceName(
[2.488s] 
[2.488s]   rosidl_adapter.parser.InvalidResourceName: 'gps' is an invalid message
[2.489s]   name.  It should have the pattern '^[A-Z][A-Za-z0-9]*$'
[2.489s] 
[2.490s] Call Stack (most recent call first):
[2.490s]   /opt/ros/humble/share/rosidl_cmake/cmake/rosidl_generate_interfaces.cmake:130 (rosidl_adapt_interfaces)
[2.491s]   CMakeLists.txt:12 (rosidl_generate_interfaces)
[2.491s] 
[2.492s] [0m
[2.493s] -- Configuring incomplete, errors occurred!
[2.493s] See also "/home/ubuntu/Documents/EMBR-Bot/ros2_ws/build/msg_interface/CMakeFiles/CMakeOutput.log".
[2.505s] Invoked command in '/home/ubuntu/Documents/EMBR-Bot/ros2_ws/build/msg_interface' returned '1': CMAKE_PREFIX_PATH=/home/ubuntu/Documents/EMBR-Bot/ros2_ws/install/embr:/opt/ros/humble /usr/bin/cmake /home/ubuntu/Documents/EMBR-Bot/ros2_ws/src/msg_interface -DCMAKE_INSTALL_PREFIX=/home/ubuntu/Documents/EMBR-Bot/ros2_ws/install/msg_interface
