[0.708s] DEBUG:colcon:Command line arguments: ['/usr/bin/colcon', 'build']
[0.708s] DEBUG:colcon:Parsed command line arguments: Namespace(log_base=None, log_level=None, verb_name='build', build_base='build', install_base='install', merge_install=False, symlink_install=False, test_result_base=None, continue_on_error=False, executor='parallel', parallel_workers=4, event_handlers=None, ignore_user_meta=False, metas=['./colcon.meta'], base_paths=['.'], packages_ignore=None, packages_ignore_regex=None, paths=None, packages_up_to=None, packages_up_to_regex=None, packages_above=None, packages_above_and_dependencies=None, packages_above_depth=None, packages_select_by_dep=None, packages_skip_by_dep=None, packages_skip_up_to=None, packages_select_build_failed=False, packages_skip_build_finished=False, packages_select_test_failures=False, packages_skip_test_passed=False, packages_select=None, packages_skip=None, packages_select_regex=None, packages_skip_regex=None, packages_start=None, packages_end=None, allow_overriding=[], cmake_args=None, cmake_target=None, cmake_target_skip_unavailable=False, cmake_clean_cache=False, cmake_clean_first=False, cmake_force_configure=False, ament_cmake_args=None, catkin_cmake_args=None, catkin_skip_building_tests=False, verb_parser=<colcon_defaults.argument_parser.defaults.DefaultArgumentsDecorator object at 0xffffa130c8b0>, verb_extension=<colcon_core.verb.build.BuildVerb object at 0xffffa1689180>, main=<bound method BuildVerb.main of <colcon_core.verb.build.BuildVerb object at 0xffffa1689180>>)
[2.144s] Level 1:colcon.colcon_core.package_discovery:discover_packages(colcon_meta) check parameters
[2.145s] Level 1:colcon.colcon_core.package_discovery:discover_packages(recursive) check parameters
[2.145s] Level 1:colcon.colcon_core.package_discovery:discover_packages(ignore) check parameters
[2.145s] Level 1:colcon.colcon_core.package_discovery:discover_packages(path) check parameters
[2.145s] Level 1:colcon.colcon_core.package_discovery:discover_packages(colcon_meta) discover
[2.146s] Level 1:colcon.colcon_core.package_discovery:discover_packages(recursive) discover
[2.146s] INFO:colcon.colcon_core.package_discovery:Crawling recursively for packages in '/home/ubuntu/Documents/EMBR-Bot/ros2_ws'
[2.146s] Level 1:colcon.colcon_core.package_identification:_identify(.) by extensions ['ignore', 'ignore_ament_install']
[2.147s] Level 1:colcon.colcon_core.package_identification:_identify(.) by extension 'ignore'
[2.147s] Level 1:colcon.colcon_core.package_identification:_identify(.) by extension 'ignore_ament_install'
[2.148s] Level 1:colcon.colcon_core.package_identification:_identify(.) by extensions ['colcon_pkg']
[2.148s] Level 1:colcon.colcon_core.package_identification:_identify(.) by extension 'colcon_pkg'
[2.148s] Level 1:colcon.colcon_core.package_identification:_identify(.) by extensions ['colcon_meta']
[2.148s] Level 1:colcon.colcon_core.package_identification:_identify(.) by extension 'colcon_meta'
[2.149s] Level 1:colcon.colcon_core.package_identification:_identify(.) by extensions ['ros']
[2.149s] Level 1:colcon.colcon_core.package_identification:_identify(.) by extension 'ros'
[2.224s] Level 1:colcon.colcon_core.package_identification:_identify(.) by extensions ['cmake', 'python']
[2.224s] Level 1:colcon.colcon_core.package_identification:_identify(.) by extension 'cmake'
[2.225s] Level 1:colcon.colcon_core.package_identification:_identify(.) by extension 'python'
[2.225s] Level 1:colcon.colcon_core.package_identification:_identify(.) by extensions ['python_setup_py']
[2.225s] Level 1:colcon.colcon_core.package_identification:_identify(.) by extension 'python_setup_py'
[2.226s] Level 1:colcon.colcon_core.package_identification:_identify(build) by extensions ['ignore', 'ignore_ament_install']
[2.227s] Level 1:colcon.colcon_core.package_identification:_identify(build) by extension 'ignore'
[2.227s] Level 1:colcon.colcon_core.package_identification:_identify(build) ignored
[2.228s] Level 1:colcon.colcon_core.package_identification:_identify(install) by extensions ['ignore', 'ignore_ament_install']
[2.229s] Level 1:colcon.colcon_core.package_identification:_identify(install) by extension 'ignore'
[2.229s] Level 1:colcon.colcon_core.package_identification:_identify(install) ignored
[2.231s] Level 1:colcon.colcon_core.package_identification:_identify(log) by extensions ['ignore', 'ignore_ament_install']
[2.232s] Level 1:colcon.colcon_core.package_identification:_identify(log) by extension 'ignore'
[2.232s] Level 1:colcon.colcon_core.package_identification:_identify(log) ignored
[2.233s] Level 1:colcon.colcon_core.package_identification:_identify(src) by extensions ['ignore', 'ignore_ament_install']
[2.234s] Level 1:colcon.colcon_core.package_identification:_identify(src) by extension 'ignore'
[2.234s] Level 1:colcon.colcon_core.package_identification:_identify(src) by extension 'ignore_ament_install'
[2.234s] Level 1:colcon.colcon_core.package_identification:_identify(src) by extensions ['colcon_pkg']
[2.235s] Level 1:colcon.colcon_core.package_identification:_identify(src) by extension 'colcon_pkg'
[2.235s] Level 1:colcon.colcon_core.package_identification:_identify(src) by extensions ['colcon_meta']
[2.235s] Level 1:colcon.colcon_core.package_identification:_identify(src) by extension 'colcon_meta'
[2.235s] Level 1:colcon.colcon_core.package_identification:_identify(src) by extensions ['ros']
[2.236s] Level 1:colcon.colcon_core.package_identification:_identify(src) by extension 'ros'
[2.236s] Level 1:colcon.colcon_core.package_identification:_identify(src) by extensions ['cmake', 'python']
[2.236s] Level 1:colcon.colcon_core.package_identification:_identify(src) by extension 'cmake'
[2.237s] Level 1:colcon.colcon_core.package_identification:_identify(src) by extension 'python'
[2.237s] Level 1:colcon.colcon_core.package_identification:_identify(src) by extensions ['python_setup_py']
[2.237s] Level 1:colcon.colcon_core.package_identification:_identify(src) by extension 'python_setup_py'
[2.238s] Level 1:colcon.colcon_core.package_identification:_identify(src/embr) by extensions ['ignore', 'ignore_ament_install']
[2.238s] Level 1:colcon.colcon_core.package_identification:_identify(src/embr) by extension 'ignore'
[2.239s] Level 1:colcon.colcon_core.package_identification:_identify(src/embr) by extension 'ignore_ament_install'
[2.239s] Level 1:colcon.colcon_core.package_identification:_identify(src/embr) by extensions ['colcon_pkg']
[2.239s] Level 1:colcon.colcon_core.package_identification:_identify(src/embr) by extension 'colcon_pkg'
[2.240s] Level 1:colcon.colcon_core.package_identification:_identify(src/embr) by extensions ['colcon_meta']
[2.240s] Level 1:colcon.colcon_core.package_identification:_identify(src/embr) by extension 'colcon_meta'
[2.240s] Level 1:colcon.colcon_core.package_identification:_identify(src/embr) by extensions ['ros']
[2.240s] Level 1:colcon.colcon_core.package_identification:_identify(src/embr) by extension 'ros'
[2.256s] DEBUG:colcon.colcon_core.package_identification:Package 'src/embr' with type 'ros.ament_python' and name 'embr'
[2.257s] Level 1:colcon.colcon_core.package_identification:_identify(src/msg_interface) by extensions ['ignore', 'ignore_ament_install']
[2.257s] Level 1:colcon.colcon_core.package_identification:_identify(src/msg_interface) by extension 'ignore'
[2.258s] Level 1:colcon.colcon_core.package_identification:_identify(src/msg_interface) by extension 'ignore_ament_install'
[2.258s] Level 1:colcon.colcon_core.package_identification:_identify(src/msg_interface) by extensions ['colcon_pkg']
[2.258s] Level 1:colcon.colcon_core.package_identification:_identify(src/msg_interface) by extension 'colcon_pkg'
[2.259s] Level 1:colcon.colcon_core.package_identification:_identify(src/msg_interface) by extensions ['colcon_meta']
[2.259s] Level 1:colcon.colcon_core.package_identification:_identify(src/msg_interface) by extension 'colcon_meta'
[2.259s] Level 1:colcon.colcon_core.package_identification:_identify(src/msg_interface) by extensions ['ros']
[2.259s] Level 1:colcon.colcon_core.package_identification:_identify(src/msg_interface) by extension 'ros'
[2.263s] DEBUG:colcon.colcon_core.package_identification:Package 'src/msg_interface' with type 'ros.ament_cmake' and name 'msg_interface'
[2.263s] Level 1:colcon.colcon_core.package_discovery:discover_packages(recursive) using defaults
[2.264s] Level 1:colcon.colcon_core.package_discovery:discover_packages(ignore) discover
[2.264s] Level 1:colcon.colcon_core.package_discovery:discover_packages(ignore) using defaults
[2.264s] Level 1:colcon.colcon_core.package_discovery:discover_packages(path) discover
[2.264s] Level 1:colcon.colcon_core.package_discovery:discover_packages(path) using defaults
[2.473s] Level 1:colcon.colcon_core.package_discovery:discover_packages(prefix_path) check parameters
[2.473s] Level 1:colcon.colcon_core.package_discovery:discover_packages(prefix_path) discover
[2.491s] DEBUG:colcon.colcon_installed_package_information.package_discovery:Found 270 installed packages in /opt/ros/humble
[2.504s] Level 1:colcon.colcon_core.package_discovery:discover_packages(prefix_path) using defaults
[2.815s] Level 5:colcon.colcon_core.verb:set package 'msg_interface' build argument 'cmake_args' from command line to 'None'
[2.816s] Level 5:colcon.colcon_core.verb:set package 'msg_interface' build argument 'cmake_target' from command line to 'None'
[2.816s] Level 5:colcon.colcon_core.verb:set package 'msg_interface' build argument 'cmake_target_skip_unavailable' from command line to 'False'
[2.816s] Level 5:colcon.colcon_core.verb:set package 'msg_interface' build argument 'cmake_clean_cache' from command line to 'False'
[2.816s] Level 5:colcon.colcon_core.verb:set package 'msg_interface' build argument 'cmake_clean_first' from command line to 'False'
[2.816s] Level 5:colcon.colcon_core.verb:set package 'msg_interface' build argument 'cmake_force_configure' from command line to 'False'
[2.817s] Level 5:colcon.colcon_core.verb:set package 'msg_interface' build argument 'ament_cmake_args' from command line to 'None'
[2.817s] Level 5:colcon.colcon_core.verb:set package 'msg_interface' build argument 'catkin_cmake_args' from command line to 'None'
[2.817s] Level 5:colcon.colcon_core.verb:set package 'msg_interface' build argument 'catkin_skip_building_tests' from command line to 'False'
[2.817s] DEBUG:colcon.colcon_core.verb:Building package 'msg_interface' with the following arguments: {'ament_cmake_args': None, 'build_base': '/home/ubuntu/Documents/EMBR-Bot/ros2_ws/build/msg_interface', 'catkin_cmake_args': None, 'catkin_skip_building_tests': False, 'cmake_args': None, 'cmake_clean_cache': False, 'cmake_clean_first': False, 'cmake_force_configure': False, 'cmake_target': None, 'cmake_target_skip_unavailable': False, 'install_base': '/home/ubuntu/Documents/EMBR-Bot/ros2_ws/install/msg_interface', 'merge_install': False, 'path': '/home/ubuntu/Documents/EMBR-Bot/ros2_ws/src/msg_interface', 'symlink_install': False, 'test_result_base': None}
[2.820s] Level 5:colcon.colcon_core.verb:set package 'embr' build argument 'cmake_args' from command line to 'None'
[2.821s] Level 5:colcon.colcon_core.verb:set package 'embr' build argument 'cmake_target' from command line to 'None'
[2.821s] Level 5:colcon.colcon_core.verb:set package 'embr' build argument 'cmake_target_skip_unavailable' from command line to 'False'
[2.821s] Level 5:colcon.colcon_core.verb:set package 'embr' build argument 'cmake_clean_cache' from command line to 'False'
[2.821s] Level 5:colcon.colcon_core.verb:set package 'embr' build argument 'cmake_clean_first' from command line to 'False'
[2.821s] Level 5:colcon.colcon_core.verb:set package 'embr' build argument 'cmake_force_configure' from command line to 'False'
[2.822s] Level 5:colcon.colcon_core.verb:set package 'embr' build argument 'ament_cmake_args' from command line to 'None'
[2.822s] Level 5:colcon.colcon_core.verb:set package 'embr' build argument 'catkin_cmake_args' from command line to 'None'
[2.822s] Level 5:colcon.colcon_core.verb:set package 'embr' build argument 'catkin_skip_building_tests' from command line to 'False'
[2.822s] DEBUG:colcon.colcon_core.verb:Building package 'embr' with the following arguments: {'ament_cmake_args': None, 'build_base': '/home/ubuntu/Documents/EMBR-Bot/ros2_ws/build/embr', 'catkin_cmake_args': None, 'catkin_skip_building_tests': False, 'cmake_args': None, 'cmake_clean_cache': False, 'cmake_clean_first': False, 'cmake_force_configure': False, 'cmake_target': None, 'cmake_target_skip_unavailable': False, 'install_base': '/home/ubuntu/Documents/EMBR-Bot/ros2_ws/install/embr', 'merge_install': False, 'path': '/home/ubuntu/Documents/EMBR-Bot/ros2_ws/src/embr', 'symlink_install': False, 'test_result_base': None}
[2.823s] INFO:colcon.colcon_core.executor:Executing jobs using 'parallel' executor
[2.829s] DEBUG:colcon.colcon_parallel_executor.executor.parallel:run_until_complete
[2.830s] INFO:colcon.colcon_ros.task.ament_cmake.build:Building ROS package in '/home/ubuntu/Documents/EMBR-Bot/ros2_ws/src/msg_interface' with build type 'ament_cmake'
[2.831s] INFO:colcon.colcon_cmake.task.cmake.build:Building CMake package in '/home/ubuntu/Documents/EMBR-Bot/ros2_ws/src/msg_interface'
[2.842s] INFO:colcon.colcon_core.plugin_system:Skipping extension 'colcon_core.shell.bat': Not used on non-Windows systems
[2.844s] INFO:colcon.colcon_core.shell:Skip shell extension 'powershell' for command environment: Not usable outside of PowerShell
[2.845s] DEBUG:colcon.colcon_core.shell:Skip shell extension 'dsv' for command environment
[2.889s] DEBUG:colcon.colcon_core.event_handler.log_command:Invoking command in '/home/ubuntu/Documents/EMBR-Bot/ros2_ws/build/msg_interface': CMAKE_PREFIX_PATH=/opt/ros/humble /usr/bin/cmake --build /home/ubuntu/Documents/EMBR-Bot/ros2_ws/build/msg_interface -- -j4 -l4
[5.492s] DEBUG:colcon.colcon_core.event_handler.log_command:Invoked command in '/home/ubuntu/Documents/EMBR-Bot/ros2_ws/build/msg_interface' returned '0': CMAKE_PREFIX_PATH=/opt/ros/humble /usr/bin/cmake --build /home/ubuntu/Documents/EMBR-Bot/ros2_ws/build/msg_interface -- -j4 -l4
[5.751s] DEBUG:colcon.colcon_core.event_handler.log_command:Invoking command in '/home/ubuntu/Documents/EMBR-Bot/ros2_ws/build/msg_interface': CMAKE_PREFIX_PATH=/opt/ros/humble /usr/bin/cmake --install /home/ubuntu/Documents/EMBR-Bot/ros2_ws/build/msg_interface
[6.092s] Level 1:colcon.colcon_core.environment:create_environment_scripts_only(msg_interface)
[6.099s] DEBUG:colcon.colcon_core.event_handler.log_command:Invoked command in '/home/ubuntu/Documents/EMBR-Bot/ros2_ws/build/msg_interface' returned '0': CMAKE_PREFIX_PATH=/opt/ros/humble /usr/bin/cmake --install /home/ubuntu/Documents/EMBR-Bot/ros2_ws/build/msg_interface
[6.111s] Level 1:colcon.colcon_core.environment:checking '/home/ubuntu/Documents/EMBR-Bot/ros2_ws/install/msg_interface' for CMake module files
[6.117s] Level 1:colcon.colcon_core.environment:checking '/home/ubuntu/Documents/EMBR-Bot/ros2_ws/install/msg_interface' for CMake config files
[6.122s] Level 1:colcon.colcon_core.shell:create_environment_hook('msg_interface', 'cmake_prefix_path')
[6.123s] INFO:colcon.colcon_core.shell:Creating environment hook '/home/ubuntu/Documents/EMBR-Bot/ros2_ws/install/msg_interface/share/msg_interface/hook/cmake_prefix_path.ps1'
[6.127s] INFO:colcon.colcon_core.shell:Creating environment descriptor '/home/ubuntu/Documents/EMBR-Bot/ros2_ws/install/msg_interface/share/msg_interface/hook/cmake_prefix_path.dsv'
[6.130s] INFO:colcon.colcon_core.shell:Creating environment hook '/home/ubuntu/Documents/EMBR-Bot/ros2_ws/install/msg_interface/share/msg_interface/hook/cmake_prefix_path.sh'
[6.136s] Level 1:colcon.colcon_core.environment:checking '/home/ubuntu/Documents/EMBR-Bot/ros2_ws/install/msg_interface/lib'
[6.137s] Level 1:colcon.colcon_core.shell:create_environment_hook('msg_interface', 'ld_library_path_lib')
[6.139s] INFO:colcon.colcon_core.shell:Creating environment hook '/home/ubuntu/Documents/EMBR-Bot/ros2_ws/install/msg_interface/share/msg_interface/hook/ld_library_path_lib.ps1'
[6.141s] INFO:colcon.colcon_core.shell:Creating environment descriptor '/home/ubuntu/Documents/EMBR-Bot/ros2_ws/install/msg_interface/share/msg_interface/hook/ld_library_path_lib.dsv'
[6.143s] INFO:colcon.colcon_core.shell:Creating environment hook '/home/ubuntu/Documents/EMBR-Bot/ros2_ws/install/msg_interface/share/msg_interface/hook/ld_library_path_lib.sh'
[6.146s] Level 1:colcon.colcon_core.environment:checking '/home/ubuntu/Documents/EMBR-Bot/ros2_ws/install/msg_interface/bin'
[6.146s] Level 1:colcon.colcon_core.environment:checking '/home/ubuntu/Documents/EMBR-Bot/ros2_ws/install/msg_interface/lib/pkgconfig/msg_interface.pc'
[6.148s] Level 1:colcon.colcon_core.environment:checking '/home/ubuntu/Documents/EMBR-Bot/ros2_ws/install/msg_interface/lib/python3.10/site-packages'
[6.149s] Level 1:colcon.colcon_core.environment:checking '/home/ubuntu/Documents/EMBR-Bot/ros2_ws/install/msg_interface/bin'
[6.152s] INFO:colcon.colcon_core.shell:Creating package script '/home/ubuntu/Documents/EMBR-Bot/ros2_ws/install/msg_interface/share/msg_interface/package.ps1'
[6.159s] INFO:colcon.colcon_core.shell:Creating package descriptor '/home/ubuntu/Documents/EMBR-Bot/ros2_ws/install/msg_interface/share/msg_interface/package.dsv'
[6.163s] INFO:colcon.colcon_core.shell:Creating package script '/home/ubuntu/Documents/EMBR-Bot/ros2_ws/install/msg_interface/share/msg_interface/package.sh'
[6.170s] INFO:colcon.colcon_core.shell:Creating package script '/home/ubuntu/Documents/EMBR-Bot/ros2_ws/install/msg_interface/share/msg_interface/package.bash'
[6.175s] INFO:colcon.colcon_core.shell:Creating package script '/home/ubuntu/Documents/EMBR-Bot/ros2_ws/install/msg_interface/share/msg_interface/package.zsh'
[6.180s] Level 1:colcon.colcon_core.environment:create_file_with_runtime_dependencies(/home/ubuntu/Documents/EMBR-Bot/ros2_ws/install/msg_interface/share/colcon-core/packages/msg_interface)
[6.400s] Level 1:colcon.colcon_core.environment:create_environment_scripts_only(msg_interface)
[6.402s] Level 1:colcon.colcon_core.environment:checking '/home/ubuntu/Documents/EMBR-Bot/ros2_ws/install/msg_interface' for CMake module files
[6.408s] Level 1:colcon.colcon_core.environment:checking '/home/ubuntu/Documents/EMBR-Bot/ros2_ws/install/msg_interface' for CMake config files
[6.414s] Level 1:colcon.colcon_core.shell:create_environment_hook('msg_interface', 'cmake_prefix_path')
[6.417s] INFO:colcon.colcon_core.shell:Creating environment hook '/home/ubuntu/Documents/EMBR-Bot/ros2_ws/install/msg_interface/share/msg_interface/hook/cmake_prefix_path.ps1'
[6.420s] INFO:colcon.colcon_core.shell:Creating environment descriptor '/home/ubuntu/Documents/EMBR-Bot/ros2_ws/install/msg_interface/share/msg_interface/hook/cmake_prefix_path.dsv'
[6.423s] INFO:colcon.colcon_core.shell:Creating environment hook '/home/ubuntu/Documents/EMBR-Bot/ros2_ws/install/msg_interface/share/msg_interface/hook/cmake_prefix_path.sh'
[6.427s] Level 1:colcon.colcon_core.environment:checking '/home/ubuntu/Documents/EMBR-Bot/ros2_ws/install/msg_interface/lib'
[6.428s] Level 1:colcon.colcon_core.shell:create_environment_hook('msg_interface', 'ld_library_path_lib')
[6.430s] INFO:colcon.colcon_core.shell:Creating environment hook '/home/ubuntu/Documents/EMBR-Bot/ros2_ws/install/msg_interface/share/msg_interface/hook/ld_library_path_lib.ps1'
[6.433s] INFO:colcon.colcon_core.shell:Creating environment descriptor '/home/ubuntu/Documents/EMBR-Bot/ros2_ws/install/msg_interface/share/msg_interface/hook/ld_library_path_lib.dsv'
[6.435s] INFO:colcon.colcon_core.shell:Creating environment hook '/home/ubuntu/Documents/EMBR-Bot/ros2_ws/install/msg_interface/share/msg_interface/hook/ld_library_path_lib.sh'
[6.438s] Level 1:colcon.colcon_core.environment:checking '/home/ubuntu/Documents/EMBR-Bot/ros2_ws/install/msg_interface/bin'
[6.439s] Level 1:colcon.colcon_core.environment:checking '/home/ubuntu/Documents/EMBR-Bot/ros2_ws/install/msg_interface/lib/pkgconfig/msg_interface.pc'
[6.441s] Level 1:colcon.colcon_core.environment:checking '/home/ubuntu/Documents/EMBR-Bot/ros2_ws/install/msg_interface/lib/python3.10/site-packages'
[6.443s] Level 1:colcon.colcon_core.environment:checking '/home/ubuntu/Documents/EMBR-Bot/ros2_ws/install/msg_interface/bin'
[6.446s] INFO:colcon.colcon_core.shell:Creating package script '/home/ubuntu/Documents/EMBR-Bot/ros2_ws/install/msg_interface/share/msg_interface/package.ps1'
[6.451s] INFO:colcon.colcon_core.shell:Creating package descriptor '/home/ubuntu/Documents/EMBR-Bot/ros2_ws/install/msg_interface/share/msg_interface/package.dsv'
[6.455s] INFO:colcon.colcon_core.shell:Creating package script '/home/ubuntu/Documents/EMBR-Bot/ros2_ws/install/msg_interface/share/msg_interface/package.sh'
[6.459s] INFO:colcon.colcon_core.shell:Creating package script '/home/ubuntu/Documents/EMBR-Bot/ros2_ws/install/msg_interface/share/msg_interface/package.bash'
[6.463s] INFO:colcon.colcon_core.shell:Creating package script '/home/ubuntu/Documents/EMBR-Bot/ros2_ws/install/msg_interface/share/msg_interface/package.zsh'
[6.466s] Level 1:colcon.colcon_core.environment:create_file_with_runtime_dependencies(/home/ubuntu/Documents/EMBR-Bot/ros2_ws/install/msg_interface/share/colcon-core/packages/msg_interface)
[6.468s] INFO:colcon.colcon_ros.task.ament_python.build:Building ROS package in '/home/ubuntu/Documents/EMBR-Bot/ros2_ws/src/embr' with build type 'ament_python'
[6.469s] Level 1:colcon.colcon_core.shell:create_environment_hook('embr', 'ament_prefix_path')
[6.471s] INFO:colcon.colcon_core.shell:Creating environment hook '/home/ubuntu/Documents/EMBR-Bot/ros2_ws/install/embr/share/embr/hook/ament_prefix_path.ps1'
[6.475s] INFO:colcon.colcon_core.shell:Creating environment descriptor '/home/ubuntu/Documents/EMBR-Bot/ros2_ws/install/embr/share/embr/hook/ament_prefix_path.dsv'
[6.479s] INFO:colcon.colcon_core.shell:Creating environment hook '/home/ubuntu/Documents/EMBR-Bot/ros2_ws/install/embr/share/embr/hook/ament_prefix_path.sh'
[6.483s] INFO:colcon.colcon_core.shell:Skip shell extension 'powershell' for command environment: Not usable outside of PowerShell
[6.484s] DEBUG:colcon.colcon_core.shell:Skip shell extension 'dsv' for command environment
[8.429s] INFO:colcon.colcon_core.task.python.build:Building Python package in '/home/ubuntu/Documents/EMBR-Bot/ros2_ws/src/embr'
[8.431s] INFO:colcon.colcon_core.shell:Skip shell extension 'powershell' for command environment: Not usable outside of PowerShell
[8.432s] DEBUG:colcon.colcon_core.shell:Skip shell extension 'dsv' for command environment
[11.058s] DEBUG:colcon.colcon_core.event_handler.log_command:Invoking command in '/home/ubuntu/Documents/EMBR-Bot/ros2_ws/src/embr': AMENT_PREFIX_PATH=/home/ubuntu/Documents/EMBR-Bot/ros2_ws/install/msg_interface:${AMENT_PREFIX_PATH} CMAKE_PREFIX_PATH=/home/ubuntu/Documents/EMBR-Bot/ros2_ws/install/msg_interface LD_LIBRARY_PATH=/home/ubuntu/Documents/EMBR-Bot/ros2_ws/install/msg_interface/lib:${LD_LIBRARY_PATH} PYTHONPATH=/home/ubuntu/Documents/EMBR-Bot/ros2_ws/build/embr/prefix_override:/home/ubuntu/Documents/EMBR-Bot/ros2_ws/install/embr/lib/python3.10/site-packages:/home/ubuntu/Documents/EMBR-Bot/ros2_ws/install/msg_interface/local/lib/python3.10/dist-packages:${PYTHONPATH} /usr/bin/python3 -W ignore:setup.py install is deprecated setup.py egg_info --egg-base ../../build/embr build --build-base /home/ubuntu/Documents/EMBR-Bot/ros2_ws/build/embr/build install --record /home/ubuntu/Documents/EMBR-Bot/ros2_ws/build/embr/install.log --single-version-externally-managed install_data
[13.233s] Level 1:colcon.colcon_core.environment:checking '/home/ubuntu/Documents/EMBR-Bot/ros2_ws/install/embr' for CMake module files
[13.237s] DEBUG:colcon.colcon_core.event_handler.log_command:Invoked command in '/home/ubuntu/Documents/EMBR-Bot/ros2_ws/src/embr' returned '0': AMENT_PREFIX_PATH=/home/ubuntu/Documents/EMBR-Bot/ros2_ws/install/msg_interface:${AMENT_PREFIX_PATH} CMAKE_PREFIX_PATH=/home/ubuntu/Documents/EMBR-Bot/ros2_ws/install/msg_interface LD_LIBRARY_PATH=/home/ubuntu/Documents/EMBR-Bot/ros2_ws/install/msg_interface/lib:${LD_LIBRARY_PATH} PYTHONPATH=/home/ubuntu/Documents/EMBR-Bot/ros2_ws/build/embr/prefix_override:/home/ubuntu/Documents/EMBR-Bot/ros2_ws/install/embr/lib/python3.10/site-packages:/home/ubuntu/Documents/EMBR-Bot/ros2_ws/install/msg_interface/local/lib/python3.10/dist-packages:${PYTHONPATH} /usr/bin/python3 -W ignore:setup.py install is deprecated setup.py egg_info --egg-base ../../build/embr build --build-base /home/ubuntu/Documents/EMBR-Bot/ros2_ws/build/embr/build install --record /home/ubuntu/Documents/EMBR-Bot/ros2_ws/build/embr/install.log --single-version-externally-managed install_data
[13.239s] Level 1:colcon.colcon_core.environment:checking '/home/ubuntu/Documents/EMBR-Bot/ros2_ws/install/embr' for CMake config files
[13.243s] Level 1:colcon.colcon_core.environment:checking '/home/ubuntu/Documents/EMBR-Bot/ros2_ws/install/embr/lib'
[13.243s] Level 1:colcon.colcon_core.environment:checking '/home/ubuntu/Documents/EMBR-Bot/ros2_ws/install/embr/bin'
[13.244s] Level 1:colcon.colcon_core.environment:checking '/home/ubuntu/Documents/EMBR-Bot/ros2_ws/install/embr/lib/pkgconfig/embr.pc'
[13.245s] Level 1:colcon.colcon_core.environment:checking '/home/ubuntu/Documents/EMBR-Bot/ros2_ws/install/embr/lib/python3.10/site-packages'
[13.246s] Level 1:colcon.colcon_core.shell:create_environment_hook('embr', 'pythonpath')
[13.247s] INFO:colcon.colcon_core.shell:Creating environment hook '/home/ubuntu/Documents/EMBR-Bot/ros2_ws/install/embr/share/embr/hook/pythonpath.ps1'
[13.250s] INFO:colcon.colcon_core.shell:Creating environment descriptor '/home/ubuntu/Documents/EMBR-Bot/ros2_ws/install/embr/share/embr/hook/pythonpath.dsv'
[13.253s] INFO:colcon.colcon_core.shell:Creating environment hook '/home/ubuntu/Documents/EMBR-Bot/ros2_ws/install/embr/share/embr/hook/pythonpath.sh'
[13.257s] Level 1:colcon.colcon_core.environment:checking '/home/ubuntu/Documents/EMBR-Bot/ros2_ws/install/embr/bin'
[13.258s] Level 1:colcon.colcon_core.environment:create_environment_scripts_only(embr)
[13.261s] INFO:colcon.colcon_core.shell:Creating package script '/home/ubuntu/Documents/EMBR-Bot/ros2_ws/install/embr/share/embr/package.ps1'
[13.265s] INFO:colcon.colcon_core.shell:Creating package descriptor '/home/ubuntu/Documents/EMBR-Bot/ros2_ws/install/embr/share/embr/package.dsv'
[13.268s] INFO:colcon.colcon_core.shell:Creating package script '/home/ubuntu/Documents/EMBR-Bot/ros2_ws/install/embr/share/embr/package.sh'
[13.271s] INFO:colcon.colcon_core.shell:Creating package script '/home/ubuntu/Documents/EMBR-Bot/ros2_ws/install/embr/share/embr/package.bash'
[13.273s] INFO:colcon.colcon_core.shell:Creating package script '/home/ubuntu/Documents/EMBR-Bot/ros2_ws/install/embr/share/embr/package.zsh'
[13.275s] Level 1:colcon.colcon_core.environment:create_file_with_runtime_dependencies(/home/ubuntu/Documents/EMBR-Bot/ros2_ws/install/embr/share/colcon-core/packages/embr)
[13.277s] DEBUG:colcon.colcon_parallel_executor.executor.parallel:closing loop
[13.278s] DEBUG:colcon.colcon_parallel_executor.executor.parallel:loop closed
[13.279s] DEBUG:colcon.colcon_parallel_executor.executor.parallel:run_until_complete finished with '0'
[13.280s] DEBUG:colcon.colcon_core.event_reactor:joining thread
[13.308s] INFO:colcon.colcon_core.plugin_system:Skipping extension 'colcon_notification.desktop_notification.terminal_notifier': Not used on non-Darwin systems
[13.309s] INFO:colcon.colcon_core.plugin_system:Skipping extension 'colcon_notification.desktop_notification.win32': Not used on non-Windows systems
[13.309s] INFO:colcon.colcon_notification.desktop_notification:Sending desktop notification using 'notify2'
[13.371s] DEBUG:colcon.colcon_core.event_reactor:joined thread
[13.374s] INFO:colcon.colcon_core.shell:Creating prefix script '/home/ubuntu/Documents/EMBR-Bot/ros2_ws/install/local_setup.ps1'
[13.381s] INFO:colcon.colcon_core.shell:Creating prefix util module '/home/ubuntu/Documents/EMBR-Bot/ros2_ws/install/_local_setup_util_ps1.py'
[13.392s] INFO:colcon.colcon_core.shell:Creating prefix chain script '/home/ubuntu/Documents/EMBR-Bot/ros2_ws/install/setup.ps1'
[13.400s] INFO:colcon.colcon_core.shell:Creating prefix script '/home/ubuntu/Documents/EMBR-Bot/ros2_ws/install/local_setup.sh'
[13.404s] INFO:colcon.colcon_core.shell:Creating prefix util module '/home/ubuntu/Documents/EMBR-Bot/ros2_ws/install/_local_setup_util_sh.py'
[13.407s] INFO:colcon.colcon_core.shell:Creating prefix chain script '/home/ubuntu/Documents/EMBR-Bot/ros2_ws/install/setup.sh'
[13.414s] INFO:colcon.colcon_core.shell:Creating prefix script '/home/ubuntu/Documents/EMBR-Bot/ros2_ws/install/local_setup.bash'
[13.418s] INFO:colcon.colcon_core.shell:Creating prefix chain script '/home/ubuntu/Documents/EMBR-Bot/ros2_ws/install/setup.bash'
[13.424s] INFO:colcon.colcon_core.shell:Creating prefix script '/home/ubuntu/Documents/EMBR-Bot/ros2_ws/install/local_setup.zsh'
[13.428s] INFO:colcon.colcon_core.shell:Creating prefix chain script '/home/ubuntu/Documents/EMBR-Bot/ros2_ws/install/setup.zsh'
