[4.586s] Invoking command in '/home/ubuntu/Documents/EMBR-Bot/ros2_ws/src/embr': AMENT_PREFIX_PATH=/home/ubuntu/Documents/EMBR-Bot/ros2_ws/install/msg_interface:${AMENT_PREFIX_PATH} CMAKE_PREFIX_PATH=/home/ubuntu/Documents/EMBR-Bot/ros2_ws/install/msg_interface LD_LIBRARY_PATH=/home/ubuntu/Documents/EMBR-Bot/ros2_ws/install/msg_interface/lib:${LD_LIBRARY_PATH} PYTHONPATH=/home/ubuntu/Documents/EMBR-Bot/ros2_ws/build/embr/prefix_override:/home/ubuntu/Documents/EMBR-Bot/ros2_ws/install/embr/lib/python3.10/site-packages:/home/ubuntu/Documents/EMBR-Bot/ros2_ws/install/msg_interface/local/lib/python3.10/dist-packages:${PYTHONPATH} /usr/bin/python3 -W ignore:setup.py install is deprecated setup.py egg_info --egg-base ../../build/embr build --build-base /home/ubuntu/Documents/EMBR-Bot/ros2_ws/build/embr/build install --record /home/ubuntu/Documents/EMBR-Bot/ros2_ws/build/embr/install.log --single-version-externally-managed install_data
[6.329s] running egg_info
[6.334s] writing ../../build/embr/embr.egg-info/PKG-INFO
[6.336s] writing dependency_links to ../../build/embr/embr.egg-info/dependency_links.txt
[6.337s] writing entry points to ../../build/embr/embr.egg-info/entry_points.txt
[6.338s] writing requirements to ../../build/embr/embr.egg-info/requires.txt
[6.340s] writing top-level names to ../../build/embr/embr.egg-info/top_level.txt
[6.353s] reading manifest file '../../build/embr/embr.egg-info/SOURCES.txt'
[6.354s] adding license file 'LICENSE'
[6.360s] writing manifest file '../../build/embr/embr.egg-info/SOURCES.txt'
[6.360s] running build
[6.361s] running build_py
[6.362s] copying embr/getTemp.py -> /home/ubuntu/Documents/EMBR-Bot/ros2_ws/build/embr/build/lib/embr
[6.365s] running install
[6.367s] running install_lib
[6.372s] copying /home/ubuntu/Documents/EMBR-Bot/ros2_ws/build/embr/build/lib/embr/getTemp.py -> /home/ubuntu/Documents/EMBR-Bot/ros2_ws/install/embr/lib/python3.10/site-packages/embr
[6.376s] byte-compiling /home/ubuntu/Documents/EMBR-Bot/ros2_ws/install/embr/lib/python3.10/site-packages/embr/getTemp.py to getTemp.cpython-310.pyc
[6.378s]   File "/home/ubuntu/Documents/EMBR-Bot/ros2_ws/install/embr/lib/python3.10/site-packages/embr/getTemp.py", line 32
[6.378s]     (temp.2f)
[6.379s]           ^
[6.379s] SyntaxError: invalid decimal literal
[6.380s] 
[6.380s] running install_data
[6.381s] running install_egg_info
[6.390s] removing '/home/ubuntu/Documents/EMBR-Bot/ros2_ws/install/embr/lib/python3.10/site-packages/embr-0.0.0-py3.10.egg-info' (and everything under it)
[6.391s] Copying ../../build/embr/embr.egg-info to /home/ubuntu/Documents/EMBR-Bot/ros2_ws/install/embr/lib/python3.10/site-packages/embr-0.0.0-py3.10.egg-info
[6.396s] running install_scripts
[6.535s] Installing getCube script to /home/ubuntu/Documents/EMBR-Bot/ros2_ws/install/embr/lib/embr
[6.536s] Installing getGas script to /home/ubuntu/Documents/EMBR-Bot/ros2_ws/install/embr/lib/embr
[6.538s] Installing getTemp script to /home/ubuntu/Documents/EMBR-Bot/ros2_ws/install/embr/lib/embr
[6.539s] Installing sendRf script to /home/ubuntu/Documents/EMBR-Bot/ros2_ws/install/embr/lib/embr
[6.541s] writing list of installed files to '/home/ubuntu/Documents/EMBR-Bot/ros2_ws/build/embr/install.log'
[6.750s] Invoked command in '/home/ubuntu/Documents/EMBR-Bot/ros2_ws/src/embr' returned '0': AMENT_PREFIX_PATH=/home/ubuntu/Documents/EMBR-Bot/ros2_ws/install/msg_interface:${AMENT_PREFIX_PATH} CMAKE_PREFIX_PATH=/home/ubuntu/Documents/EMBR-Bot/ros2_ws/install/msg_interface LD_LIBRARY_PATH=/home/ubuntu/Documents/EMBR-Bot/ros2_ws/install/msg_interface/lib:${LD_LIBRARY_PATH} PYTHONPATH=/home/ubuntu/Documents/EMBR-Bot/ros2_ws/build/embr/prefix_override:/home/ubuntu/Documents/EMBR-Bot/ros2_ws/install/embr/lib/python3.10/site-packages:/home/ubuntu/Documents/EMBR-Bot/ros2_ws/install/msg_interface/local/lib/python3.10/dist-packages:${PYTHONPATH} /usr/bin/python3 -W ignore:setup.py install is deprecated setup.py egg_info --egg-base ../../build/embr build --build-base /home/ubuntu/Documents/EMBR-Bot/ros2_ws/build/embr/build install --record /home/ubuntu/Documents/EMBR-Bot/ros2_ws/build/embr/install.log --single-version-externally-managed install_data
