[0.700s] DEBUG:colcon:Command line arguments: ['/usr/bin/colcon', 'build']
[0.701s] DEBUG:colcon:Parsed command line arguments: Namespace(log_base=None, log_level=None, verb_name='build', build_base='build', install_base='install', merge_install=False, symlink_install=False, test_result_base=None, continue_on_error=False, executor='parallel', parallel_workers=4, event_handlers=None, ignore_user_meta=False, metas=['./colcon.meta'], base_paths=['.'], packages_ignore=None, packages_ignore_regex=None, paths=None, packages_up_to=None, packages_up_to_regex=None, packages_above=None, packages_above_and_dependencies=None, packages_above_depth=None, packages_select_by_dep=None, packages_skip_by_dep=None, packages_skip_up_to=None, packages_select_build_failed=False, packages_skip_build_finished=False, packages_select_test_failures=False, packages_skip_test_passed=False, packages_select=None, packages_skip=None, packages_select_regex=None, packages_skip_regex=None, packages_start=None, packages_end=None, allow_overriding=[], cmake_args=None, cmake_target=None, cmake_target_skip_unavailable=False, cmake_clean_cache=False, cmake_clean_first=False, cmake_force_configure=False, ament_cmake_args=None, catkin_cmake_args=None, catkin_skip_building_tests=False, verb_parser=<colcon_defaults.argument_parser.defaults.DefaultArgumentsDecorator object at 0xffff7e0dc8e0>, verb_extension=<colcon_core.verb.build.BuildVerb object at 0xffff7e4591b0>, main=<bound method BuildVerb.main of <colcon_core.verb.build.BuildVerb object at 0xffff7e4591b0>>)
[2.098s] Level 1:colcon.colcon_core.package_discovery:discover_packages(colcon_meta) check parameters
[2.099s] Level 1:colcon.colcon_core.package_discovery:discover_packages(recursive) check parameters
[2.099s] Level 1:colcon.colcon_core.package_discovery:discover_packages(ignore) check parameters
[2.099s] Level 1:colcon.colcon_core.package_discovery:discover_packages(path) check parameters
[2.099s] Level 1:colcon.colcon_core.package_discovery:discover_packages(colcon_meta) discover
[2.099s] Level 1:colcon.colcon_core.package_discovery:discover_packages(recursive) discover
[2.100s] INFO:colcon.colcon_core.package_discovery:Crawling recursively for packages in '/home/ubuntu/Documents/EMBR-Bot/ros2_ws'
[2.100s] Level 1:colcon.colcon_core.package_identification:_identify(.) by extensions ['ignore', 'ignore_ament_install']
[2.101s] Level 1:colcon.colcon_core.package_identification:_identify(.) by extension 'ignore'
[2.101s] Level 1:colcon.colcon_core.package_identification:_identify(.) by extension 'ignore_ament_install'
[2.102s] Level 1:colcon.colcon_core.package_identification:_identify(.) by extensions ['colcon_pkg']
[2.102s] Level 1:colcon.colcon_core.package_identification:_identify(.) by extension 'colcon_pkg'
[2.102s] Level 1:colcon.colcon_core.package_identification:_identify(.) by extensions ['colcon_meta']
[2.102s] Level 1:colcon.colcon_core.package_identification:_identify(.) by extension 'colcon_meta'
[2.103s] Level 1:colcon.colcon_core.package_identification:_identify(.) by extensions ['ros']
[2.103s] Level 1:colcon.colcon_core.package_identification:_identify(.) by extension 'ros'
[2.177s] Level 1:colcon.colcon_core.package_identification:_identify(.) by extensions ['cmake', 'python']
[2.178s] Level 1:colcon.colcon_core.package_identification:_identify(.) by extension 'cmake'
[2.178s] Level 1:colcon.colcon_core.package_identification:_identify(.) by extension 'python'
[2.179s] Level 1:colcon.colcon_core.package_identification:_identify(.) by extensions ['python_setup_py']
[2.179s] Level 1:colcon.colcon_core.package_identification:_identify(.) by extension 'python_setup_py'
[2.179s] Level 1:colcon.colcon_core.package_identification:_identify(build) by extensions ['ignore', 'ignore_ament_install']
[2.180s] Level 1:colcon.colcon_core.package_identification:_identify(build) by extension 'ignore'
[2.181s] Level 1:colcon.colcon_core.package_identification:_identify(build) ignored
[2.182s] Level 1:colcon.colcon_core.package_identification:_identify(install) by extensions ['ignore', 'ignore_ament_install']
[2.183s] Level 1:colcon.colcon_core.package_identification:_identify(install) by extension 'ignore'
[2.183s] Level 1:colcon.colcon_core.package_identification:_identify(install) ignored
[2.184s] Level 1:colcon.colcon_core.package_identification:_identify(log) by extensions ['ignore', 'ignore_ament_install']
[2.185s] Level 1:colcon.colcon_core.package_identification:_identify(log) by extension 'ignore'
[2.186s] Level 1:colcon.colcon_core.package_identification:_identify(log) ignored
[2.186s] Level 1:colcon.colcon_core.package_identification:_identify(src) by extensions ['ignore', 'ignore_ament_install']
[2.187s] Level 1:colcon.colcon_core.package_identification:_identify(src) by extension 'ignore'
[2.187s] Level 1:colcon.colcon_core.package_identification:_identify(src) by extension 'ignore_ament_install'
[2.187s] Level 1:colcon.colcon_core.package_identification:_identify(src) by extensions ['colcon_pkg']
[2.188s] Level 1:colcon.colcon_core.package_identification:_identify(src) by extension 'colcon_pkg'
[2.188s] Level 1:colcon.colcon_core.package_identification:_identify(src) by extensions ['colcon_meta']
[2.188s] Level 1:colcon.colcon_core.package_identification:_identify(src) by extension 'colcon_meta'
[2.188s] Level 1:colcon.colcon_core.package_identification:_identify(src) by extensions ['ros']
[2.189s] Level 1:colcon.colcon_core.package_identification:_identify(src) by extension 'ros'
[2.189s] Level 1:colcon.colcon_core.package_identification:_identify(src) by extensions ['cmake', 'python']
[2.189s] Level 1:colcon.colcon_core.package_identification:_identify(src) by extension 'cmake'
[2.190s] Level 1:colcon.colcon_core.package_identification:_identify(src) by extension 'python'
[2.190s] Level 1:colcon.colcon_core.package_identification:_identify(src) by extensions ['python_setup_py']
[2.190s] Level 1:colcon.colcon_core.package_identification:_identify(src) by extension 'python_setup_py'
[2.191s] Level 1:colcon.colcon_core.package_identification:_identify(src/embr) by extensions ['ignore', 'ignore_ament_install']
[2.191s] Level 1:colcon.colcon_core.package_identification:_identify(src/embr) by extension 'ignore'
[2.192s] Level 1:colcon.colcon_core.package_identification:_identify(src/embr) by extension 'ignore_ament_install'
[2.192s] Level 1:colcon.colcon_core.package_identification:_identify(src/embr) by extensions ['colcon_pkg']
[2.192s] Level 1:colcon.colcon_core.package_identification:_identify(src/embr) by extension 'colcon_pkg'
[2.192s] Level 1:colcon.colcon_core.package_identification:_identify(src/embr) by extensions ['colcon_meta']
[2.193s] Level 1:colcon.colcon_core.package_identification:_identify(src/embr) by extension 'colcon_meta'
[2.193s] Level 1:colcon.colcon_core.package_identification:_identify(src/embr) by extensions ['ros']
[2.193s] Level 1:colcon.colcon_core.package_identification:_identify(src/embr) by extension 'ros'
[2.208s] DEBUG:colcon.colcon_core.package_identification:Package 'src/embr' with type 'ros.ament_python' and name 'embr'
[2.209s] Level 1:colcon.colcon_core.package_identification:_identify(src/msg_interface) by extensions ['ignore', 'ignore_ament_install']
[2.210s] Level 1:colcon.colcon_core.package_identification:_identify(src/msg_interface) by extension 'ignore'
[2.210s] Level 1:colcon.colcon_core.package_identification:_identify(src/msg_interface) by extension 'ignore_ament_install'
[2.211s] Level 1:colcon.colcon_core.package_identification:_identify(src/msg_interface) by extensions ['colcon_pkg']
[2.211s] Level 1:colcon.colcon_core.package_identification:_identify(src/msg_interface) by extension 'colcon_pkg'
[2.211s] Level 1:colcon.colcon_core.package_identification:_identify(src/msg_interface) by extensions ['colcon_meta']
[2.211s] Level 1:colcon.colcon_core.package_identification:_identify(src/msg_interface) by extension 'colcon_meta'
[2.212s] Level 1:colcon.colcon_core.package_identification:_identify(src/msg_interface) by extensions ['ros']
[2.212s] Level 1:colcon.colcon_core.package_identification:_identify(src/msg_interface) by extension 'ros'
[2.215s] DEBUG:colcon.colcon_core.package_identification:Package 'src/msg_interface' with type 'ros.ament_cmake' and name 'msg_interface'
[2.216s] Level 1:colcon.colcon_core.package_discovery:discover_packages(recursive) using defaults
[2.216s] Level 1:colcon.colcon_core.package_discovery:discover_packages(ignore) discover
[2.216s] Level 1:colcon.colcon_core.package_discovery:discover_packages(ignore) using defaults
[2.216s] Level 1:colcon.colcon_core.package_discovery:discover_packages(path) discover
[2.217s] Level 1:colcon.colcon_core.package_discovery:discover_packages(path) using defaults
[2.424s] Level 1:colcon.colcon_core.package_discovery:discover_packages(prefix_path) check parameters
[2.425s] Level 1:colcon.colcon_core.package_discovery:discover_packages(prefix_path) discover
[2.442s] DEBUG:colcon.colcon_installed_package_information.package_discovery:Found 270 installed packages in /opt/ros/humble
[2.456s] Level 1:colcon.colcon_core.package_discovery:discover_packages(prefix_path) using defaults
[2.765s] Level 5:colcon.colcon_core.verb:set package 'msg_interface' build argument 'cmake_args' from command line to 'None'
[2.766s] Level 5:colcon.colcon_core.verb:set package 'msg_interface' build argument 'cmake_target' from command line to 'None'
[2.766s] Level 5:colcon.colcon_core.verb:set package 'msg_interface' build argument 'cmake_target_skip_unavailable' from command line to 'False'
[2.766s] Level 5:colcon.colcon_core.verb:set package 'msg_interface' build argument 'cmake_clean_cache' from command line to 'False'
[2.766s] Level 5:colcon.colcon_core.verb:set package 'msg_interface' build argument 'cmake_clean_first' from command line to 'False'
[2.767s] Level 5:colcon.colcon_core.verb:set package 'msg_interface' build argument 'cmake_force_configure' from command line to 'False'
[2.767s] Level 5:colcon.colcon_core.verb:set package 'msg_interface' build argument 'ament_cmake_args' from command line to 'None'
[2.767s] Level 5:colcon.colcon_core.verb:set package 'msg_interface' build argument 'catkin_cmake_args' from command line to 'None'
[2.767s] Level 5:colcon.colcon_core.verb:set package 'msg_interface' build argument 'catkin_skip_building_tests' from command line to 'False'
[2.768s] DEBUG:colcon.colcon_core.verb:Building package 'msg_interface' with the following arguments: {'ament_cmake_args': None, 'build_base': '/home/ubuntu/Documents/EMBR-Bot/ros2_ws/build/msg_interface', 'catkin_cmake_args': None, 'catkin_skip_building_tests': False, 'cmake_args': None, 'cmake_clean_cache': False, 'cmake_clean_first': False, 'cmake_force_configure': False, 'cmake_target': None, 'cmake_target_skip_unavailable': False, 'install_base': '/home/ubuntu/Documents/EMBR-Bot/ros2_ws/install/msg_interface', 'merge_install': False, 'path': '/home/ubuntu/Documents/EMBR-Bot/ros2_ws/src/msg_interface', 'symlink_install': False, 'test_result_base': None}
[2.770s] Level 5:colcon.colcon_core.verb:set package 'embr' build argument 'cmake_args' from command line to 'None'
[2.771s] Level 5:colcon.colcon_core.verb:set package 'embr' build argument 'cmake_target' from command line to 'None'
[2.771s] Level 5:colcon.colcon_core.verb:set package 'embr' build argument 'cmake_target_skip_unavailable' from command line to 'False'
[2.771s] Level 5:colcon.colcon_core.verb:set package 'embr' build argument 'cmake_clean_cache' from command line to 'False'
[2.771s] Level 5:colcon.colcon_core.verb:set package 'embr' build argument 'cmake_clean_first' from command line to 'False'
[2.771s] Level 5:colcon.colcon_core.verb:set package 'embr' build argument 'cmake_force_configure' from command line to 'False'
[2.772s] Level 5:colcon.colcon_core.verb:set package 'embr' build argument 'ament_cmake_args' from command line to 'None'
[2.772s] Level 5:colcon.colcon_core.verb:set package 'embr' build argument 'catkin_cmake_args' from command line to 'None'
[2.772s] Level 5:colcon.colcon_core.verb:set package 'embr' build argument 'catkin_skip_building_tests' from command line to 'False'
[2.772s] DEBUG:colcon.colcon_core.verb:Building package 'embr' with the following arguments: {'ament_cmake_args': None, 'build_base': '/home/ubuntu/Documents/EMBR-Bot/ros2_ws/build/embr', 'catkin_cmake_args': None, 'catkin_skip_building_tests': False, 'cmake_args': None, 'cmake_clean_cache': False, 'cmake_clean_first': False, 'cmake_force_configure': False, 'cmake_target': None, 'cmake_target_skip_unavailable': False, 'install_base': '/home/ubuntu/Documents/EMBR-Bot/ros2_ws/install/embr', 'merge_install': False, 'path': '/home/ubuntu/Documents/EMBR-Bot/ros2_ws/src/embr', 'symlink_install': False, 'test_result_base': None}
[2.773s] INFO:colcon.colcon_core.executor:Executing jobs using 'parallel' executor
[2.779s] DEBUG:colcon.colcon_parallel_executor.executor.parallel:run_until_complete
[2.780s] INFO:colcon.colcon_ros.task.ament_cmake.build:Building ROS package in '/home/ubuntu/Documents/EMBR-Bot/ros2_ws/src/msg_interface' with build type 'ament_cmake'
[2.781s] INFO:colcon.colcon_cmake.task.cmake.build:Building CMake package in '/home/ubuntu/Documents/EMBR-Bot/ros2_ws/src/msg_interface'
[2.793s] INFO:colcon.colcon_core.plugin_system:Skipping extension 'colcon_core.shell.bat': Not used on non-Windows systems
[2.795s] INFO:colcon.colcon_core.shell:Skip shell extension 'powershell' for command environment: Not usable outside of PowerShell
[2.795s] DEBUG:colcon.colcon_core.shell:Skip shell extension 'dsv' for command environment
[2.845s] DEBUG:colcon.colcon_core.event_handler.log_command:Invoking command in '/home/ubuntu/Documents/EMBR-Bot/ros2_ws/build/msg_interface': CMAKE_PREFIX_PATH=/opt/ros/humble /usr/bin/cmake --build /home/ubuntu/Documents/EMBR-Bot/ros2_ws/build/msg_interface -- -j4 -l4
[5.418s] DEBUG:colcon.colcon_core.event_handler.log_command:Invoked command in '/home/ubuntu/Documents/EMBR-Bot/ros2_ws/build/msg_interface' returned '0': CMAKE_PREFIX_PATH=/opt/ros/humble /usr/bin/cmake --build /home/ubuntu/Documents/EMBR-Bot/ros2_ws/build/msg_interface -- -j4 -l4
[5.674s] DEBUG:colcon.colcon_core.event_handler.log_command:Invoking command in '/home/ubuntu/Documents/EMBR-Bot/ros2_ws/build/msg_interface': CMAKE_PREFIX_PATH=/opt/ros/humble /usr/bin/cmake --install /home/ubuntu/Documents/EMBR-Bot/ros2_ws/build/msg_interface
[6.009s] Level 1:colcon.colcon_core.environment:create_environment_scripts_only(msg_interface)
[6.028s] DEBUG:colcon.colcon_core.event_handler.log_command:Invoked command in '/home/ubuntu/Documents/EMBR-Bot/ros2_ws/build/msg_interface' returned '0': CMAKE_PREFIX_PATH=/opt/ros/humble /usr/bin/cmake --install /home/ubuntu/Documents/EMBR-Bot/ros2_ws/build/msg_interface
[6.033s] Level 1:colcon.colcon_core.environment:checking '/home/ubuntu/Documents/EMBR-Bot/ros2_ws/install/msg_interface' for CMake module files
[6.039s] Level 1:colcon.colcon_core.environment:checking '/home/ubuntu/Documents/EMBR-Bot/ros2_ws/install/msg_interface' for CMake config files
[6.043s] Level 1:colcon.colcon_core.shell:create_environment_hook('msg_interface', 'cmake_prefix_path')
[6.045s] INFO:colcon.colcon_core.shell:Creating environment hook '/home/ubuntu/Documents/EMBR-Bot/ros2_ws/install/msg_interface/share/msg_interface/hook/cmake_prefix_path.ps1'
[6.049s] INFO:colcon.colcon_core.shell:Creating environment descriptor '/home/ubuntu/Documents/EMBR-Bot/ros2_ws/install/msg_interface/share/msg_interface/hook/cmake_prefix_path.dsv'
[6.052s] INFO:colcon.colcon_core.shell:Creating environment hook '/home/ubuntu/Documents/EMBR-Bot/ros2_ws/install/msg_interface/share/msg_interface/hook/cmake_prefix_path.sh'
[6.059s] Level 1:colcon.colcon_core.environment:checking '/home/ubuntu/Documents/EMBR-Bot/ros2_ws/install/msg_interface/lib'
[6.060s] Level 1:colcon.colcon_core.shell:create_environment_hook('msg_interface', 'ld_library_path_lib')
[6.062s] INFO:colcon.colcon_core.shell:Creating environment hook '/home/ubuntu/Documents/EMBR-Bot/ros2_ws/install/msg_interface/share/msg_interface/hook/ld_library_path_lib.ps1'
[6.064s] INFO:colcon.colcon_core.shell:Creating environment descriptor '/home/ubuntu/Documents/EMBR-Bot/ros2_ws/install/msg_interface/share/msg_interface/hook/ld_library_path_lib.dsv'
[6.066s] INFO:colcon.colcon_core.shell:Creating environment hook '/home/ubuntu/Documents/EMBR-Bot/ros2_ws/install/msg_interface/share/msg_interface/hook/ld_library_path_lib.sh'
[6.069s] Level 1:colcon.colcon_core.environment:checking '/home/ubuntu/Documents/EMBR-Bot/ros2_ws/install/msg_interface/bin'
[6.070s] Level 1:colcon.colcon_core.environment:checking '/home/ubuntu/Documents/EMBR-Bot/ros2_ws/install/msg_interface/lib/pkgconfig/msg_interface.pc'
[6.071s] Level 1:colcon.colcon_core.environment:checking '/home/ubuntu/Documents/EMBR-Bot/ros2_ws/install/msg_interface/lib/python3.10/site-packages'
[6.073s] Level 1:colcon.colcon_core.environment:checking '/home/ubuntu/Documents/EMBR-Bot/ros2_ws/install/msg_interface/bin'
[6.076s] INFO:colcon.colcon_core.shell:Creating package script '/home/ubuntu/Documents/EMBR-Bot/ros2_ws/install/msg_interface/share/msg_interface/package.ps1'
[6.083s] INFO:colcon.colcon_core.shell:Creating package descriptor '/home/ubuntu/Documents/EMBR-Bot/ros2_ws/install/msg_interface/share/msg_interface/package.dsv'
[6.087s] INFO:colcon.colcon_core.shell:Creating package script '/home/ubuntu/Documents/EMBR-Bot/ros2_ws/install/msg_interface/share/msg_interface/package.sh'
[6.093s] INFO:colcon.colcon_core.shell:Creating package script '/home/ubuntu/Documents/EMBR-Bot/ros2_ws/install/msg_interface/share/msg_interface/package.bash'
[6.098s] INFO:colcon.colcon_core.shell:Creating package script '/home/ubuntu/Documents/EMBR-Bot/ros2_ws/install/msg_interface/share/msg_interface/package.zsh'
[6.104s] Level 1:colcon.colcon_core.environment:create_file_with_runtime_dependencies(/home/ubuntu/Documents/EMBR-Bot/ros2_ws/install/msg_interface/share/colcon-core/packages/msg_interface)
[6.325s] Level 1:colcon.colcon_core.environment:create_environment_scripts_only(msg_interface)
[6.326s] Level 1:colcon.colcon_core.environment:checking '/home/ubuntu/Documents/EMBR-Bot/ros2_ws/install/msg_interface' for CMake module files
[6.331s] Level 1:colcon.colcon_core.environment:checking '/home/ubuntu/Documents/EMBR-Bot/ros2_ws/install/msg_interface' for CMake config files
[6.336s] Level 1:colcon.colcon_core.shell:create_environment_hook('msg_interface', 'cmake_prefix_path')
[6.338s] INFO:colcon.colcon_core.shell:Creating environment hook '/home/ubuntu/Documents/EMBR-Bot/ros2_ws/install/msg_interface/share/msg_interface/hook/cmake_prefix_path.ps1'
[6.341s] INFO:colcon.colcon_core.shell:Creating environment descriptor '/home/ubuntu/Documents/EMBR-Bot/ros2_ws/install/msg_interface/share/msg_interface/hook/cmake_prefix_path.dsv'
[6.344s] INFO:colcon.colcon_core.shell:Creating environment hook '/home/ubuntu/Documents/EMBR-Bot/ros2_ws/install/msg_interface/share/msg_interface/hook/cmake_prefix_path.sh'
[6.348s] Level 1:colcon.colcon_core.environment:checking '/home/ubuntu/Documents/EMBR-Bot/ros2_ws/install/msg_interface/lib'
[6.348s] Level 1:colcon.colcon_core.shell:create_environment_hook('msg_interface', 'ld_library_path_lib')
[6.350s] INFO:colcon.colcon_core.shell:Creating environment hook '/home/ubuntu/Documents/EMBR-Bot/ros2_ws/install/msg_interface/share/msg_interface/hook/ld_library_path_lib.ps1'
[6.353s] INFO:colcon.colcon_core.shell:Creating environment descriptor '/home/ubuntu/Documents/EMBR-Bot/ros2_ws/install/msg_interface/share/msg_interface/hook/ld_library_path_lib.dsv'
[6.356s] INFO:colcon.colcon_core.shell:Creating environment hook '/home/ubuntu/Documents/EMBR-Bot/ros2_ws/install/msg_interface/share/msg_interface/hook/ld_library_path_lib.sh'
[6.358s] Level 1:colcon.colcon_core.environment:checking '/home/ubuntu/Documents/EMBR-Bot/ros2_ws/install/msg_interface/bin'
[6.359s] Level 1:colcon.colcon_core.environment:checking '/home/ubuntu/Documents/EMBR-Bot/ros2_ws/install/msg_interface/lib/pkgconfig/msg_interface.pc'
[6.361s] Level 1:colcon.colcon_core.environment:checking '/home/ubuntu/Documents/EMBR-Bot/ros2_ws/install/msg_interface/lib/python3.10/site-packages'
[6.363s] Level 1:colcon.colcon_core.environment:checking '/home/ubuntu/Documents/EMBR-Bot/ros2_ws/install/msg_interface/bin'
[6.366s] INFO:colcon.colcon_core.shell:Creating package script '/home/ubuntu/Documents/EMBR-Bot/ros2_ws/install/msg_interface/share/msg_interface/package.ps1'
[6.371s] INFO:colcon.colcon_core.shell:Creating package descriptor '/home/ubuntu/Documents/EMBR-Bot/ros2_ws/install/msg_interface/share/msg_interface/package.dsv'
[6.375s] INFO:colcon.colcon_core.shell:Creating package script '/home/ubuntu/Documents/EMBR-Bot/ros2_ws/install/msg_interface/share/msg_interface/package.sh'
[6.379s] INFO:colcon.colcon_core.shell:Creating package script '/home/ubuntu/Documents/EMBR-Bot/ros2_ws/install/msg_interface/share/msg_interface/package.bash'
[6.382s] INFO:colcon.colcon_core.shell:Creating package script '/home/ubuntu/Documents/EMBR-Bot/ros2_ws/install/msg_interface/share/msg_interface/package.zsh'
[6.386s] Level 1:colcon.colcon_core.environment:create_file_with_runtime_dependencies(/home/ubuntu/Documents/EMBR-Bot/ros2_ws/install/msg_interface/share/colcon-core/packages/msg_interface)
[6.389s] INFO:colcon.colcon_ros.task.ament_python.build:Building ROS package in '/home/ubuntu/Documents/EMBR-Bot/ros2_ws/src/embr' with build type 'ament_python'
[6.391s] Level 1:colcon.colcon_core.shell:create_environment_hook('embr', 'ament_prefix_path')
[6.393s] INFO:colcon.colcon_core.shell:Creating environment hook '/home/ubuntu/Documents/EMBR-Bot/ros2_ws/install/embr/share/embr/hook/ament_prefix_path.ps1'
[6.398s] INFO:colcon.colcon_core.shell:Creating environment descriptor '/home/ubuntu/Documents/EMBR-Bot/ros2_ws/install/embr/share/embr/hook/ament_prefix_path.dsv'
[6.401s] INFO:colcon.colcon_core.shell:Creating environment hook '/home/ubuntu/Documents/EMBR-Bot/ros2_ws/install/embr/share/embr/hook/ament_prefix_path.sh'
[6.406s] INFO:colcon.colcon_core.shell:Skip shell extension 'powershell' for command environment: Not usable outside of PowerShell
[6.406s] DEBUG:colcon.colcon_core.shell:Skip shell extension 'dsv' for command environment
[8.350s] INFO:colcon.colcon_core.task.python.build:Building Python package in '/home/ubuntu/Documents/EMBR-Bot/ros2_ws/src/embr'
[8.352s] INFO:colcon.colcon_core.shell:Skip shell extension 'powershell' for command environment: Not usable outside of PowerShell
[8.352s] DEBUG:colcon.colcon_core.shell:Skip shell extension 'dsv' for command environment
[10.964s] DEBUG:colcon.colcon_core.event_handler.log_command:Invoking command in '/home/ubuntu/Documents/EMBR-Bot/ros2_ws/src/embr': AMENT_PREFIX_PATH=/home/ubuntu/Documents/EMBR-Bot/ros2_ws/install/msg_interface:${AMENT_PREFIX_PATH} CMAKE_PREFIX_PATH=/home/ubuntu/Documents/EMBR-Bot/ros2_ws/install/msg_interface LD_LIBRARY_PATH=/home/ubuntu/Documents/EMBR-Bot/ros2_ws/install/msg_interface/lib:${LD_LIBRARY_PATH} PYTHONPATH=/home/ubuntu/Documents/EMBR-Bot/ros2_ws/build/embr/prefix_override:/home/ubuntu/Documents/EMBR-Bot/ros2_ws/install/embr/lib/python3.10/site-packages:/home/ubuntu/Documents/EMBR-Bot/ros2_ws/install/msg_interface/local/lib/python3.10/dist-packages:${PYTHONPATH} /usr/bin/python3 -W ignore:setup.py install is deprecated setup.py egg_info --egg-base ../../build/embr build --build-base /home/ubuntu/Documents/EMBR-Bot/ros2_ws/build/embr/build install --record /home/ubuntu/Documents/EMBR-Bot/ros2_ws/build/embr/install.log --single-version-externally-managed install_data
[13.127s] Level 1:colcon.colcon_core.environment:checking '/home/ubuntu/Documents/EMBR-Bot/ros2_ws/install/embr' for CMake module files
[13.131s] DEBUG:colcon.colcon_core.event_handler.log_command:Invoked command in '/home/ubuntu/Documents/EMBR-Bot/ros2_ws/src/embr' returned '0': AMENT_PREFIX_PATH=/home/ubuntu/Documents/EMBR-Bot/ros2_ws/install/msg_interface:${AMENT_PREFIX_PATH} CMAKE_PREFIX_PATH=/home/ubuntu/Documents/EMBR-Bot/ros2_ws/install/msg_interface LD_LIBRARY_PATH=/home/ubuntu/Documents/EMBR-Bot/ros2_ws/install/msg_interface/lib:${LD_LIBRARY_PATH} PYTHONPATH=/home/ubuntu/Documents/EMBR-Bot/ros2_ws/build/embr/prefix_override:/home/ubuntu/Documents/EMBR-Bot/ros2_ws/install/embr/lib/python3.10/site-packages:/home/ubuntu/Documents/EMBR-Bot/ros2_ws/install/msg_interface/local/lib/python3.10/dist-packages:${PYTHONPATH} /usr/bin/python3 -W ignore:setup.py install is deprecated setup.py egg_info --egg-base ../../build/embr build --build-base /home/ubuntu/Documents/EMBR-Bot/ros2_ws/build/embr/build install --record /home/ubuntu/Documents/EMBR-Bot/ros2_ws/build/embr/install.log --single-version-externally-managed install_data
[13.133s] Level 1:colcon.colcon_core.environment:checking '/home/ubuntu/Documents/EMBR-Bot/ros2_ws/install/embr' for CMake config files
[13.136s] Level 1:colcon.colcon_core.environment:checking '/home/ubuntu/Documents/EMBR-Bot/ros2_ws/install/embr/lib'
[13.137s] Level 1:colcon.colcon_core.environment:checking '/home/ubuntu/Documents/EMBR-Bot/ros2_ws/install/embr/bin'
[13.137s] Level 1:colcon.colcon_core.environment:checking '/home/ubuntu/Documents/EMBR-Bot/ros2_ws/install/embr/lib/pkgconfig/embr.pc'
[13.139s] Level 1:colcon.colcon_core.environment:checking '/home/ubuntu/Documents/EMBR-Bot/ros2_ws/install/embr/lib/python3.10/site-packages'
[13.139s] Level 1:colcon.colcon_core.shell:create_environment_hook('embr', 'pythonpath')
[13.141s] INFO:colcon.colcon_core.shell:Creating environment hook '/home/ubuntu/Documents/EMBR-Bot/ros2_ws/install/embr/share/embr/hook/pythonpath.ps1'
[13.143s] INFO:colcon.colcon_core.shell:Creating environment descriptor '/home/ubuntu/Documents/EMBR-Bot/ros2_ws/install/embr/share/embr/hook/pythonpath.dsv'
[13.146s] INFO:colcon.colcon_core.shell:Creating environment hook '/home/ubuntu/Documents/EMBR-Bot/ros2_ws/install/embr/share/embr/hook/pythonpath.sh'
[13.151s] Level 1:colcon.colcon_core.environment:checking '/home/ubuntu/Documents/EMBR-Bot/ros2_ws/install/embr/bin'
[13.151s] Level 1:colcon.colcon_core.environment:create_environment_scripts_only(embr)
[13.154s] INFO:colcon.colcon_core.shell:Creating package script '/home/ubuntu/Documents/EMBR-Bot/ros2_ws/install/embr/share/embr/package.ps1'
[13.157s] INFO:colcon.colcon_core.shell:Creating package descriptor '/home/ubuntu/Documents/EMBR-Bot/ros2_ws/install/embr/share/embr/package.dsv'
[13.160s] INFO:colcon.colcon_core.shell:Creating package script '/home/ubuntu/Documents/EMBR-Bot/ros2_ws/install/embr/share/embr/package.sh'
[13.163s] INFO:colcon.colcon_core.shell:Creating package script '/home/ubuntu/Documents/EMBR-Bot/ros2_ws/install/embr/share/embr/package.bash'
[13.165s] INFO:colcon.colcon_core.shell:Creating package script '/home/ubuntu/Documents/EMBR-Bot/ros2_ws/install/embr/share/embr/package.zsh'
[13.167s] Level 1:colcon.colcon_core.environment:create_file_with_runtime_dependencies(/home/ubuntu/Documents/EMBR-Bot/ros2_ws/install/embr/share/colcon-core/packages/embr)
[13.168s] DEBUG:colcon.colcon_parallel_executor.executor.parallel:closing loop
[13.170s] DEBUG:colcon.colcon_parallel_executor.executor.parallel:loop closed
[13.171s] DEBUG:colcon.colcon_parallel_executor.executor.parallel:run_until_complete finished with '0'
[13.171s] DEBUG:colcon.colcon_core.event_reactor:joining thread
[13.201s] INFO:colcon.colcon_core.plugin_system:Skipping extension 'colcon_notification.desktop_notification.terminal_notifier': Not used on non-Darwin systems
[13.202s] INFO:colcon.colcon_core.plugin_system:Skipping extension 'colcon_notification.desktop_notification.win32': Not used on non-Windows systems
[13.202s] INFO:colcon.colcon_notification.desktop_notification:Sending desktop notification using 'notify2'
[13.291s] DEBUG:colcon.colcon_core.event_reactor:joined thread
[13.293s] INFO:colcon.colcon_core.shell:Creating prefix script '/home/ubuntu/Documents/EMBR-Bot/ros2_ws/install/local_setup.ps1'
[13.300s] INFO:colcon.colcon_core.shell:Creating prefix util module '/home/ubuntu/Documents/EMBR-Bot/ros2_ws/install/_local_setup_util_ps1.py'
[13.312s] INFO:colcon.colcon_core.shell:Creating prefix chain script '/home/ubuntu/Documents/EMBR-Bot/ros2_ws/install/setup.ps1'
[13.319s] INFO:colcon.colcon_core.shell:Creating prefix script '/home/ubuntu/Documents/EMBR-Bot/ros2_ws/install/local_setup.sh'
[13.323s] INFO:colcon.colcon_core.shell:Creating prefix util module '/home/ubuntu/Documents/EMBR-Bot/ros2_ws/install/_local_setup_util_sh.py'
[13.327s] INFO:colcon.colcon_core.shell:Creating prefix chain script '/home/ubuntu/Documents/EMBR-Bot/ros2_ws/install/setup.sh'
[13.334s] INFO:colcon.colcon_core.shell:Creating prefix script '/home/ubuntu/Documents/EMBR-Bot/ros2_ws/install/local_setup.bash'
[13.338s] INFO:colcon.colcon_core.shell:Creating prefix chain script '/home/ubuntu/Documents/EMBR-Bot/ros2_ws/install/setup.bash'
[13.345s] INFO:colcon.colcon_core.shell:Creating prefix script '/home/ubuntu/Documents/EMBR-Bot/ros2_ws/install/local_setup.zsh'
[13.349s] INFO:colcon.colcon_core.shell:Creating prefix chain script '/home/ubuntu/Documents/EMBR-Bot/ros2_ws/install/setup.zsh'
