[5.167s] Invoking command in '/home/ubuntu/Documents/EMBR-Bot/ros2_ws/src/embr': PYTHONPATH=/home/ubuntu/Documents/EMBR-Bot/ros2_ws/build/embr/prefix_override:/home/ubuntu/Documents/EMBR-Bot/ros2_ws/install/embr/lib/python3.10/site-packages:${PYTHONPATH} /usr/bin/python3 -W ignore:setup.py install is deprecated setup.py egg_info --egg-base ../../build/embr build --build-base /home/ubuntu/Documents/EMBR-Bot/ros2_ws/build/embr/build install --record /home/ubuntu/Documents/EMBR-Bot/ros2_ws/build/embr/install.log --single-version-externally-managed install_data
[7.107s] running egg_info
[7.113s] writing ../../build/embr/embr.egg-info/PKG-INFO
[7.116s] writing dependency_links to ../../build/embr/embr.egg-info/dependency_links.txt
[7.117s] writing entry points to ../../build/embr/embr.egg-info/entry_points.txt
[7.118s] writing requirements to ../../build/embr/embr.egg-info/requires.txt
[7.119s] writing top-level names to ../../build/embr/embr.egg-info/top_level.txt
[7.131s] reading manifest file '../../build/embr/embr.egg-info/SOURCES.txt'
[7.133s] adding license file 'LICENSE'
[7.139s] writing manifest file '../../build/embr/embr.egg-info/SOURCES.txt'
[7.140s] running build
[7.140s] running build_py
[7.141s] copying embr/getTemp.py -> /home/ubuntu/Documents/EMBR-Bot/ros2_ws/build/embr/build/lib/embr
[7.143s] running install
[7.145s] running install_lib
[7.150s] copying /home/ubuntu/Documents/EMBR-Bot/ros2_ws/build/embr/build/lib/embr/getTemp.py -> /home/ubuntu/Documents/EMBR-Bot/ros2_ws/install/embr/lib/python3.10/site-packages/embr
[7.154s] byte-compiling /home/ubuntu/Documents/EMBR-Bot/ros2_ws/install/embr/lib/python3.10/site-packages/embr/getTemp.py to getTemp.cpython-310.pyc
[7.158s] running install_data
[7.159s] running install_egg_info
[7.170s] removing '/home/ubuntu/Documents/EMBR-Bot/ros2_ws/install/embr/lib/python3.10/site-packages/embr-0.0.0-py3.10.egg-info' (and everything under it)
[7.171s] Copying ../../build/embr/embr.egg-info to /home/ubuntu/Documents/EMBR-Bot/ros2_ws/install/embr/lib/python3.10/site-packages/embr-0.0.0-py3.10.egg-info
[7.176s] running install_scripts
[7.326s] Installing getCube script to /home/ubuntu/Documents/EMBR-Bot/ros2_ws/install/embr/lib/embr
[7.332s] Installing getTemp script to /home/ubuntu/Documents/EMBR-Bot/ros2_ws/install/embr/lib/embr
[7.333s] Installing sendRf script to /home/ubuntu/Documents/EMBR-Bot/ros2_ws/install/embr/lib/embr
[7.334s] writing list of installed files to '/home/ubuntu/Documents/EMBR-Bot/ros2_ws/build/embr/install.log'
[7.551s] Invoked command in '/home/ubuntu/Documents/EMBR-Bot/ros2_ws/src/embr' returned '0': PYTHONPATH=/home/ubuntu/Documents/EMBR-Bot/ros2_ws/build/embr/prefix_override:/home/ubuntu/Documents/EMBR-Bot/ros2_ws/install/embr/lib/python3.10/site-packages:${PYTHONPATH} /usr/bin/python3 -W ignore:setup.py install is deprecated setup.py egg_info --egg-base ../../build/embr build --build-base /home/ubuntu/Documents/EMBR-Bot/ros2_ws/build/embr/build install --record /home/ubuntu/Documents/EMBR-Bot/ros2_ws/build/embr/install.log --single-version-externally-managed install_data
