[4.822s] Invoking command in '/home/ubuntu/Documents/EMBR-Bot/ros2_ws/src/embr': PYTHONPATH=/home/ubuntu/Documents/EMBR-Bot/ros2_ws/build/embr/prefix_override:/home/ubuntu/Documents/EMBR-Bot/ros2_ws/install/embr/lib/python3.10/site-packages:${PYTHONPATH} /usr/bin/python3 -W ignore:setup.py install is deprecated setup.py egg_info --egg-base ../../build/embr build --build-base /home/ubuntu/Documents/EMBR-Bot/ros2_ws/build/embr/build install --record /home/ubuntu/Documents/EMBR-Bot/ros2_ws/build/embr/install.log --single-version-externally-managed install_data
[6.619s] running egg_info
[6.625s] writing ../../build/embr/embr.egg-info/PKG-INFO
[6.627s] writing dependency_links to ../../build/embr/embr.egg-info/dependency_links.txt
[6.629s] writing entry points to ../../build/embr/embr.egg-info/entry_points.txt
[6.631s] writing requirements to ../../build/embr/embr.egg-info/requires.txt
[6.631s] writing top-level names to ../../build/embr/embr.egg-info/top_level.txt
[6.644s] reading manifest file '../../build/embr/embr.egg-info/SOURCES.txt'
[6.646s] adding license file 'LICENSE'
[6.651s] writing manifest file '../../build/embr/embr.egg-info/SOURCES.txt'
[6.652s] running build
[6.653s] running build_py
[6.654s] copying embr/getTemp.py -> /home/ubuntu/Documents/EMBR-Bot/ros2_ws/build/embr/build/lib/embr
[6.656s] running install
[6.658s] running install_lib
[6.664s] copying /home/ubuntu/Documents/EMBR-Bot/ros2_ws/build/embr/build/lib/embr/getTemp.py -> /home/ubuntu/Documents/EMBR-Bot/ros2_ws/install/embr/lib/python3.10/site-packages/embr
[6.668s] byte-compiling /home/ubuntu/Documents/EMBR-Bot/ros2_ws/install/embr/lib/python3.10/site-packages/embr/getTemp.py to getTemp.cpython-310.pyc
[6.672s] running install_data
[6.673s] running install_egg_info
[6.684s] removing '/home/ubuntu/Documents/EMBR-Bot/ros2_ws/install/embr/lib/python3.10/site-packages/embr-0.0.0-py3.10.egg-info' (and everything under it)
[6.686s] Copying ../../build/embr/embr.egg-info to /home/ubuntu/Documents/EMBR-Bot/ros2_ws/install/embr/lib/python3.10/site-packages/embr-0.0.0-py3.10.egg-info
[6.699s] running install_scripts
[6.836s] Installing getCube script to /home/ubuntu/Documents/EMBR-Bot/ros2_ws/install/embr/lib/embr
[6.837s] Installing getTemp script to /home/ubuntu/Documents/EMBR-Bot/ros2_ws/install/embr/lib/embr
[6.841s] Installing sendRf script to /home/ubuntu/Documents/EMBR-Bot/ros2_ws/install/embr/lib/embr
[6.842s] writing list of installed files to '/home/ubuntu/Documents/EMBR-Bot/ros2_ws/build/embr/install.log'
[7.066s] Invoked command in '/home/ubuntu/Documents/EMBR-Bot/ros2_ws/src/embr' returned '0': PYTHONPATH=/home/ubuntu/Documents/EMBR-Bot/ros2_ws/build/embr/prefix_override:/home/ubuntu/Documents/EMBR-Bot/ros2_ws/install/embr/lib/python3.10/site-packages:${PYTHONPATH} /usr/bin/python3 -W ignore:setup.py install is deprecated setup.py egg_info --egg-base ../../build/embr build --build-base /home/ubuntu/Documents/EMBR-Bot/ros2_ws/build/embr/build install --record /home/ubuntu/Documents/EMBR-Bot/ros2_ws/build/embr/install.log --single-version-externally-managed install_data
