[0.054s] Invoking command in '/home/ubuntu/Documents/EMBR-Bot/ros2_ws/build/msg_interface': CMAKE_PREFIX_PATH=/opt/ros/humble /usr/bin/cmake --build /home/ubuntu/Documents/EMBR-Bot/ros2_ws/build/msg_interface -- -j4 -l4
[0.316s] [  9%] Built target msg_interface__rosidl_generator_c
[0.317s] [ 12%] Built target msg_interface__cpp
[0.341s] [ 12%] Built target ament_cmake_python_copy_msg_interface
[0.466s] [ 22%] Built target msg_interface__rosidl_typesupport_c
[0.472s] [ 32%] Built target msg_interface__rosidl_typesupport_fastrtps_cpp
[0.485s] [ 41%] Built target msg_interface__rosidl_typesupport_fastrtps_c
[0.515s] [ 51%] Built target msg_interface__rosidl_typesupport_introspection_c
[0.590s] [ 61%] Built target msg_interface__rosidl_typesupport_introspection_cpp
[0.619s] [ 70%] Built target msg_interface__rosidl_typesupport_cpp
[0.722s] [ 70%] Built target msg_interface
[0.835s] [ 74%] Built target msg_interface__py
[0.950s] [ 80%] Built target msg_interface__rosidl_generator_py
[1.073s] [ 87%] Built target msg_interface__rosidl_typesupport_fastrtps_c__pyext
[1.105s] [ 93%] Built target msg_interface__rosidl_typesupport_c__pyext
[1.148s] [100%] Built target msg_interface__rosidl_typesupport_introspection_c__pyext
[2.414s] running egg_info
[2.419s] writing msg_interface.egg-info/PKG-INFO
[2.421s] writing dependency_links to msg_interface.egg-info/dependency_links.txt
[2.422s] writing top-level names to msg_interface.egg-info/top_level.txt
[2.438s] reading manifest file 'msg_interface.egg-info/SOURCES.txt'
[2.443s] writing manifest file 'msg_interface.egg-info/SOURCES.txt'
[2.655s] [100%] Built target ament_cmake_python_build_msg_interface_egg
[2.709s] Invoked command in '/home/ubuntu/Documents/EMBR-Bot/ros2_ws/build/msg_interface' returned '0': CMAKE_PREFIX_PATH=/opt/ros/humble /usr/bin/cmake --build /home/ubuntu/Documents/EMBR-Bot/ros2_ws/build/msg_interface -- -j4 -l4
[2.974s] Invoking command in '/home/ubuntu/Documents/EMBR-Bot/ros2_ws/build/msg_interface': CMAKE_PREFIX_PATH=/opt/ros/humble /usr/bin/cmake --install /home/ubuntu/Documents/EMBR-Bot/ros2_ws/build/msg_interface
[3.016s] -- Install configuration: ""
[3.016s] -- Up-to-date: /home/ubuntu/Documents/EMBR-Bot/ros2_ws/install/msg_interface/share/ament_index/resource_index/rosidl_interfaces/msg_interface
[3.017s] -- Up-to-date: /home/ubuntu/Documents/EMBR-Bot/ros2_ws/install/msg_interface/include/msg_interface/msg_interface
[3.018s] -- Up-to-date: /home/ubuntu/Documents/EMBR-Bot/ros2_ws/install/msg_interface/include/msg_interface/msg_interface/msg
[3.019s] -- Up-to-date: /home/ubuntu/Documents/EMBR-Bot/ros2_ws/install/msg_interface/include/msg_interface/msg_interface/msg/gps.h
[3.020s] -- Up-to-date: /home/ubuntu/Documents/EMBR-Bot/ros2_ws/install/msg_interface/include/msg_interface/msg_interface/msg/detail
[3.021s] -- Up-to-date: /home/ubuntu/Documents/EMBR-Bot/ros2_ws/install/msg_interface/include/msg_interface/msg_interface/msg/detail/gps__functions.h
[3.022s] -- Up-to-date: /home/ubuntu/Documents/EMBR-Bot/ros2_ws/install/msg_interface/include/msg_interface/msg_interface/msg/detail/gps__struct.h
[3.023s] -- Up-to-date: /home/ubuntu/Documents/EMBR-Bot/ros2_ws/install/msg_interface/include/msg_interface/msg_interface/msg/detail/gps__functions.c
[3.023s] -- Up-to-date: /home/ubuntu/Documents/EMBR-Bot/ros2_ws/install/msg_interface/include/msg_interface/msg_interface/msg/detail/gps__type_support.h
[3.024s] -- Up-to-date: /home/ubuntu/Documents/EMBR-Bot/ros2_ws/install/msg_interface/include/msg_interface/msg_interface/msg/rosidl_generator_c__visibility_control.h
[3.025s] -- Up-to-date: /home/ubuntu/Documents/EMBR-Bot/ros2_ws/install/msg_interface/share/msg_interface/environment/library_path.sh
[3.025s] -- Up-to-date: /home/ubuntu/Documents/EMBR-Bot/ros2_ws/install/msg_interface/share/msg_interface/environment/library_path.dsv
[3.026s] -- Up-to-date: /home/ubuntu/Documents/EMBR-Bot/ros2_ws/install/msg_interface/lib/libmsg_interface__rosidl_generator_c.so
[3.029s] -- Up-to-date: /home/ubuntu/Documents/EMBR-Bot/ros2_ws/install/msg_interface/include/msg_interface/msg_interface
[3.031s] -- Up-to-date: /home/ubuntu/Documents/EMBR-Bot/ros2_ws/install/msg_interface/include/msg_interface/msg_interface/msg
[3.033s] -- Up-to-date: /home/ubuntu/Documents/EMBR-Bot/ros2_ws/install/msg_interface/include/msg_interface/msg_interface/msg/detail
[3.037s] -- Up-to-date: /home/ubuntu/Documents/EMBR-Bot/ros2_ws/install/msg_interface/include/msg_interface/msg_interface/msg/detail/gps__rosidl_typesupport_fastrtps_c.h
[3.037s] -- Up-to-date: /home/ubuntu/Documents/EMBR-Bot/ros2_ws/install/msg_interface/include/msg_interface/msg_interface/msg/rosidl_typesupport_fastrtps_c__visibility_control.h
[3.038s] -- Up-to-date: /home/ubuntu/Documents/EMBR-Bot/ros2_ws/install/msg_interface/lib/libmsg_interface__rosidl_typesupport_fastrtps_c.so
[3.038s] -- Up-to-date: /home/ubuntu/Documents/EMBR-Bot/ros2_ws/install/msg_interface/include/msg_interface/msg_interface
[3.039s] -- Up-to-date: /home/ubuntu/Documents/EMBR-Bot/ros2_ws/install/msg_interface/include/msg_interface/msg_interface/msg
[3.040s] -- Up-to-date: /home/ubuntu/Documents/EMBR-Bot/ros2_ws/install/msg_interface/include/msg_interface/msg_interface/msg/detail
[3.041s] -- Up-to-date: /home/ubuntu/Documents/EMBR-Bot/ros2_ws/install/msg_interface/include/msg_interface/msg_interface/msg/detail/gps__rosidl_typesupport_introspection_c.h
[3.041s] -- Up-to-date: /home/ubuntu/Documents/EMBR-Bot/ros2_ws/install/msg_interface/include/msg_interface/msg_interface/msg/detail/gps__type_support.c
[3.042s] -- Up-to-date: /home/ubuntu/Documents/EMBR-Bot/ros2_ws/install/msg_interface/include/msg_interface/msg_interface/msg/rosidl_typesupport_introspection_c__visibility_control.h
[3.043s] -- Up-to-date: /home/ubuntu/Documents/EMBR-Bot/ros2_ws/install/msg_interface/lib/libmsg_interface__rosidl_typesupport_introspection_c.so
[3.043s] -- Up-to-date: /home/ubuntu/Documents/EMBR-Bot/ros2_ws/install/msg_interface/lib/libmsg_interface__rosidl_typesupport_c.so
[3.044s] -- Up-to-date: /home/ubuntu/Documents/EMBR-Bot/ros2_ws/install/msg_interface/include/msg_interface/msg_interface
[3.045s] -- Up-to-date: /home/ubuntu/Documents/EMBR-Bot/ros2_ws/install/msg_interface/include/msg_interface/msg_interface/msg
[3.045s] -- Up-to-date: /home/ubuntu/Documents/EMBR-Bot/ros2_ws/install/msg_interface/include/msg_interface/msg_interface/msg/detail
[3.046s] -- Up-to-date: /home/ubuntu/Documents/EMBR-Bot/ros2_ws/install/msg_interface/include/msg_interface/msg_interface/msg/detail/gps__builder.hpp
[3.046s] -- Up-to-date: /home/ubuntu/Documents/EMBR-Bot/ros2_ws/install/msg_interface/include/msg_interface/msg_interface/msg/detail/gps__struct.hpp
[3.047s] -- Up-to-date: /home/ubuntu/Documents/EMBR-Bot/ros2_ws/install/msg_interface/include/msg_interface/msg_interface/msg/detail/gps__traits.hpp
[3.048s] -- Up-to-date: /home/ubuntu/Documents/EMBR-Bot/ros2_ws/install/msg_interface/include/msg_interface/msg_interface/msg/gps.hpp
[3.048s] -- Up-to-date: /home/ubuntu/Documents/EMBR-Bot/ros2_ws/install/msg_interface/include/msg_interface/msg_interface
[3.049s] -- Up-to-date: /home/ubuntu/Documents/EMBR-Bot/ros2_ws/install/msg_interface/include/msg_interface/msg_interface/msg
[3.049s] -- Up-to-date: /home/ubuntu/Documents/EMBR-Bot/ros2_ws/install/msg_interface/include/msg_interface/msg_interface/msg/rosidl_typesupport_fastrtps_cpp__visibility_control.h
[3.050s] -- Up-to-date: /home/ubuntu/Documents/EMBR-Bot/ros2_ws/install/msg_interface/include/msg_interface/msg_interface/msg/detail
[3.050s] -- Up-to-date: /home/ubuntu/Documents/EMBR-Bot/ros2_ws/install/msg_interface/include/msg_interface/msg_interface/msg/detail/dds_fastrtps
[3.051s] -- Up-to-date: /home/ubuntu/Documents/EMBR-Bot/ros2_ws/install/msg_interface/include/msg_interface/msg_interface/msg/detail/gps__rosidl_typesupport_fastrtps_cpp.hpp
[3.051s] -- Up-to-date: /home/ubuntu/Documents/EMBR-Bot/ros2_ws/install/msg_interface/lib/libmsg_interface__rosidl_typesupport_fastrtps_cpp.so
[3.052s] -- Up-to-date: /home/ubuntu/Documents/EMBR-Bot/ros2_ws/install/msg_interface/include/msg_interface/msg_interface
[3.053s] -- Up-to-date: /home/ubuntu/Documents/EMBR-Bot/ros2_ws/install/msg_interface/include/msg_interface/msg_interface/msg
[3.053s] -- Up-to-date: /home/ubuntu/Documents/EMBR-Bot/ros2_ws/install/msg_interface/include/msg_interface/msg_interface/msg/detail
[3.054s] -- Up-to-date: /home/ubuntu/Documents/EMBR-Bot/ros2_ws/install/msg_interface/include/msg_interface/msg_interface/msg/detail/gps__rosidl_typesupport_introspection_cpp.hpp
[3.054s] -- Up-to-date: /home/ubuntu/Documents/EMBR-Bot/ros2_ws/install/msg_interface/include/msg_interface/msg_interface/msg/detail/gps__type_support.cpp
[3.055s] -- Up-to-date: /home/ubuntu/Documents/EMBR-Bot/ros2_ws/install/msg_interface/lib/libmsg_interface__rosidl_typesupport_introspection_cpp.so
[3.055s] -- Up-to-date: /home/ubuntu/Documents/EMBR-Bot/ros2_ws/install/msg_interface/lib/libmsg_interface__rosidl_typesupport_cpp.so
[3.056s] -- Up-to-date: /home/ubuntu/Documents/EMBR-Bot/ros2_ws/install/msg_interface/share/msg_interface/environment/pythonpath.sh
[3.056s] -- Up-to-date: /home/ubuntu/Documents/EMBR-Bot/ros2_ws/install/msg_interface/share/msg_interface/environment/pythonpath.dsv
[3.057s] -- Up-to-date: /home/ubuntu/Documents/EMBR-Bot/ros2_ws/install/msg_interface/local/lib/python3.10/dist-packages/msg_interface-0.0.0-py3.10.egg-info
[3.058s] -- Installing: /home/ubuntu/Documents/EMBR-Bot/ros2_ws/install/msg_interface/local/lib/python3.10/dist-packages/msg_interface-0.0.0-py3.10.egg-info/dependency_links.txt
[3.058s] -- Installing: /home/ubuntu/Documents/EMBR-Bot/ros2_ws/install/msg_interface/local/lib/python3.10/dist-packages/msg_interface-0.0.0-py3.10.egg-info/PKG-INFO
[3.059s] -- Installing: /home/ubuntu/Documents/EMBR-Bot/ros2_ws/install/msg_interface/local/lib/python3.10/dist-packages/msg_interface-0.0.0-py3.10.egg-info/top_level.txt
[3.059s] -- Installing: /home/ubuntu/Documents/EMBR-Bot/ros2_ws/install/msg_interface/local/lib/python3.10/dist-packages/msg_interface-0.0.0-py3.10.egg-info/SOURCES.txt
[3.060s] -- Up-to-date: /home/ubuntu/Documents/EMBR-Bot/ros2_ws/install/msg_interface/local/lib/python3.10/dist-packages/msg_interface
[3.060s] -- Up-to-date: /home/ubuntu/Documents/EMBR-Bot/ros2_ws/install/msg_interface/local/lib/python3.10/dist-packages/msg_interface/msg
[3.061s] -- Up-to-date: /home/ubuntu/Documents/EMBR-Bot/ros2_ws/install/msg_interface/local/lib/python3.10/dist-packages/msg_interface/msg/_gps_s.c
[3.061s] -- Up-to-date: /home/ubuntu/Documents/EMBR-Bot/ros2_ws/install/msg_interface/local/lib/python3.10/dist-packages/msg_interface/msg/_gps.py
[3.062s] -- Up-to-date: /home/ubuntu/Documents/EMBR-Bot/ros2_ws/install/msg_interface/local/lib/python3.10/dist-packages/msg_interface/msg/__init__.py
[3.063s] -- Up-to-date: /home/ubuntu/Documents/EMBR-Bot/ros2_ws/install/msg_interface/local/lib/python3.10/dist-packages/msg_interface/_msg_interface_s.ep.rosidl_typesupport_c.c
[3.064s] -- Up-to-date: /home/ubuntu/Documents/EMBR-Bot/ros2_ws/install/msg_interface/local/lib/python3.10/dist-packages/msg_interface/_msg_interface_s.ep.rosidl_typesupport_introspection_c.c
[3.064s] -- Up-to-date: /home/ubuntu/Documents/EMBR-Bot/ros2_ws/install/msg_interface/local/lib/python3.10/dist-packages/msg_interface/msg_interface_s__rosidl_typesupport_introspection_c.cpython-310-aarch64-linux-gnu.so
[3.065s] -- Up-to-date: /home/ubuntu/Documents/EMBR-Bot/ros2_ws/install/msg_interface/local/lib/python3.10/dist-packages/msg_interface/_msg_interface_s.ep.rosidl_typesupport_fastrtps_c.c
[3.065s] -- Up-to-date: /home/ubuntu/Documents/EMBR-Bot/ros2_ws/install/msg_interface/local/lib/python3.10/dist-packages/msg_interface/msg_interface_s__rosidl_typesupport_c.cpython-310-aarch64-linux-gnu.so
[3.066s] -- Up-to-date: /home/ubuntu/Documents/EMBR-Bot/ros2_ws/install/msg_interface/local/lib/python3.10/dist-packages/msg_interface/msg_interface_s__rosidl_typesupport_fastrtps_c.cpython-310-aarch64-linux-gnu.so
[3.066s] -- Up-to-date: /home/ubuntu/Documents/EMBR-Bot/ros2_ws/install/msg_interface/local/lib/python3.10/dist-packages/msg_interface/__init__.py
[3.067s] -- Up-to-date: /home/ubuntu/Documents/EMBR-Bot/ros2_ws/install/msg_interface/local/lib/python3.10/dist-packages/msg_interface/libmsg_interface__rosidl_generator_py.so
[3.232s] Listing '/home/ubuntu/Documents/EMBR-Bot/ros2_ws/install/msg_interface/local/lib/python3.10/dist-packages/msg_interface'...
[3.233s] Listing '/home/ubuntu/Documents/EMBR-Bot/ros2_ws/install/msg_interface/local/lib/python3.10/dist-packages/msg_interface/msg'...
[3.280s] -- Up-to-date: /home/ubuntu/Documents/EMBR-Bot/ros2_ws/install/msg_interface/local/lib/python3.10/dist-packages/msg_interface/msg_interface_s__rosidl_typesupport_fastrtps_c.cpython-310-aarch64-linux-gnu.so
[3.281s] -- Up-to-date: /home/ubuntu/Documents/EMBR-Bot/ros2_ws/install/msg_interface/local/lib/python3.10/dist-packages/msg_interface/msg_interface_s__rosidl_typesupport_introspection_c.cpython-310-aarch64-linux-gnu.so
[3.281s] -- Up-to-date: /home/ubuntu/Documents/EMBR-Bot/ros2_ws/install/msg_interface/local/lib/python3.10/dist-packages/msg_interface/msg_interface_s__rosidl_typesupport_c.cpython-310-aarch64-linux-gnu.so
[3.283s] -- Up-to-date: /home/ubuntu/Documents/EMBR-Bot/ros2_ws/install/msg_interface/lib/libmsg_interface__rosidl_generator_py.so
[3.285s] -- Up-to-date: /home/ubuntu/Documents/EMBR-Bot/ros2_ws/install/msg_interface/share/msg_interface/msg/Gps.idl
[3.287s] -- Up-to-date: /home/ubuntu/Documents/EMBR-Bot/ros2_ws/install/msg_interface/share/msg_interface/msg/Gps.msg
[3.288s] -- Up-to-date: /home/ubuntu/Documents/EMBR-Bot/ros2_ws/install/msg_interface/share/ament_index/resource_index/package_run_dependencies/msg_interface
[3.289s] -- Up-to-date: /home/ubuntu/Documents/EMBR-Bot/ros2_ws/install/msg_interface/share/ament_index/resource_index/parent_prefix_path/msg_interface
[3.291s] -- Up-to-date: /home/ubuntu/Documents/EMBR-Bot/ros2_ws/install/msg_interface/share/msg_interface/environment/ament_prefix_path.sh
[3.292s] -- Up-to-date: /home/ubuntu/Documents/EMBR-Bot/ros2_ws/install/msg_interface/share/msg_interface/environment/ament_prefix_path.dsv
[3.293s] -- Up-to-date: /home/ubuntu/Documents/EMBR-Bot/ros2_ws/install/msg_interface/share/msg_interface/environment/path.sh
[3.294s] -- Up-to-date: /home/ubuntu/Documents/EMBR-Bot/ros2_ws/install/msg_interface/share/msg_interface/environment/path.dsv
[3.295s] -- Up-to-date: /home/ubuntu/Documents/EMBR-Bot/ros2_ws/install/msg_interface/share/msg_interface/local_setup.bash
[3.297s] -- Up-to-date: /home/ubuntu/Documents/EMBR-Bot/ros2_ws/install/msg_interface/share/msg_interface/local_setup.sh
[3.298s] -- Up-to-date: /home/ubuntu/Documents/EMBR-Bot/ros2_ws/install/msg_interface/share/msg_interface/local_setup.zsh
[3.299s] -- Up-to-date: /home/ubuntu/Documents/EMBR-Bot/ros2_ws/install/msg_interface/share/msg_interface/local_setup.dsv
[3.300s] -- Installing: /home/ubuntu/Documents/EMBR-Bot/ros2_ws/install/msg_interface/share/msg_interface/package.dsv
[3.302s] -- Up-to-date: /home/ubuntu/Documents/EMBR-Bot/ros2_ws/install/msg_interface/share/ament_index/resource_index/packages/msg_interface
[3.304s] -- Up-to-date: /home/ubuntu/Documents/EMBR-Bot/ros2_ws/install/msg_interface/share/msg_interface/cmake/export_msg_interface__rosidl_generator_cExport.cmake
[3.306s] -- Up-to-date: /home/ubuntu/Documents/EMBR-Bot/ros2_ws/install/msg_interface/share/msg_interface/cmake/export_msg_interface__rosidl_generator_cExport-noconfig.cmake
[3.307s] -- Up-to-date: /home/ubuntu/Documents/EMBR-Bot/ros2_ws/install/msg_interface/share/msg_interface/cmake/export_msg_interface__rosidl_typesupport_fastrtps_cExport.cmake
[3.308s] -- Up-to-date: /home/ubuntu/Documents/EMBR-Bot/ros2_ws/install/msg_interface/share/msg_interface/cmake/export_msg_interface__rosidl_typesupport_fastrtps_cExport-noconfig.cmake
[3.310s] -- Up-to-date: /home/ubuntu/Documents/EMBR-Bot/ros2_ws/install/msg_interface/share/msg_interface/cmake/msg_interface__rosidl_typesupport_introspection_cExport.cmake
[3.311s] -- Up-to-date: /home/ubuntu/Documents/EMBR-Bot/ros2_ws/install/msg_interface/share/msg_interface/cmake/msg_interface__rosidl_typesupport_introspection_cExport-noconfig.cmake
[3.313s] -- Up-to-date: /home/ubuntu/Documents/EMBR-Bot/ros2_ws/install/msg_interface/share/msg_interface/cmake/msg_interface__rosidl_typesupport_cExport.cmake
[3.314s] -- Up-to-date: /home/ubuntu/Documents/EMBR-Bot/ros2_ws/install/msg_interface/share/msg_interface/cmake/msg_interface__rosidl_typesupport_cExport-noconfig.cmake
[3.315s] -- Up-to-date: /home/ubuntu/Documents/EMBR-Bot/ros2_ws/install/msg_interface/share/msg_interface/cmake/export_msg_interface__rosidl_generator_cppExport.cmake
[3.317s] -- Up-to-date: /home/ubuntu/Documents/EMBR-Bot/ros2_ws/install/msg_interface/share/msg_interface/cmake/export_msg_interface__rosidl_typesupport_fastrtps_cppExport.cmake
[3.318s] -- Up-to-date: /home/ubuntu/Documents/EMBR-Bot/ros2_ws/install/msg_interface/share/msg_interface/cmake/export_msg_interface__rosidl_typesupport_fastrtps_cppExport-noconfig.cmake
[3.320s] -- Up-to-date: /home/ubuntu/Documents/EMBR-Bot/ros2_ws/install/msg_interface/share/msg_interface/cmake/msg_interface__rosidl_typesupport_introspection_cppExport.cmake
[3.321s] -- Up-to-date: /home/ubuntu/Documents/EMBR-Bot/ros2_ws/install/msg_interface/share/msg_interface/cmake/msg_interface__rosidl_typesupport_introspection_cppExport-noconfig.cmake
[3.323s] -- Up-to-date: /home/ubuntu/Documents/EMBR-Bot/ros2_ws/install/msg_interface/share/msg_interface/cmake/msg_interface__rosidl_typesupport_cppExport.cmake
[3.325s] -- Up-to-date: /home/ubuntu/Documents/EMBR-Bot/ros2_ws/install/msg_interface/share/msg_interface/cmake/msg_interface__rosidl_typesupport_cppExport-noconfig.cmake
[3.327s] -- Up-to-date: /home/ubuntu/Documents/EMBR-Bot/ros2_ws/install/msg_interface/share/msg_interface/cmake/export_msg_interface__rosidl_generator_pyExport.cmake
[3.328s] -- Up-to-date: /home/ubuntu/Documents/EMBR-Bot/ros2_ws/install/msg_interface/share/msg_interface/cmake/export_msg_interface__rosidl_generator_pyExport-noconfig.cmake
[3.329s] -- Up-to-date: /home/ubuntu/Documents/EMBR-Bot/ros2_ws/install/msg_interface/share/msg_interface/cmake/rosidl_cmake-extras.cmake
[3.330s] -- Up-to-date: /home/ubuntu/Documents/EMBR-Bot/ros2_ws/install/msg_interface/share/msg_interface/cmake/ament_cmake_export_include_directories-extras.cmake
[3.337s] -- Up-to-date: /home/ubuntu/Documents/EMBR-Bot/ros2_ws/install/msg_interface/share/msg_interface/cmake/ament_cmake_export_libraries-extras.cmake
[3.337s] -- Up-to-date: /home/ubuntu/Documents/EMBR-Bot/ros2_ws/install/msg_interface/share/msg_interface/cmake/ament_cmake_export_targets-extras.cmake
[3.338s] -- Up-to-date: /home/ubuntu/Documents/EMBR-Bot/ros2_ws/install/msg_interface/share/msg_interface/cmake/rosidl_cmake_export_typesupport_targets-extras.cmake
[3.338s] -- Up-to-date: /home/ubuntu/Documents/EMBR-Bot/ros2_ws/install/msg_interface/share/msg_interface/cmake/ament_cmake_export_dependencies-extras.cmake
[3.340s] -- Up-to-date: /home/ubuntu/Documents/EMBR-Bot/ros2_ws/install/msg_interface/share/msg_interface/cmake/rosidl_cmake_export_typesupport_libraries-extras.cmake
[3.342s] -- Up-to-date: /home/ubuntu/Documents/EMBR-Bot/ros2_ws/install/msg_interface/share/msg_interface/cmake/msg_interfaceConfig.cmake
[3.353s] -- Up-to-date: /home/ubuntu/Documents/EMBR-Bot/ros2_ws/install/msg_interface/share/msg_interface/cmake/msg_interfaceConfig-version.cmake
[3.354s] -- Up-to-date: /home/ubuntu/Documents/EMBR-Bot/ros2_ws/install/msg_interface/share/msg_interface/package.xml
[3.355s] Invoked command in '/home/ubuntu/Documents/EMBR-Bot/ros2_ws/build/msg_interface' returned '0': CMAKE_PREFIX_PATH=/opt/ros/humble /usr/bin/cmake --install /home/ubuntu/Documents/EMBR-Bot/ros2_ws/build/msg_interface
