[ 12%] Built target msg_interface__rosidl_generator_c
[ 12%] Built target msg_interface__cpp
[ 12%] Built target ament_cmake_python_copy_msg_interface
[ 22%] Built target msg_interface__rosidl_typesupport_fastrtps_c
[ 32%] Built target msg_interface__rosidl_typesupport_c
[ 41%] Built target msg_interface__rosidl_typesupport_introspection_c
[ 51%] Built target msg_interface__rosidl_typesupport_fastrtps_cpp
[ 61%] Built target msg_interface__rosidl_typesupport_introspection_cpp
[ 70%] Built target msg_interface__rosidl_typesupport_cpp
[ 70%] Built target msg_interface
[ 74%] Built target msg_interface__py
[ 80%] Built target msg_interface__rosidl_generator_py
[ 87%] Built target msg_interface__rosidl_typesupport_fastrtps_c__pyext
[ 93%] Built target msg_interface__rosidl_typesupport_c__pyext
[100%] Built target msg_interface__rosidl_typesupport_introspection_c__pyext
running egg_info
writing msg_interface.egg-info/PKG-INFO
writing dependency_links to msg_interface.egg-info/dependency_links.txt
writing top-level names to msg_interface.egg-info/top_level.txt
reading manifest file 'msg_interface.egg-info/SOURCES.txt'
writing manifest file 'msg_interface.egg-info/SOURCES.txt'
[100%] Built target ament_cmake_python_build_msg_interface_egg
-- Install configuration: ""
-- Up-to-date: /home/ubuntu/Documents/EMBR-Bot/ros2_ws/install/msg_interface/share/ament_index/resource_index/rosidl_interfaces/msg_interface
-- Up-to-date: /home/ubuntu/Documents/EMBR-Bot/ros2_ws/install/msg_interface/include/msg_interface/msg_interface
-- Up-to-date: /home/ubuntu/Documents/EMBR-Bot/ros2_ws/install/msg_interface/include/msg_interface/msg_interface/msg
-- Up-to-date: /home/ubuntu/Documents/EMBR-Bot/ros2_ws/install/msg_interface/include/msg_interface/msg_interface/msg/gps.h
-- Up-to-date: /home/ubuntu/Documents/EMBR-Bot/ros2_ws/install/msg_interface/include/msg_interface/msg_interface/msg/detail
-- Up-to-date: /home/ubuntu/Documents/EMBR-Bot/ros2_ws/install/msg_interface/include/msg_interface/msg_interface/msg/detail/gps__functions.h
-- Up-to-date: /home/ubuntu/Documents/EMBR-Bot/ros2_ws/install/msg_interface/include/msg_interface/msg_interface/msg/detail/gps__struct.h
-- Up-to-date: /home/ubuntu/Documents/EMBR-Bot/ros2_ws/install/msg_interface/include/msg_interface/msg_interface/msg/detail/gps__functions.c
-- Up-to-date: /home/ubuntu/Documents/EMBR-Bot/ros2_ws/install/msg_interface/include/msg_interface/msg_interface/msg/detail/gps__type_support.h
-- Up-to-date: /home/ubuntu/Documents/EMBR-Bot/ros2_ws/install/msg_interface/include/msg_interface/msg_interface/msg/rosidl_generator_c__visibility_control.h
-- Up-to-date: /home/ubuntu/Documents/EMBR-Bot/ros2_ws/install/msg_interface/share/msg_interface/environment/library_path.sh
-- Up-to-date: /home/ubuntu/Documents/EMBR-Bot/ros2_ws/install/msg_interface/share/msg_interface/environment/library_path.dsv
-- Up-to-date: /home/ubuntu/Documents/EMBR-Bot/ros2_ws/install/msg_interface/lib/libmsg_interface__rosidl_generator_c.so
-- Up-to-date: /home/ubuntu/Documents/EMBR-Bot/ros2_ws/install/msg_interface/include/msg_interface/msg_interface
-- Up-to-date: /home/ubuntu/Documents/EMBR-Bot/ros2_ws/install/msg_interface/include/msg_interface/msg_interface/msg
-- Up-to-date: /home/ubuntu/Documents/EMBR-Bot/ros2_ws/install/msg_interface/include/msg_interface/msg_interface/msg/detail
-- Up-to-date: /home/ubuntu/Documents/EMBR-Bot/ros2_ws/install/msg_interface/include/msg_interface/msg_interface/msg/detail/gps__rosidl_typesupport_fastrtps_c.h
-- Up-to-date: /home/ubuntu/Documents/EMBR-Bot/ros2_ws/install/msg_interface/include/msg_interface/msg_interface/msg/rosidl_typesupport_fastrtps_c__visibility_control.h
-- Up-to-date: /home/ubuntu/Documents/EMBR-Bot/ros2_ws/install/msg_interface/lib/libmsg_interface__rosidl_typesupport_fastrtps_c.so
-- Up-to-date: /home/ubuntu/Documents/EMBR-Bot/ros2_ws/install/msg_interface/include/msg_interface/msg_interface
-- Up-to-date: /home/ubuntu/Documents/EMBR-Bot/ros2_ws/install/msg_interface/include/msg_interface/msg_interface/msg
-- Up-to-date: /home/ubuntu/Documents/EMBR-Bot/ros2_ws/install/msg_interface/include/msg_interface/msg_interface/msg/detail
-- Up-to-date: /home/ubuntu/Documents/EMBR-Bot/ros2_ws/install/msg_interface/include/msg_interface/msg_interface/msg/detail/gps__rosidl_typesupport_introspection_c.h
-- Up-to-date: /home/ubuntu/Documents/EMBR-Bot/ros2_ws/install/msg_interface/include/msg_interface/msg_interface/msg/detail/gps__type_support.c
-- Up-to-date: /home/ubuntu/Documents/EMBR-Bot/ros2_ws/install/msg_interface/include/msg_interface/msg_interface/msg/rosidl_typesupport_introspection_c__visibility_control.h
-- Up-to-date: /home/ubuntu/Documents/EMBR-Bot/ros2_ws/install/msg_interface/lib/libmsg_interface__rosidl_typesupport_introspection_c.so
-- Up-to-date: /home/ubuntu/Documents/EMBR-Bot/ros2_ws/install/msg_interface/lib/libmsg_interface__rosidl_typesupport_c.so
-- Up-to-date: /home/ubuntu/Documents/EMBR-Bot/ros2_ws/install/msg_interface/include/msg_interface/msg_interface
-- Up-to-date: /home/ubuntu/Documents/EMBR-Bot/ros2_ws/install/msg_interface/include/msg_interface/msg_interface/msg
-- Up-to-date: /home/ubuntu/Documents/EMBR-Bot/ros2_ws/install/msg_interface/include/msg_interface/msg_interface/msg/detail
-- Up-to-date: /home/ubuntu/Documents/EMBR-Bot/ros2_ws/install/msg_interface/include/msg_interface/msg_interface/msg/detail/gps__builder.hpp
-- Up-to-date: /home/ubuntu/Documents/EMBR-Bot/ros2_ws/install/msg_interface/include/msg_interface/msg_interface/msg/detail/gps__struct.hpp
-- Up-to-date: /home/ubuntu/Documents/EMBR-Bot/ros2_ws/install/msg_interface/include/msg_interface/msg_interface/msg/detail/gps__traits.hpp
-- Up-to-date: /home/ubuntu/Documents/EMBR-Bot/ros2_ws/install/msg_interface/include/msg_interface/msg_interface/msg/gps.hpp
-- Up-to-date: /home/ubuntu/Documents/EMBR-Bot/ros2_ws/install/msg_interface/include/msg_interface/msg_interface
-- Up-to-date: /home/ubuntu/Documents/EMBR-Bot/ros2_ws/install/msg_interface/include/msg_interface/msg_interface/msg
-- Up-to-date: /home/ubuntu/Documents/EMBR-Bot/ros2_ws/install/msg_interface/include/msg_interface/msg_interface/msg/rosidl_typesupport_fastrtps_cpp__visibility_control.h
-- Up-to-date: /home/ubuntu/Documents/EMBR-Bot/ros2_ws/install/msg_interface/include/msg_interface/msg_interface/msg/detail
-- Up-to-date: /home/ubuntu/Documents/EMBR-Bot/ros2_ws/install/msg_interface/include/msg_interface/msg_interface/msg/detail/dds_fastrtps
-- Up-to-date: /home/ubuntu/Documents/EMBR-Bot/ros2_ws/install/msg_interface/include/msg_interface/msg_interface/msg/detail/gps__rosidl_typesupport_fastrtps_cpp.hpp
-- Up-to-date: /home/ubuntu/Documents/EMBR-Bot/ros2_ws/install/msg_interface/lib/libmsg_interface__rosidl_typesupport_fastrtps_cpp.so
-- Up-to-date: /home/ubuntu/Documents/EMBR-Bot/ros2_ws/install/msg_interface/include/msg_interface/msg_interface
-- Up-to-date: /home/ubuntu/Documents/EMBR-Bot/ros2_ws/install/msg_interface/include/msg_interface/msg_interface/msg
-- Up-to-date: /home/ubuntu/Documents/EMBR-Bot/ros2_ws/install/msg_interface/include/msg_interface/msg_interface/msg/detail
-- Up-to-date: /home/ubuntu/Documents/EMBR-Bot/ros2_ws/install/msg_interface/include/msg_interface/msg_interface/msg/detail/gps__rosidl_typesupport_introspection_cpp.hpp
-- Up-to-date: /home/ubuntu/Documents/EMBR-Bot/ros2_ws/install/msg_interface/include/msg_interface/msg_interface/msg/detail/gps__type_support.cpp
-- Up-to-date: /home/ubuntu/Documents/EMBR-Bot/ros2_ws/install/msg_interface/lib/libmsg_interface__rosidl_typesupport_introspection_cpp.so
-- Up-to-date: /home/ubuntu/Documents/EMBR-Bot/ros2_ws/install/msg_interface/lib/libmsg_interface__rosidl_typesupport_cpp.so
-- Up-to-date: /home/ubuntu/Documents/EMBR-Bot/ros2_ws/install/msg_interface/share/msg_interface/environment/pythonpath.sh
-- Up-to-date: /home/ubuntu/Documents/EMBR-Bot/ros2_ws/install/msg_interface/share/msg_interface/environment/pythonpath.dsv
-- Up-to-date: /home/ubuntu/Documents/EMBR-Bot/ros2_ws/install/msg_interface/local/lib/python3.10/dist-packages/msg_interface-0.0.0-py3.10.egg-info
-- Installing: /home/ubuntu/Documents/EMBR-Bot/ros2_ws/install/msg_interface/local/lib/python3.10/dist-packages/msg_interface-0.0.0-py3.10.egg-info/dependency_links.txt
-- Installing: /home/ubuntu/Documents/EMBR-Bot/ros2_ws/install/msg_interface/local/lib/python3.10/dist-packages/msg_interface-0.0.0-py3.10.egg-info/PKG-INFO
-- Installing: /home/ubuntu/Documents/EMBR-Bot/ros2_ws/install/msg_interface/local/lib/python3.10/dist-packages/msg_interface-0.0.0-py3.10.egg-info/top_level.txt
-- Installing: /home/ubuntu/Documents/EMBR-Bot/ros2_ws/install/msg_interface/local/lib/python3.10/dist-packages/msg_interface-0.0.0-py3.10.egg-info/SOURCES.txt
-- Up-to-date: /home/ubuntu/Documents/EMBR-Bot/ros2_ws/install/msg_interface/local/lib/python3.10/dist-packages/msg_interface
-- Up-to-date: /home/ubuntu/Documents/EMBR-Bot/ros2_ws/install/msg_interface/local/lib/python3.10/dist-packages/msg_interface/msg
-- Up-to-date: /home/ubuntu/Documents/EMBR-Bot/ros2_ws/install/msg_interface/local/lib/python3.10/dist-packages/msg_interface/msg/_gps_s.c
-- Up-to-date: /home/ubuntu/Documents/EMBR-Bot/ros2_ws/install/msg_interface/local/lib/python3.10/dist-packages/msg_interface/msg/_gps.py
-- Up-to-date: /home/ubuntu/Documents/EMBR-Bot/ros2_ws/install/msg_interface/local/lib/python3.10/dist-packages/msg_interface/msg/__init__.py
-- Up-to-date: /home/ubuntu/Documents/EMBR-Bot/ros2_ws/install/msg_interface/local/lib/python3.10/dist-packages/msg_interface/_msg_interface_s.ep.rosidl_typesupport_c.c
-- Up-to-date: /home/ubuntu/Documents/EMBR-Bot/ros2_ws/install/msg_interface/local/lib/python3.10/dist-packages/msg_interface/_msg_interface_s.ep.rosidl_typesupport_introspection_c.c
-- Up-to-date: /home/ubuntu/Documents/EMBR-Bot/ros2_ws/install/msg_interface/local/lib/python3.10/dist-packages/msg_interface/msg_interface_s__rosidl_typesupport_introspection_c.cpython-310-aarch64-linux-gnu.so
-- Up-to-date: /home/ubuntu/Documents/EMBR-Bot/ros2_ws/install/msg_interface/local/lib/python3.10/dist-packages/msg_interface/_msg_interface_s.ep.rosidl_typesupport_fastrtps_c.c
-- Up-to-date: /home/ubuntu/Documents/EMBR-Bot/ros2_ws/install/msg_interface/local/lib/python3.10/dist-packages/msg_interface/msg_interface_s__rosidl_typesupport_c.cpython-310-aarch64-linux-gnu.so
-- Up-to-date: /home/ubuntu/Documents/EMBR-Bot/ros2_ws/install/msg_interface/local/lib/python3.10/dist-packages/msg_interface/msg_interface_s__rosidl_typesupport_fastrtps_c.cpython-310-aarch64-linux-gnu.so
-- Up-to-date: /home/ubuntu/Documents/EMBR-Bot/ros2_ws/install/msg_interface/local/lib/python3.10/dist-packages/msg_interface/__init__.py
-- Up-to-date: /home/ubuntu/Documents/EMBR-Bot/ros2_ws/install/msg_interface/local/lib/python3.10/dist-packages/msg_interface/libmsg_interface__rosidl_generator_py.so
Listing '/home/ubuntu/Documents/EMBR-Bot/ros2_ws/install/msg_interface/local/lib/python3.10/dist-packages/msg_interface'...
Listing '/home/ubuntu/Documents/EMBR-Bot/ros2_ws/install/msg_interface/local/lib/python3.10/dist-packages/msg_interface/msg'...
-- Up-to-date: /home/ubuntu/Documents/EMBR-Bot/ros2_ws/install/msg_interface/local/lib/python3.10/dist-packages/msg_interface/msg_interface_s__rosidl_typesupport_fastrtps_c.cpython-310-aarch64-linux-gnu.so
-- Up-to-date: /home/ubuntu/Documents/EMBR-Bot/ros2_ws/install/msg_interface/local/lib/python3.10/dist-packages/msg_interface/msg_interface_s__rosidl_typesupport_introspection_c.cpython-310-aarch64-linux-gnu.so
-- Up-to-date: /home/ubuntu/Documents/EMBR-Bot/ros2_ws/install/msg_interface/local/lib/python3.10/dist-packages/msg_interface/msg_interface_s__rosidl_typesupport_c.cpython-310-aarch64-linux-gnu.so
-- Up-to-date: /home/ubuntu/Documents/EMBR-Bot/ros2_ws/install/msg_interface/lib/libmsg_interface__rosidl_generator_py.so
-- Up-to-date: /home/ubuntu/Documents/EMBR-Bot/ros2_ws/install/msg_interface/share/msg_interface/msg/Gps.idl
-- Up-to-date: /home/ubuntu/Documents/EMBR-Bot/ros2_ws/install/msg_interface/share/msg_interface/msg/Gps.msg
-- Up-to-date: /home/ubuntu/Documents/EMBR-Bot/ros2_ws/install/msg_interface/share/ament_index/resource_index/package_run_dependencies/msg_interface
-- Up-to-date: /home/ubuntu/Documents/EMBR-Bot/ros2_ws/install/msg_interface/share/ament_index/resource_index/parent_prefix_path/msg_interface
-- Up-to-date: /home/ubuntu/Documents/EMBR-Bot/ros2_ws/install/msg_interface/share/msg_interface/environment/ament_prefix_path.sh
-- Up-to-date: /home/ubuntu/Documents/EMBR-Bot/ros2_ws/install/msg_interface/share/msg_interface/environment/ament_prefix_path.dsv
-- Up-to-date: /home/ubuntu/Documents/EMBR-Bot/ros2_ws/install/msg_interface/share/msg_interface/environment/path.sh
-- Up-to-date: /home/ubuntu/Documents/EMBR-Bot/ros2_ws/install/msg_interface/share/msg_interface/environment/path.dsv
-- Up-to-date: /home/ubuntu/Documents/EMBR-Bot/ros2_ws/install/msg_interface/share/msg_interface/local_setup.bash
-- Up-to-date: /home/ubuntu/Documents/EMBR-Bot/ros2_ws/install/msg_interface/share/msg_interface/local_setup.sh
-- Up-to-date: /home/ubuntu/Documents/EMBR-Bot/ros2_ws/install/msg_interface/share/msg_interface/local_setup.zsh
-- Up-to-date: /home/ubuntu/Documents/EMBR-Bot/ros2_ws/install/msg_interface/share/msg_interface/local_setup.dsv
-- Installing: /home/ubuntu/Documents/EMBR-Bot/ros2_ws/install/msg_interface/share/msg_interface/package.dsv
-- Up-to-date: /home/ubuntu/Documents/EMBR-Bot/ros2_ws/install/msg_interface/share/ament_index/resource_index/packages/msg_interface
-- Up-to-date: /home/ubuntu/Documents/EMBR-Bot/ros2_ws/install/msg_interface/share/msg_interface/cmake/export_msg_interface__rosidl_generator_cExport.cmake
-- Up-to-date: /home/ubuntu/Documents/EMBR-Bot/ros2_ws/install/msg_interface/share/msg_interface/cmake/export_msg_interface__rosidl_generator_cExport-noconfig.cmake
-- Up-to-date: /home/ubuntu/Documents/EMBR-Bot/ros2_ws/install/msg_interface/share/msg_interface/cmake/export_msg_interface__rosidl_typesupport_fastrtps_cExport.cmake
-- Up-to-date: /home/ubuntu/Documents/EMBR-Bot/ros2_ws/install/msg_interface/share/msg_interface/cmake/export_msg_interface__rosidl_typesupport_fastrtps_cExport-noconfig.cmake
-- Up-to-date: /home/ubuntu/Documents/EMBR-Bot/ros2_ws/install/msg_interface/share/msg_interface/cmake/msg_interface__rosidl_typesupport_introspection_cExport.cmake
-- Up-to-date: /home/ubuntu/Documents/EMBR-Bot/ros2_ws/install/msg_interface/share/msg_interface/cmake/msg_interface__rosidl_typesupport_introspection_cExport-noconfig.cmake
-- Up-to-date: /home/ubuntu/Documents/EMBR-Bot/ros2_ws/install/msg_interface/share/msg_interface/cmake/msg_interface__rosidl_typesupport_cExport.cmake
-- Up-to-date: /home/ubuntu/Documents/EMBR-Bot/ros2_ws/install/msg_interface/share/msg_interface/cmake/msg_interface__rosidl_typesupport_cExport-noconfig.cmake
-- Up-to-date: /home/ubuntu/Documents/EMBR-Bot/ros2_ws/install/msg_interface/share/msg_interface/cmake/export_msg_interface__rosidl_generator_cppExport.cmake
-- Up-to-date: /home/ubuntu/Documents/EMBR-Bot/ros2_ws/install/msg_interface/share/msg_interface/cmake/export_msg_interface__rosidl_typesupport_fastrtps_cppExport.cmake
-- Up-to-date: /home/ubuntu/Documents/EMBR-Bot/ros2_ws/install/msg_interface/share/msg_interface/cmake/export_msg_interface__rosidl_typesupport_fastrtps_cppExport-noconfig.cmake
-- Up-to-date: /home/ubuntu/Documents/EMBR-Bot/ros2_ws/install/msg_interface/share/msg_interface/cmake/msg_interface__rosidl_typesupport_introspection_cppExport.cmake
-- Up-to-date: /home/ubuntu/Documents/EMBR-Bot/ros2_ws/install/msg_interface/share/msg_interface/cmake/msg_interface__rosidl_typesupport_introspection_cppExport-noconfig.cmake
-- Up-to-date: /home/ubuntu/Documents/EMBR-Bot/ros2_ws/install/msg_interface/share/msg_interface/cmake/msg_interface__rosidl_typesupport_cppExport.cmake
-- Up-to-date: /home/ubuntu/Documents/EMBR-Bot/ros2_ws/install/msg_interface/share/msg_interface/cmake/msg_interface__rosidl_typesupport_cppExport-noconfig.cmake
-- Up-to-date: /home/ubuntu/Documents/EMBR-Bot/ros2_ws/install/msg_interface/share/msg_interface/cmake/export_msg_interface__rosidl_generator_pyExport.cmake
-- Up-to-date: /home/ubuntu/Documents/EMBR-Bot/ros2_ws/install/msg_interface/share/msg_interface/cmake/export_msg_interface__rosidl_generator_pyExport-noconfig.cmake
-- Up-to-date: /home/ubuntu/Documents/EMBR-Bot/ros2_ws/install/msg_interface/share/msg_interface/cmake/rosidl_cmake-extras.cmake
-- Up-to-date: /home/ubuntu/Documents/EMBR-Bot/ros2_ws/install/msg_interface/share/msg_interface/cmake/ament_cmake_export_include_directories-extras.cmake
-- Up-to-date: /home/ubuntu/Documents/EMBR-Bot/ros2_ws/install/msg_interface/share/msg_interface/cmake/ament_cmake_export_libraries-extras.cmake
-- Up-to-date: /home/ubuntu/Documents/EMBR-Bot/ros2_ws/install/msg_interface/share/msg_interface/cmake/ament_cmake_export_targets-extras.cmake
-- Up-to-date: /home/ubuntu/Documents/EMBR-Bot/ros2_ws/install/msg_interface/share/msg_interface/cmake/rosidl_cmake_export_typesupport_targets-extras.cmake
-- Up-to-date: /home/ubuntu/Documents/EMBR-Bot/ros2_ws/install/msg_interface/share/msg_interface/cmake/ament_cmake_export_dependencies-extras.cmake
-- Up-to-date: /home/ubuntu/Documents/EMBR-Bot/ros2_ws/install/msg_interface/share/msg_interface/cmake/rosidl_cmake_export_typesupport_libraries-extras.cmake
-- Up-to-date: /home/ubuntu/Documents/EMBR-Bot/ros2_ws/install/msg_interface/share/msg_interface/cmake/msg_interfaceConfig.cmake
-- Up-to-date: /home/ubuntu/Documents/EMBR-Bot/ros2_ws/install/msg_interface/share/msg_interface/cmake/msg_interfaceConfig-version.cmake
-- Up-to-date: /home/ubuntu/Documents/EMBR-Bot/ros2_ws/install/msg_interface/share/msg_interface/package.xml
