[4.686s] Invoking command in '/home/ubuntu/Documents/EMBR-Bot/ros2_ws/src/embr': PYTHONPATH=/home/ubuntu/Documents/EMBR-Bot/ros2_ws/build/embr/prefix_override:/home/ubuntu/Documents/EMBR-Bot/ros2_ws/install/embr/lib/python3.10/site-packages:${PYTHONPATH} /usr/bin/python3 -W ignore:setup.py install is deprecated setup.py egg_info --egg-base ../../build/embr build --build-base /home/ubuntu/Documents/EMBR-Bot/ros2_ws/build/embr/build install --record /home/ubuntu/Documents/EMBR-Bot/ros2_ws/build/embr/install.log --single-version-externally-managed install_data
[6.440s] running egg_info
[6.445s] writing ../../build/embr/embr.egg-info/PKG-INFO
[6.447s] writing dependency_links to ../../build/embr/embr.egg-info/dependency_links.txt
[6.448s] writing entry points to ../../build/embr/embr.egg-info/entry_points.txt
[6.449s] writing requirements to ../../build/embr/embr.egg-info/requires.txt
[6.450s] writing top-level names to ../../build/embr/embr.egg-info/top_level.txt
[6.462s] reading manifest file '../../build/embr/embr.egg-info/SOURCES.txt'
[6.463s] adding license file 'LICENSE'
[6.469s] writing manifest file '../../build/embr/embr.egg-info/SOURCES.txt'
[6.470s] running build
[6.470s] running build_py
[6.471s] copying embr/getDronekit.py -> /home/ubuntu/Documents/EMBR-Bot/ros2_ws/build/embr/build/lib/embr
[6.472s] running install
[6.475s] running install_lib
[6.479s] copying /home/ubuntu/Documents/EMBR-Bot/ros2_ws/build/embr/build/lib/embr/getDronekit.py -> /home/ubuntu/Documents/EMBR-Bot/ros2_ws/install/embr/lib/python3.10/site-packages/embr
[6.483s] byte-compiling /home/ubuntu/Documents/EMBR-Bot/ros2_ws/install/embr/lib/python3.10/site-packages/embr/getDronekit.py to getDronekit.cpython-310.pyc
[6.490s] running install_data
[6.491s] running install_egg_info
[6.500s] removing '/home/ubuntu/Documents/EMBR-Bot/ros2_ws/install/embr/lib/python3.10/site-packages/embr-0.0.0-py3.10.egg-info' (and everything under it)
[6.502s] Copying ../../build/embr/embr.egg-info to /home/ubuntu/Documents/EMBR-Bot/ros2_ws/install/embr/lib/python3.10/site-packages/embr-0.0.0-py3.10.egg-info
[6.506s] running install_scripts
[6.642s] Installing listener script to /home/ubuntu/Documents/EMBR-Bot/ros2_ws/install/embr/lib/embr
[6.643s] Installing talker script to /home/ubuntu/Documents/EMBR-Bot/ros2_ws/install/embr/lib/embr
[6.645s] writing list of installed files to '/home/ubuntu/Documents/EMBR-Bot/ros2_ws/build/embr/install.log'
[6.859s] Invoked command in '/home/ubuntu/Documents/EMBR-Bot/ros2_ws/src/embr' returned '0': PYTHONPATH=/home/ubuntu/Documents/EMBR-Bot/ros2_ws/build/embr/prefix_override:/home/ubuntu/Documents/EMBR-Bot/ros2_ws/install/embr/lib/python3.10/site-packages:${PYTHONPATH} /usr/bin/python3 -W ignore:setup.py install is deprecated setup.py egg_info --egg-base ../../build/embr build --build-base /home/ubuntu/Documents/EMBR-Bot/ros2_ws/build/embr/build install --record /home/ubuntu/Documents/EMBR-Bot/ros2_ws/build/embr/install.log --single-version-externally-managed install_data
