[0.060s] Invoking command in '/home/ubuntu/Documents/EMBR-Bot/ros2_ws/build/msg_interface': CMAKE_PREFIX_PATH=/opt/ros/humble /usr/bin/cmake --build /home/ubuntu/Documents/EMBR-Bot/ros2_ws/build/msg_interface -- -j4 -l4
[0.295s] [  3%] Built target msg_interface__cpp
[0.319s] [ 12%] Built target msg_interface__rosidl_generator_c
[0.443s] [ 22%] Built target msg_interface__rosidl_typesupport_fastrtps_cpp
[0.452s] [ 22%] Built target ament_cmake_python_copy_msg_interface
[0.464s] [ 32%] Built target msg_interface__rosidl_typesupport_introspection_cpp
[0.494s] [ 41%] Built target msg_interface__rosidl_typesupport_cpp
[0.579s] [ 51%] Built target msg_interface__rosidl_typesupport_fastrtps_c
[0.616s] [ 64%] Built target msg_interface__rosidl_typesupport_introspection_c
[0.617s] [ 70%] Built target msg_interface__rosidl_typesupport_c
[0.708s] [ 70%] Built target msg_interface
[0.804s] [ 74%] Built target msg_interface__py
[0.912s] [ 80%] Built target msg_interface__rosidl_generator_py
[1.068s] [ 87%] Built target msg_interface__rosidl_typesupport_introspection_c__pyext
[1.077s] [ 93%] Built target msg_interface__rosidl_typesupport_c__pyext
[1.094s] [100%] Built target msg_interface__rosidl_typesupport_fastrtps_c__pyext
[2.368s] running egg_info
[2.374s] writing msg_interface.egg-info/PKG-INFO
[2.376s] writing dependency_links to msg_interface.egg-info/dependency_links.txt
[2.377s] writing top-level names to msg_interface.egg-info/top_level.txt
[2.392s] reading manifest file 'msg_interface.egg-info/SOURCES.txt'
[2.396s] writing manifest file 'msg_interface.egg-info/SOURCES.txt'
[2.601s] [100%] Built target ament_cmake_python_build_msg_interface_egg
[2.657s] Invoked command in '/home/ubuntu/Documents/EMBR-Bot/ros2_ws/build/msg_interface' returned '0': CMAKE_PREFIX_PATH=/opt/ros/humble /usr/bin/cmake --build /home/ubuntu/Documents/EMBR-Bot/ros2_ws/build/msg_interface -- -j4 -l4
[2.911s] Invoking command in '/home/ubuntu/Documents/EMBR-Bot/ros2_ws/build/msg_interface': CMAKE_PREFIX_PATH=/opt/ros/humble /usr/bin/cmake --install /home/ubuntu/Documents/EMBR-Bot/ros2_ws/build/msg_interface
[2.954s] -- Install configuration: ""
[2.955s] -- Up-to-date: /home/ubuntu/Documents/EMBR-Bot/ros2_ws/install/msg_interface/share/ament_index/resource_index/rosidl_interfaces/msg_interface
[2.957s] -- Up-to-date: /home/ubuntu/Documents/EMBR-Bot/ros2_ws/install/msg_interface/include/msg_interface/msg_interface
[2.958s] -- Up-to-date: /home/ubuntu/Documents/EMBR-Bot/ros2_ws/install/msg_interface/include/msg_interface/msg_interface/msg
[2.959s] -- Up-to-date: /home/ubuntu/Documents/EMBR-Bot/ros2_ws/install/msg_interface/include/msg_interface/msg_interface/msg/gps.h
[2.961s] -- Up-to-date: /home/ubuntu/Documents/EMBR-Bot/ros2_ws/install/msg_interface/include/msg_interface/msg_interface/msg/detail
[2.962s] -- Up-to-date: /home/ubuntu/Documents/EMBR-Bot/ros2_ws/install/msg_interface/include/msg_interface/msg_interface/msg/detail/gps__functions.h
[2.963s] -- Up-to-date: /home/ubuntu/Documents/EMBR-Bot/ros2_ws/install/msg_interface/include/msg_interface/msg_interface/msg/detail/gps__struct.h
[2.964s] -- Up-to-date: /home/ubuntu/Documents/EMBR-Bot/ros2_ws/install/msg_interface/include/msg_interface/msg_interface/msg/detail/gps__functions.c
[2.965s] -- Up-to-date: /home/ubuntu/Documents/EMBR-Bot/ros2_ws/install/msg_interface/include/msg_interface/msg_interface/msg/detail/gps__type_support.h
[2.966s] -- Up-to-date: /home/ubuntu/Documents/EMBR-Bot/ros2_ws/install/msg_interface/include/msg_interface/msg_interface/msg/rosidl_generator_c__visibility_control.h
[2.968s] -- Up-to-date: /home/ubuntu/Documents/EMBR-Bot/ros2_ws/install/msg_interface/share/msg_interface/environment/library_path.sh
[2.969s] -- Up-to-date: /home/ubuntu/Documents/EMBR-Bot/ros2_ws/install/msg_interface/share/msg_interface/environment/library_path.dsv
[2.970s] -- Up-to-date: /home/ubuntu/Documents/EMBR-Bot/ros2_ws/install/msg_interface/lib/libmsg_interface__rosidl_generator_c.so
[2.972s] -- Up-to-date: /home/ubuntu/Documents/EMBR-Bot/ros2_ws/install/msg_interface/include/msg_interface/msg_interface
[2.973s] -- Up-to-date: /home/ubuntu/Documents/EMBR-Bot/ros2_ws/install/msg_interface/include/msg_interface/msg_interface/msg
[2.973s] -- Up-to-date: /home/ubuntu/Documents/EMBR-Bot/ros2_ws/install/msg_interface/include/msg_interface/msg_interface/msg/detail
[2.975s] -- Up-to-date: /home/ubuntu/Documents/EMBR-Bot/ros2_ws/install/msg_interface/include/msg_interface/msg_interface/msg/detail/gps__rosidl_typesupport_fastrtps_c.h
[2.976s] -- Up-to-date: /home/ubuntu/Documents/EMBR-Bot/ros2_ws/install/msg_interface/include/msg_interface/msg_interface/msg/rosidl_typesupport_fastrtps_c__visibility_control.h
[2.976s] -- Up-to-date: /home/ubuntu/Documents/EMBR-Bot/ros2_ws/install/msg_interface/lib/libmsg_interface__rosidl_typesupport_fastrtps_c.so
[2.977s] -- Up-to-date: /home/ubuntu/Documents/EMBR-Bot/ros2_ws/install/msg_interface/include/msg_interface/msg_interface
[2.978s] -- Up-to-date: /home/ubuntu/Documents/EMBR-Bot/ros2_ws/install/msg_interface/include/msg_interface/msg_interface/msg
[2.979s] -- Up-to-date: /home/ubuntu/Documents/EMBR-Bot/ros2_ws/install/msg_interface/include/msg_interface/msg_interface/msg/detail
[2.980s] -- Up-to-date: /home/ubuntu/Documents/EMBR-Bot/ros2_ws/install/msg_interface/include/msg_interface/msg_interface/msg/detail/gps__rosidl_typesupport_introspection_c.h
[2.981s] -- Up-to-date: /home/ubuntu/Documents/EMBR-Bot/ros2_ws/install/msg_interface/include/msg_interface/msg_interface/msg/detail/gps__type_support.c
[2.982s] -- Up-to-date: /home/ubuntu/Documents/EMBR-Bot/ros2_ws/install/msg_interface/include/msg_interface/msg_interface/msg/rosidl_typesupport_introspection_c__visibility_control.h
[2.983s] -- Up-to-date: /home/ubuntu/Documents/EMBR-Bot/ros2_ws/install/msg_interface/lib/libmsg_interface__rosidl_typesupport_introspection_c.so
[2.984s] -- Up-to-date: /home/ubuntu/Documents/EMBR-Bot/ros2_ws/install/msg_interface/lib/libmsg_interface__rosidl_typesupport_c.so
[2.985s] -- Up-to-date: /home/ubuntu/Documents/EMBR-Bot/ros2_ws/install/msg_interface/include/msg_interface/msg_interface
[2.985s] -- Up-to-date: /home/ubuntu/Documents/EMBR-Bot/ros2_ws/install/msg_interface/include/msg_interface/msg_interface/msg
[2.986s] -- Up-to-date: /home/ubuntu/Documents/EMBR-Bot/ros2_ws/install/msg_interface/include/msg_interface/msg_interface/msg/detail
[2.987s] -- Up-to-date: /home/ubuntu/Documents/EMBR-Bot/ros2_ws/install/msg_interface/include/msg_interface/msg_interface/msg/detail/gps__builder.hpp
[2.987s] -- Up-to-date: /home/ubuntu/Documents/EMBR-Bot/ros2_ws/install/msg_interface/include/msg_interface/msg_interface/msg/detail/gps__struct.hpp
[2.989s] -- Up-to-date: /home/ubuntu/Documents/EMBR-Bot/ros2_ws/install/msg_interface/include/msg_interface/msg_interface/msg/detail/gps__traits.hpp
[2.989s] -- Up-to-date: /home/ubuntu/Documents/EMBR-Bot/ros2_ws/install/msg_interface/include/msg_interface/msg_interface/msg/gps.hpp
[2.990s] -- Up-to-date: /home/ubuntu/Documents/EMBR-Bot/ros2_ws/install/msg_interface/include/msg_interface/msg_interface
[2.991s] -- Up-to-date: /home/ubuntu/Documents/EMBR-Bot/ros2_ws/install/msg_interface/include/msg_interface/msg_interface/msg
[2.992s] -- Up-to-date: /home/ubuntu/Documents/EMBR-Bot/ros2_ws/install/msg_interface/include/msg_interface/msg_interface/msg/rosidl_typesupport_fastrtps_cpp__visibility_control.h
[2.993s] -- Up-to-date: /home/ubuntu/Documents/EMBR-Bot/ros2_ws/install/msg_interface/include/msg_interface/msg_interface/msg/detail
[2.994s] -- Up-to-date: /home/ubuntu/Documents/EMBR-Bot/ros2_ws/install/msg_interface/include/msg_interface/msg_interface/msg/detail/dds_fastrtps
[2.995s] -- Up-to-date: /home/ubuntu/Documents/EMBR-Bot/ros2_ws/install/msg_interface/include/msg_interface/msg_interface/msg/detail/gps__rosidl_typesupport_fastrtps_cpp.hpp
[2.996s] -- Up-to-date: /home/ubuntu/Documents/EMBR-Bot/ros2_ws/install/msg_interface/lib/libmsg_interface__rosidl_typesupport_fastrtps_cpp.so
[2.996s] -- Up-to-date: /home/ubuntu/Documents/EMBR-Bot/ros2_ws/install/msg_interface/include/msg_interface/msg_interface
[2.997s] -- Up-to-date: /home/ubuntu/Documents/EMBR-Bot/ros2_ws/install/msg_interface/include/msg_interface/msg_interface/msg
[2.997s] -- Up-to-date: /home/ubuntu/Documents/EMBR-Bot/ros2_ws/install/msg_interface/include/msg_interface/msg_interface/msg/detail
[2.998s] -- Up-to-date: /home/ubuntu/Documents/EMBR-Bot/ros2_ws/install/msg_interface/include/msg_interface/msg_interface/msg/detail/gps__rosidl_typesupport_introspection_cpp.hpp
[2.998s] -- Up-to-date: /home/ubuntu/Documents/EMBR-Bot/ros2_ws/install/msg_interface/include/msg_interface/msg_interface/msg/detail/gps__type_support.cpp
[2.999s] -- Up-to-date: /home/ubuntu/Documents/EMBR-Bot/ros2_ws/install/msg_interface/lib/libmsg_interface__rosidl_typesupport_introspection_cpp.so
[2.999s] -- Up-to-date: /home/ubuntu/Documents/EMBR-Bot/ros2_ws/install/msg_interface/lib/libmsg_interface__rosidl_typesupport_cpp.so
[3.000s] -- Up-to-date: /home/ubuntu/Documents/EMBR-Bot/ros2_ws/install/msg_interface/share/msg_interface/environment/pythonpath.sh
[3.001s] -- Up-to-date: /home/ubuntu/Documents/EMBR-Bot/ros2_ws/install/msg_interface/share/msg_interface/environment/pythonpath.dsv
[3.001s] -- Up-to-date: /home/ubuntu/Documents/EMBR-Bot/ros2_ws/install/msg_interface/local/lib/python3.10/dist-packages/msg_interface-0.0.0-py3.10.egg-info
[3.002s] -- Installing: /home/ubuntu/Documents/EMBR-Bot/ros2_ws/install/msg_interface/local/lib/python3.10/dist-packages/msg_interface-0.0.0-py3.10.egg-info/dependency_links.txt
[3.002s] -- Installing: /home/ubuntu/Documents/EMBR-Bot/ros2_ws/install/msg_interface/local/lib/python3.10/dist-packages/msg_interface-0.0.0-py3.10.egg-info/PKG-INFO
[3.003s] -- Installing: /home/ubuntu/Documents/EMBR-Bot/ros2_ws/install/msg_interface/local/lib/python3.10/dist-packages/msg_interface-0.0.0-py3.10.egg-info/top_level.txt
[3.003s] -- Installing: /home/ubuntu/Documents/EMBR-Bot/ros2_ws/install/msg_interface/local/lib/python3.10/dist-packages/msg_interface-0.0.0-py3.10.egg-info/SOURCES.txt
[3.004s] -- Up-to-date: /home/ubuntu/Documents/EMBR-Bot/ros2_ws/install/msg_interface/local/lib/python3.10/dist-packages/msg_interface
[3.004s] -- Up-to-date: /home/ubuntu/Documents/EMBR-Bot/ros2_ws/install/msg_interface/local/lib/python3.10/dist-packages/msg_interface/msg
[3.005s] -- Up-to-date: /home/ubuntu/Documents/EMBR-Bot/ros2_ws/install/msg_interface/local/lib/python3.10/dist-packages/msg_interface/msg/_gps_s.c
[3.005s] -- Up-to-date: /home/ubuntu/Documents/EMBR-Bot/ros2_ws/install/msg_interface/local/lib/python3.10/dist-packages/msg_interface/msg/_gps.py
[3.006s] -- Up-to-date: /home/ubuntu/Documents/EMBR-Bot/ros2_ws/install/msg_interface/local/lib/python3.10/dist-packages/msg_interface/msg/__init__.py
[3.007s] -- Up-to-date: /home/ubuntu/Documents/EMBR-Bot/ros2_ws/install/msg_interface/local/lib/python3.10/dist-packages/msg_interface/_msg_interface_s.ep.rosidl_typesupport_c.c
[3.007s] -- Up-to-date: /home/ubuntu/Documents/EMBR-Bot/ros2_ws/install/msg_interface/local/lib/python3.10/dist-packages/msg_interface/_msg_interface_s.ep.rosidl_typesupport_introspection_c.c
[3.008s] -- Up-to-date: /home/ubuntu/Documents/EMBR-Bot/ros2_ws/install/msg_interface/local/lib/python3.10/dist-packages/msg_interface/msg_interface_s__rosidl_typesupport_introspection_c.cpython-310-aarch64-linux-gnu.so
[3.008s] -- Up-to-date: /home/ubuntu/Documents/EMBR-Bot/ros2_ws/install/msg_interface/local/lib/python3.10/dist-packages/msg_interface/_msg_interface_s.ep.rosidl_typesupport_fastrtps_c.c
[3.009s] -- Up-to-date: /home/ubuntu/Documents/EMBR-Bot/ros2_ws/install/msg_interface/local/lib/python3.10/dist-packages/msg_interface/msg_interface_s__rosidl_typesupport_c.cpython-310-aarch64-linux-gnu.so
[3.009s] -- Up-to-date: /home/ubuntu/Documents/EMBR-Bot/ros2_ws/install/msg_interface/local/lib/python3.10/dist-packages/msg_interface/msg_interface_s__rosidl_typesupport_fastrtps_c.cpython-310-aarch64-linux-gnu.so
[3.010s] -- Up-to-date: /home/ubuntu/Documents/EMBR-Bot/ros2_ws/install/msg_interface/local/lib/python3.10/dist-packages/msg_interface/__init__.py
[3.010s] -- Up-to-date: /home/ubuntu/Documents/EMBR-Bot/ros2_ws/install/msg_interface/local/lib/python3.10/dist-packages/msg_interface/libmsg_interface__rosidl_generator_py.so
[3.191s] Listing '/home/ubuntu/Documents/EMBR-Bot/ros2_ws/install/msg_interface/local/lib/python3.10/dist-packages/msg_interface'...
[3.192s] Listing '/home/ubuntu/Documents/EMBR-Bot/ros2_ws/install/msg_interface/local/lib/python3.10/dist-packages/msg_interface/msg'...
[3.233s] -- Up-to-date: /home/ubuntu/Documents/EMBR-Bot/ros2_ws/install/msg_interface/local/lib/python3.10/dist-packages/msg_interface/msg_interface_s__rosidl_typesupport_fastrtps_c.cpython-310-aarch64-linux-gnu.so
[3.234s] -- Up-to-date: /home/ubuntu/Documents/EMBR-Bot/ros2_ws/install/msg_interface/local/lib/python3.10/dist-packages/msg_interface/msg_interface_s__rosidl_typesupport_introspection_c.cpython-310-aarch64-linux-gnu.so
[3.236s] -- Up-to-date: /home/ubuntu/Documents/EMBR-Bot/ros2_ws/install/msg_interface/local/lib/python3.10/dist-packages/msg_interface/msg_interface_s__rosidl_typesupport_c.cpython-310-aarch64-linux-gnu.so
[3.237s] -- Up-to-date: /home/ubuntu/Documents/EMBR-Bot/ros2_ws/install/msg_interface/lib/libmsg_interface__rosidl_generator_py.so
[3.238s] -- Up-to-date: /home/ubuntu/Documents/EMBR-Bot/ros2_ws/install/msg_interface/share/msg_interface/msg/Gps.idl
[3.239s] -- Up-to-date: /home/ubuntu/Documents/EMBR-Bot/ros2_ws/install/msg_interface/share/msg_interface/msg/Gps.msg
[3.240s] -- Up-to-date: /home/ubuntu/Documents/EMBR-Bot/ros2_ws/install/msg_interface/share/ament_index/resource_index/package_run_dependencies/msg_interface
[3.242s] -- Up-to-date: /home/ubuntu/Documents/EMBR-Bot/ros2_ws/install/msg_interface/share/ament_index/resource_index/parent_prefix_path/msg_interface
[3.243s] -- Up-to-date: /home/ubuntu/Documents/EMBR-Bot/ros2_ws/install/msg_interface/share/msg_interface/environment/ament_prefix_path.sh
[3.243s] -- Up-to-date: /home/ubuntu/Documents/EMBR-Bot/ros2_ws/install/msg_interface/share/msg_interface/environment/ament_prefix_path.dsv
[3.244s] -- Up-to-date: /home/ubuntu/Documents/EMBR-Bot/ros2_ws/install/msg_interface/share/msg_interface/environment/path.sh
[3.245s] -- Up-to-date: /home/ubuntu/Documents/EMBR-Bot/ros2_ws/install/msg_interface/share/msg_interface/environment/path.dsv
[3.246s] -- Up-to-date: /home/ubuntu/Documents/EMBR-Bot/ros2_ws/install/msg_interface/share/msg_interface/local_setup.bash
[3.247s] -- Up-to-date: /home/ubuntu/Documents/EMBR-Bot/ros2_ws/install/msg_interface/share/msg_interface/local_setup.sh
[3.248s] -- Up-to-date: /home/ubuntu/Documents/EMBR-Bot/ros2_ws/install/msg_interface/share/msg_interface/local_setup.zsh
[3.249s] -- Up-to-date: /home/ubuntu/Documents/EMBR-Bot/ros2_ws/install/msg_interface/share/msg_interface/local_setup.dsv
[3.250s] -- Installing: /home/ubuntu/Documents/EMBR-Bot/ros2_ws/install/msg_interface/share/msg_interface/package.dsv
[3.251s] -- Up-to-date: /home/ubuntu/Documents/EMBR-Bot/ros2_ws/install/msg_interface/share/ament_index/resource_index/packages/msg_interface
[3.252s] -- Up-to-date: /home/ubuntu/Documents/EMBR-Bot/ros2_ws/install/msg_interface/share/msg_interface/cmake/export_msg_interface__rosidl_generator_cExport.cmake
[3.253s] -- Up-to-date: /home/ubuntu/Documents/EMBR-Bot/ros2_ws/install/msg_interface/share/msg_interface/cmake/export_msg_interface__rosidl_generator_cExport-noconfig.cmake
[3.254s] -- Up-to-date: /home/ubuntu/Documents/EMBR-Bot/ros2_ws/install/msg_interface/share/msg_interface/cmake/export_msg_interface__rosidl_typesupport_fastrtps_cExport.cmake
[3.255s] -- Up-to-date: /home/ubuntu/Documents/EMBR-Bot/ros2_ws/install/msg_interface/share/msg_interface/cmake/export_msg_interface__rosidl_typesupport_fastrtps_cExport-noconfig.cmake
[3.256s] -- Up-to-date: /home/ubuntu/Documents/EMBR-Bot/ros2_ws/install/msg_interface/share/msg_interface/cmake/msg_interface__rosidl_typesupport_introspection_cExport.cmake
[3.257s] -- Up-to-date: /home/ubuntu/Documents/EMBR-Bot/ros2_ws/install/msg_interface/share/msg_interface/cmake/msg_interface__rosidl_typesupport_introspection_cExport-noconfig.cmake
[3.258s] -- Up-to-date: /home/ubuntu/Documents/EMBR-Bot/ros2_ws/install/msg_interface/share/msg_interface/cmake/msg_interface__rosidl_typesupport_cExport.cmake
[3.259s] -- Up-to-date: /home/ubuntu/Documents/EMBR-Bot/ros2_ws/install/msg_interface/share/msg_interface/cmake/msg_interface__rosidl_typesupport_cExport-noconfig.cmake
[3.259s] -- Up-to-date: /home/ubuntu/Documents/EMBR-Bot/ros2_ws/install/msg_interface/share/msg_interface/cmake/export_msg_interface__rosidl_generator_cppExport.cmake
[3.260s] -- Up-to-date: /home/ubuntu/Documents/EMBR-Bot/ros2_ws/install/msg_interface/share/msg_interface/cmake/export_msg_interface__rosidl_typesupport_fastrtps_cppExport.cmake
[3.260s] -- Up-to-date: /home/ubuntu/Documents/EMBR-Bot/ros2_ws/install/msg_interface/share/msg_interface/cmake/export_msg_interface__rosidl_typesupport_fastrtps_cppExport-noconfig.cmake
[3.261s] -- Up-to-date: /home/ubuntu/Documents/EMBR-Bot/ros2_ws/install/msg_interface/share/msg_interface/cmake/msg_interface__rosidl_typesupport_introspection_cppExport.cmake
[3.262s] -- Up-to-date: /home/ubuntu/Documents/EMBR-Bot/ros2_ws/install/msg_interface/share/msg_interface/cmake/msg_interface__rosidl_typesupport_introspection_cppExport-noconfig.cmake
[3.262s] -- Up-to-date: /home/ubuntu/Documents/EMBR-Bot/ros2_ws/install/msg_interface/share/msg_interface/cmake/msg_interface__rosidl_typesupport_cppExport.cmake
[3.263s] -- Up-to-date: /home/ubuntu/Documents/EMBR-Bot/ros2_ws/install/msg_interface/share/msg_interface/cmake/msg_interface__rosidl_typesupport_cppExport-noconfig.cmake
[3.263s] -- Up-to-date: /home/ubuntu/Documents/EMBR-Bot/ros2_ws/install/msg_interface/share/msg_interface/cmake/export_msg_interface__rosidl_generator_pyExport.cmake
[3.264s] -- Up-to-date: /home/ubuntu/Documents/EMBR-Bot/ros2_ws/install/msg_interface/share/msg_interface/cmake/export_msg_interface__rosidl_generator_pyExport-noconfig.cmake
[3.264s] -- Up-to-date: /home/ubuntu/Documents/EMBR-Bot/ros2_ws/install/msg_interface/share/msg_interface/cmake/rosidl_cmake-extras.cmake
[3.265s] -- Up-to-date: /home/ubuntu/Documents/EMBR-Bot/ros2_ws/install/msg_interface/share/msg_interface/cmake/ament_cmake_export_include_directories-extras.cmake
[3.266s] -- Up-to-date: /home/ubuntu/Documents/EMBR-Bot/ros2_ws/install/msg_interface/share/msg_interface/cmake/ament_cmake_export_libraries-extras.cmake
[3.267s] -- Up-to-date: /home/ubuntu/Documents/EMBR-Bot/ros2_ws/install/msg_interface/share/msg_interface/cmake/ament_cmake_export_targets-extras.cmake
[3.278s] -- Up-to-date: /home/ubuntu/Documents/EMBR-Bot/ros2_ws/install/msg_interface/share/msg_interface/cmake/rosidl_cmake_export_typesupport_targets-extras.cmake
[3.279s] -- Up-to-date: /home/ubuntu/Documents/EMBR-Bot/ros2_ws/install/msg_interface/share/msg_interface/cmake/ament_cmake_export_dependencies-extras.cmake
[3.280s] -- Up-to-date: /home/ubuntu/Documents/EMBR-Bot/ros2_ws/install/msg_interface/share/msg_interface/cmake/rosidl_cmake_export_typesupport_libraries-extras.cmake
[3.280s] -- Up-to-date: /home/ubuntu/Documents/EMBR-Bot/ros2_ws/install/msg_interface/share/msg_interface/cmake/msg_interfaceConfig.cmake
[3.281s] -- Up-to-date: /home/ubuntu/Documents/EMBR-Bot/ros2_ws/install/msg_interface/share/msg_interface/cmake/msg_interfaceConfig-version.cmake
[3.281s] -- Up-to-date: /home/ubuntu/Documents/EMBR-Bot/ros2_ws/install/msg_interface/share/msg_interface/package.xml
[3.282s] Invoked command in '/home/ubuntu/Documents/EMBR-Bot/ros2_ws/build/msg_interface' returned '0': CMAKE_PREFIX_PATH=/opt/ros/humble /usr/bin/cmake --install /home/ubuntu/Documents/EMBR-Bot/ros2_ws/build/msg_interface
