[0.727s] DEBUG:colcon:Command line arguments: ['/usr/bin/colcon', 'build', '--packages-select', 'embr']
[0.728s] DEBUG:colcon:Parsed command line arguments: Namespace(log_base=None, log_level=None, verb_name='build', build_base='build', install_base='install', merge_install=False, symlink_install=False, test_result_base=None, continue_on_error=False, executor='parallel', parallel_workers=4, event_handlers=None, ignore_user_meta=False, metas=['./colcon.meta'], base_paths=['.'], packages_ignore=None, packages_ignore_regex=None, paths=None, packages_up_to=None, packages_up_to_regex=None, packages_above=None, packages_above_and_dependencies=None, packages_above_depth=None, packages_select_by_dep=None, packages_skip_by_dep=None, packages_skip_up_to=None, packages_select_build_failed=False, packages_skip_build_finished=False, packages_select_test_failures=False, packages_skip_test_passed=False, packages_select=['embr'], packages_skip=None, packages_select_regex=None, packages_skip_regex=None, packages_start=None, packages_end=None, allow_overriding=[], cmake_args=None, cmake_target=None, cmake_target_skip_unavailable=False, cmake_clean_cache=False, cmake_clean_first=False, cmake_force_configure=False, ament_cmake_args=None, catkin_cmake_args=None, catkin_skip_building_tests=False, verb_parser=<colcon_defaults.argument_parser.defaults.DefaultArgumentsDecorator object at 0xffff967ec580>, verb_extension=<colcon_core.verb.build.BuildVerb object at 0xffff96929180>, main=<bound method BuildVerb.main of <colcon_core.verb.build.BuildVerb object at 0xffff96929180>>)
[2.003s] Level 1:colcon.colcon_core.package_discovery:discover_packages(colcon_meta) check parameters
[2.004s] Level 1:colcon.colcon_core.package_discovery:discover_packages(recursive) check parameters
[2.004s] Level 1:colcon.colcon_core.package_discovery:discover_packages(ignore) check parameters
[2.005s] Level 1:colcon.colcon_core.package_discovery:discover_packages(path) check parameters
[2.005s] Level 1:colcon.colcon_core.package_discovery:discover_packages(colcon_meta) discover
[2.005s] Level 1:colcon.colcon_core.package_discovery:discover_packages(recursive) discover
[2.006s] INFO:colcon.colcon_core.package_discovery:Crawling recursively for packages in '/home/ubuntu/Documents/EMBR-Bot/ros2_ws'
[2.006s] Level 1:colcon.colcon_core.package_identification:_identify(.) by extensions ['ignore', 'ignore_ament_install']
[2.007s] Level 1:colcon.colcon_core.package_identification:_identify(.) by extension 'ignore'
[2.007s] Level 1:colcon.colcon_core.package_identification:_identify(.) by extension 'ignore_ament_install'
[2.007s] Level 1:colcon.colcon_core.package_identification:_identify(.) by extensions ['colcon_pkg']
[2.008s] Level 1:colcon.colcon_core.package_identification:_identify(.) by extension 'colcon_pkg'
[2.008s] Level 1:colcon.colcon_core.package_identification:_identify(.) by extensions ['colcon_meta']
[2.008s] Level 1:colcon.colcon_core.package_identification:_identify(.) by extension 'colcon_meta'
[2.008s] Level 1:colcon.colcon_core.package_identification:_identify(.) by extensions ['ros']
[2.008s] Level 1:colcon.colcon_core.package_identification:_identify(.) by extension 'ros'
[2.094s] Level 1:colcon.colcon_core.package_identification:_identify(.) by extensions ['cmake', 'python']
[2.094s] Level 1:colcon.colcon_core.package_identification:_identify(.) by extension 'cmake'
[2.094s] Level 1:colcon.colcon_core.package_identification:_identify(.) by extension 'python'
[2.095s] Level 1:colcon.colcon_core.package_identification:_identify(.) by extensions ['python_setup_py']
[2.095s] Level 1:colcon.colcon_core.package_identification:_identify(.) by extension 'python_setup_py'
[2.096s] Level 1:colcon.colcon_core.package_identification:_identify(build) by extensions ['ignore', 'ignore_ament_install']
[2.096s] Level 1:colcon.colcon_core.package_identification:_identify(build) by extension 'ignore'
[2.097s] Level 1:colcon.colcon_core.package_identification:_identify(build) ignored
[2.098s] Level 1:colcon.colcon_core.package_identification:_identify(install) by extensions ['ignore', 'ignore_ament_install']
[2.098s] Level 1:colcon.colcon_core.package_identification:_identify(install) by extension 'ignore'
[2.099s] Level 1:colcon.colcon_core.package_identification:_identify(install) ignored
[2.099s] Level 1:colcon.colcon_core.package_identification:_identify(log) by extensions ['ignore', 'ignore_ament_install']
[2.100s] Level 1:colcon.colcon_core.package_identification:_identify(log) by extension 'ignore'
[2.100s] Level 1:colcon.colcon_core.package_identification:_identify(log) ignored
[2.101s] Level 1:colcon.colcon_core.package_identification:_identify(src) by extensions ['ignore', 'ignore_ament_install']
[2.101s] Level 1:colcon.colcon_core.package_identification:_identify(src) by extension 'ignore'
[2.102s] Level 1:colcon.colcon_core.package_identification:_identify(src) by extension 'ignore_ament_install'
[2.102s] Level 1:colcon.colcon_core.package_identification:_identify(src) by extensions ['colcon_pkg']
[2.102s] Level 1:colcon.colcon_core.package_identification:_identify(src) by extension 'colcon_pkg'
[2.103s] Level 1:colcon.colcon_core.package_identification:_identify(src) by extensions ['colcon_meta']
[2.103s] Level 1:colcon.colcon_core.package_identification:_identify(src) by extension 'colcon_meta'
[2.103s] Level 1:colcon.colcon_core.package_identification:_identify(src) by extensions ['ros']
[2.103s] Level 1:colcon.colcon_core.package_identification:_identify(src) by extension 'ros'
[2.104s] Level 1:colcon.colcon_core.package_identification:_identify(src) by extensions ['cmake', 'python']
[2.104s] Level 1:colcon.colcon_core.package_identification:_identify(src) by extension 'cmake'
[2.105s] Level 1:colcon.colcon_core.package_identification:_identify(src) by extension 'python'
[2.105s] Level 1:colcon.colcon_core.package_identification:_identify(src) by extensions ['python_setup_py']
[2.105s] Level 1:colcon.colcon_core.package_identification:_identify(src) by extension 'python_setup_py'
[2.106s] Level 1:colcon.colcon_core.package_identification:_identify(src/embr) by extensions ['ignore', 'ignore_ament_install']
[2.106s] Level 1:colcon.colcon_core.package_identification:_identify(src/embr) by extension 'ignore'
[2.107s] Level 1:colcon.colcon_core.package_identification:_identify(src/embr) by extension 'ignore_ament_install'
[2.107s] Level 1:colcon.colcon_core.package_identification:_identify(src/embr) by extensions ['colcon_pkg']
[2.107s] Level 1:colcon.colcon_core.package_identification:_identify(src/embr) by extension 'colcon_pkg'
[2.108s] Level 1:colcon.colcon_core.package_identification:_identify(src/embr) by extensions ['colcon_meta']
[2.108s] Level 1:colcon.colcon_core.package_identification:_identify(src/embr) by extension 'colcon_meta'
[2.108s] Level 1:colcon.colcon_core.package_identification:_identify(src/embr) by extensions ['ros']
[2.109s] Level 1:colcon.colcon_core.package_identification:_identify(src/embr) by extension 'ros'
[2.123s] DEBUG:colcon.colcon_core.package_identification:Package 'src/embr' with type 'ros.ament_python' and name 'embr'
[2.124s] Level 1:colcon.colcon_core.package_discovery:discover_packages(recursive) using defaults
[2.124s] Level 1:colcon.colcon_core.package_discovery:discover_packages(ignore) discover
[2.125s] Level 1:colcon.colcon_core.package_discovery:discover_packages(ignore) using defaults
[2.125s] Level 1:colcon.colcon_core.package_discovery:discover_packages(path) discover
[2.125s] Level 1:colcon.colcon_core.package_discovery:discover_packages(path) using defaults
[2.252s] Level 1:colcon.colcon_core.package_discovery:discover_packages(prefix_path) check parameters
[2.253s] Level 1:colcon.colcon_core.package_discovery:discover_packages(prefix_path) discover
[2.271s] DEBUG:colcon.colcon_installed_package_information.package_discovery:Found 270 installed packages in /opt/ros/humble
[2.371s] Level 1:colcon.colcon_core.package_discovery:discover_packages(prefix_path) using defaults
[2.689s] Level 5:colcon.colcon_core.verb:set package 'embr' build argument 'cmake_args' from command line to 'None'
[2.689s] Level 5:colcon.colcon_core.verb:set package 'embr' build argument 'cmake_target' from command line to 'None'
[2.694s] Level 5:colcon.colcon_core.verb:set package 'embr' build argument 'cmake_target_skip_unavailable' from command line to 'False'
[2.694s] Level 5:colcon.colcon_core.verb:set package 'embr' build argument 'cmake_clean_cache' from command line to 'False'
[2.695s] Level 5:colcon.colcon_core.verb:set package 'embr' build argument 'cmake_clean_first' from command line to 'False'
[2.695s] Level 5:colcon.colcon_core.verb:set package 'embr' build argument 'cmake_force_configure' from command line to 'False'
[2.695s] Level 5:colcon.colcon_core.verb:set package 'embr' build argument 'ament_cmake_args' from command line to 'None'
[2.695s] Level 5:colcon.colcon_core.verb:set package 'embr' build argument 'catkin_cmake_args' from command line to 'None'
[2.695s] Level 5:colcon.colcon_core.verb:set package 'embr' build argument 'catkin_skip_building_tests' from command line to 'False'
[2.696s] DEBUG:colcon.colcon_core.verb:Building package 'embr' with the following arguments: {'ament_cmake_args': None, 'build_base': '/home/ubuntu/Documents/EMBR-Bot/ros2_ws/build/embr', 'catkin_cmake_args': None, 'catkin_skip_building_tests': False, 'cmake_args': None, 'cmake_clean_cache': False, 'cmake_clean_first': False, 'cmake_force_configure': False, 'cmake_target': None, 'cmake_target_skip_unavailable': False, 'install_base': '/home/ubuntu/Documents/EMBR-Bot/ros2_ws/install/embr', 'merge_install': False, 'path': '/home/ubuntu/Documents/EMBR-Bot/ros2_ws/src/embr', 'symlink_install': False, 'test_result_base': None}
[2.697s] INFO:colcon.colcon_core.executor:Executing jobs using 'parallel' executor
[2.702s] DEBUG:colcon.colcon_parallel_executor.executor.parallel:run_until_complete
[2.704s] INFO:colcon.colcon_ros.task.ament_python.build:Building ROS package in '/home/ubuntu/Documents/EMBR-Bot/ros2_ws/src/embr' with build type 'ament_python'
[2.704s] Level 1:colcon.colcon_core.shell:create_environment_hook('embr', 'ament_prefix_path')
[2.716s] INFO:colcon.colcon_core.plugin_system:Skipping extension 'colcon_core.shell.bat': Not used on non-Windows systems
[2.718s] INFO:colcon.colcon_core.shell:Creating environment hook '/home/ubuntu/Documents/EMBR-Bot/ros2_ws/install/embr/share/embr/hook/ament_prefix_path.ps1'
[2.722s] INFO:colcon.colcon_core.shell:Creating environment descriptor '/home/ubuntu/Documents/EMBR-Bot/ros2_ws/install/embr/share/embr/hook/ament_prefix_path.dsv'
[2.726s] INFO:colcon.colcon_core.shell:Creating environment hook '/home/ubuntu/Documents/EMBR-Bot/ros2_ws/install/embr/share/embr/hook/ament_prefix_path.sh'
[2.731s] INFO:colcon.colcon_core.shell:Skip shell extension 'powershell' for command environment: Not usable outside of PowerShell
[2.732s] DEBUG:colcon.colcon_core.shell:Skip shell extension 'dsv' for command environment
[4.746s] INFO:colcon.colcon_core.task.python.build:Building Python package in '/home/ubuntu/Documents/EMBR-Bot/ros2_ws/src/embr'
[4.748s] INFO:colcon.colcon_core.shell:Skip shell extension 'powershell' for command environment: Not usable outside of PowerShell
[4.749s] DEBUG:colcon.colcon_core.shell:Skip shell extension 'dsv' for command environment
[7.659s] DEBUG:colcon.colcon_core.event_handler.log_command:Invoking command in '/home/ubuntu/Documents/EMBR-Bot/ros2_ws/src/embr': PYTHONPATH=/home/ubuntu/Documents/EMBR-Bot/ros2_ws/build/embr/prefix_override:/home/ubuntu/Documents/EMBR-Bot/ros2_ws/install/embr/lib/python3.10/site-packages:${PYTHONPATH} /usr/bin/python3 -W ignore:setup.py install is deprecated setup.py egg_info --egg-base ../../build/embr build --build-base /home/ubuntu/Documents/EMBR-Bot/ros2_ws/build/embr/build install --record /home/ubuntu/Documents/EMBR-Bot/ros2_ws/build/embr/install.log --single-version-externally-managed install_data
[10.001s] DEBUG:colcon.colcon_core.event_handler.log_command:Invoked command in '/home/ubuntu/Documents/EMBR-Bot/ros2_ws/src/embr' returned '0': PYTHONPATH=/home/ubuntu/Documents/EMBR-Bot/ros2_ws/build/embr/prefix_override:/home/ubuntu/Documents/EMBR-Bot/ros2_ws/install/embr/lib/python3.10/site-packages:${PYTHONPATH} /usr/bin/python3 -W ignore:setup.py install is deprecated setup.py egg_info --egg-base ../../build/embr build --build-base /home/ubuntu/Documents/EMBR-Bot/ros2_ws/build/embr/build install --record /home/ubuntu/Documents/EMBR-Bot/ros2_ws/build/embr/install.log --single-version-externally-managed install_data
[10.017s] Level 1:colcon.colcon_core.environment:checking '/home/ubuntu/Documents/EMBR-Bot/ros2_ws/install/embr' for CMake module files
[10.021s] Level 1:colcon.colcon_core.environment:checking '/home/ubuntu/Documents/EMBR-Bot/ros2_ws/install/embr' for CMake config files
[10.025s] Level 1:colcon.colcon_core.environment:checking '/home/ubuntu/Documents/EMBR-Bot/ros2_ws/install/embr/lib'
[10.026s] Level 1:colcon.colcon_core.environment:checking '/home/ubuntu/Documents/EMBR-Bot/ros2_ws/install/embr/bin'
[10.027s] Level 1:colcon.colcon_core.environment:checking '/home/ubuntu/Documents/EMBR-Bot/ros2_ws/install/embr/lib/pkgconfig/embr.pc'
[10.028s] Level 1:colcon.colcon_core.environment:checking '/home/ubuntu/Documents/EMBR-Bot/ros2_ws/install/embr/lib/python3.10/site-packages'
[10.029s] Level 1:colcon.colcon_core.shell:create_environment_hook('embr', 'pythonpath')
[10.030s] INFO:colcon.colcon_core.shell:Creating environment hook '/home/ubuntu/Documents/EMBR-Bot/ros2_ws/install/embr/share/embr/hook/pythonpath.ps1'
[10.033s] INFO:colcon.colcon_core.shell:Creating environment descriptor '/home/ubuntu/Documents/EMBR-Bot/ros2_ws/install/embr/share/embr/hook/pythonpath.dsv'
[10.035s] INFO:colcon.colcon_core.shell:Creating environment hook '/home/ubuntu/Documents/EMBR-Bot/ros2_ws/install/embr/share/embr/hook/pythonpath.sh'
[10.040s] Level 1:colcon.colcon_core.environment:checking '/home/ubuntu/Documents/EMBR-Bot/ros2_ws/install/embr/bin'
[10.040s] Level 1:colcon.colcon_core.environment:create_environment_scripts_only(embr)
[10.043s] INFO:colcon.colcon_core.shell:Creating package script '/home/ubuntu/Documents/EMBR-Bot/ros2_ws/install/embr/share/embr/package.ps1'
[10.050s] INFO:colcon.colcon_core.shell:Creating package descriptor '/home/ubuntu/Documents/EMBR-Bot/ros2_ws/install/embr/share/embr/package.dsv'
[10.055s] INFO:colcon.colcon_core.shell:Creating package script '/home/ubuntu/Documents/EMBR-Bot/ros2_ws/install/embr/share/embr/package.sh'
[10.062s] INFO:colcon.colcon_core.shell:Creating package script '/home/ubuntu/Documents/EMBR-Bot/ros2_ws/install/embr/share/embr/package.bash'
[10.068s] INFO:colcon.colcon_core.shell:Creating package script '/home/ubuntu/Documents/EMBR-Bot/ros2_ws/install/embr/share/embr/package.zsh'
[10.073s] Level 1:colcon.colcon_core.environment:create_file_with_runtime_dependencies(/home/ubuntu/Documents/EMBR-Bot/ros2_ws/install/embr/share/colcon-core/packages/embr)
[10.076s] DEBUG:colcon.colcon_parallel_executor.executor.parallel:closing loop
[10.078s] DEBUG:colcon.colcon_parallel_executor.executor.parallel:loop closed
[10.078s] DEBUG:colcon.colcon_parallel_executor.executor.parallel:run_until_complete finished with '0'
[10.079s] DEBUG:colcon.colcon_core.event_reactor:joining thread
[10.111s] INFO:colcon.colcon_core.plugin_system:Skipping extension 'colcon_notification.desktop_notification.terminal_notifier': Not used on non-Darwin systems
[10.112s] INFO:colcon.colcon_core.plugin_system:Skipping extension 'colcon_notification.desktop_notification.win32': Not used on non-Windows systems
[10.112s] INFO:colcon.colcon_notification.desktop_notification:Sending desktop notification using 'notify2'
[10.184s] DEBUG:colcon.colcon_core.event_reactor:joined thread
[10.186s] INFO:colcon.colcon_core.shell:Creating prefix script '/home/ubuntu/Documents/EMBR-Bot/ros2_ws/install/local_setup.ps1'
[10.193s] INFO:colcon.colcon_core.shell:Creating prefix util module '/home/ubuntu/Documents/EMBR-Bot/ros2_ws/install/_local_setup_util_ps1.py'
[10.205s] INFO:colcon.colcon_core.shell:Creating prefix chain script '/home/ubuntu/Documents/EMBR-Bot/ros2_ws/install/setup.ps1'
[10.212s] INFO:colcon.colcon_core.shell:Creating prefix script '/home/ubuntu/Documents/EMBR-Bot/ros2_ws/install/local_setup.sh'
[10.216s] INFO:colcon.colcon_core.shell:Creating prefix util module '/home/ubuntu/Documents/EMBR-Bot/ros2_ws/install/_local_setup_util_sh.py'
[10.220s] INFO:colcon.colcon_core.shell:Creating prefix chain script '/home/ubuntu/Documents/EMBR-Bot/ros2_ws/install/setup.sh'
[10.227s] INFO:colcon.colcon_core.shell:Creating prefix script '/home/ubuntu/Documents/EMBR-Bot/ros2_ws/install/local_setup.bash'
[10.231s] INFO:colcon.colcon_core.shell:Creating prefix chain script '/home/ubuntu/Documents/EMBR-Bot/ros2_ws/install/setup.bash'
[10.239s] INFO:colcon.colcon_core.shell:Creating prefix script '/home/ubuntu/Documents/EMBR-Bot/ros2_ws/install/local_setup.zsh'
[10.245s] INFO:colcon.colcon_core.shell:Creating prefix chain script '/home/ubuntu/Documents/EMBR-Bot/ros2_ws/install/setup.zsh'
