[4.856s] Invoking command in '/home/ubuntu/Documents/EMBR-Bot/ros2_ws/src/embr': PYTHONPATH=/home/ubuntu/Documents/EMBR-Bot/ros2_ws/build/embr/prefix_override:/home/ubuntu/Documents/EMBR-Bot/ros2_ws/install/embr/lib/python3.10/site-packages:${PYTHONPATH} /usr/bin/python3 -W ignore:setup.py install is deprecated setup.py egg_info --egg-base ../../build/embr build --build-base /home/ubuntu/Documents/EMBR-Bot/ros2_ws/build/embr/build install --record /home/ubuntu/Documents/EMBR-Bot/ros2_ws/build/embr/install.log --single-version-externally-managed install_data
[6.695s] running egg_info
[6.701s] writing ../../build/embr/embr.egg-info/PKG-INFO
[6.703s] writing dependency_links to ../../build/embr/embr.egg-info/dependency_links.txt
[6.704s] writing entry points to ../../build/embr/embr.egg-info/entry_points.txt
[6.706s] writing requirements to ../../build/embr/embr.egg-info/requires.txt
[6.706s] writing top-level names to ../../build/embr/embr.egg-info/top_level.txt
[6.718s] reading manifest file '../../build/embr/embr.egg-info/SOURCES.txt'
[6.719s] adding license file 'LICENSE'
[6.725s] writing manifest file '../../build/embr/embr.egg-info/SOURCES.txt'
[6.727s] running build
[6.727s] running build_py
[6.728s] copying embr/getTemp.py -> /home/ubuntu/Documents/EMBR-Bot/ros2_ws/build/embr/build/lib/embr
[6.730s] running install
[6.732s] running install_lib
[6.737s] copying /home/ubuntu/Documents/EMBR-Bot/ros2_ws/build/embr/build/lib/embr/getTemp.py -> /home/ubuntu/Documents/EMBR-Bot/ros2_ws/install/embr/lib/python3.10/site-packages/embr
[6.741s] byte-compiling /home/ubuntu/Documents/EMBR-Bot/ros2_ws/install/embr/lib/python3.10/site-packages/embr/getTemp.py to getTemp.cpython-310.pyc
[6.745s] running install_data
[6.746s] running install_egg_info
[6.756s] removing '/home/ubuntu/Documents/EMBR-Bot/ros2_ws/install/embr/lib/python3.10/site-packages/embr-0.0.0-py3.10.egg-info' (and everything under it)
[6.758s] Copying ../../build/embr/embr.egg-info to /home/ubuntu/Documents/EMBR-Bot/ros2_ws/install/embr/lib/python3.10/site-packages/embr-0.0.0-py3.10.egg-info
[6.763s] running install_scripts
[6.905s] Installing getCube script to /home/ubuntu/Documents/EMBR-Bot/ros2_ws/install/embr/lib/embr
[6.913s] Installing getTemp script to /home/ubuntu/Documents/EMBR-Bot/ros2_ws/install/embr/lib/embr
[6.915s] Installing sendRf script to /home/ubuntu/Documents/EMBR-Bot/ros2_ws/install/embr/lib/embr
[6.916s] writing list of installed files to '/home/ubuntu/Documents/EMBR-Bot/ros2_ws/build/embr/install.log'
[7.128s] Invoked command in '/home/ubuntu/Documents/EMBR-Bot/ros2_ws/src/embr' returned '0': PYTHONPATH=/home/ubuntu/Documents/EMBR-Bot/ros2_ws/build/embr/prefix_override:/home/ubuntu/Documents/EMBR-Bot/ros2_ws/install/embr/lib/python3.10/site-packages:${PYTHONPATH} /usr/bin/python3 -W ignore:setup.py install is deprecated setup.py egg_info --egg-base ../../build/embr build --build-base /home/ubuntu/Documents/EMBR-Bot/ros2_ws/build/embr/build install --record /home/ubuntu/Documents/EMBR-Bot/ros2_ws/build/embr/install.log --single-version-externally-managed install_data
