running develop
/usr/lib/python3/dist-packages/setuptools/command/easy_install.py:158: EasyInstallDeprecationWarning: easy_install command is deprecated. Use build and pip and other standards-based tools.
  warnings.warn(
running egg_info
creating embr.egg-info
writing embr.egg-info/PKG-INFO
writing dependency_links to embr.egg-info/dependency_links.txt
writing entry points to embr.egg-info/entry_points.txt
writing requirements to embr.egg-info/requires.txt
writing top-level names to embr.egg-info/top_level.txt
writing manifest file 'embr.egg-info/SOURCES.txt'
reading manifest file 'embr.egg-info/SOURCES.txt'
writing manifest file 'embr.egg-info/SOURCES.txt'
running build_ext
Creating /home/ubuntu/Documents/EMBR-Bot/ros2_ws/install/embr/lib/python3.10/site-packages/embr.egg-link (link to .)

Installed /home/ubuntu/Documents/EMBR-Bot/ros2_ws/build/embr
running symlink_data
creating /home/ubuntu/Documents/EMBR-Bot/ros2_ws/install/embr/share/ament_index
creating /home/ubuntu/Documents/EMBR-Bot/ros2_ws/install/embr/share/ament_index/resource_index
creating /home/ubuntu/Documents/EMBR-Bot/ros2_ws/install/embr/share/ament_index/resource_index/packages
symbolically linking /home/ubuntu/Documents/EMBR-Bot/ros2_ws/build/embr/resource/embr -> /home/ubuntu/Documents/EMBR-Bot/ros2_ws/install/embr/share/ament_index/resource_index/packages
symbolically linking /home/ubuntu/Documents/EMBR-Bot/ros2_ws/build/embr/package.xml -> /home/ubuntu/Documents/EMBR-Bot/ros2_ws/install/embr/share/embr
