[5.114s] Invoking command in '/home/ubuntu/Documents/EMBR-Bot/ros2_ws/build/embr': PYTHONPATH=/home/ubuntu/Documents/EMBR-Bot/ros2_ws/build/embr/prefix_override:/home/ubuntu/Documents/EMBR-Bot/ros2_ws/install/embr/lib/python3.10/site-packages:${PYTHONPATH} /usr/bin/python3 -W ignore:setup.py install is deprecated setup.py develop --editable --build-directory /home/ubuntu/Documents/EMBR-Bot/ros2_ws/build/embr/build --no-deps symlink_data
[7.123s] running develop
[7.132s] /usr/lib/python3/dist-packages/setuptools/command/easy_install.py:158: EasyInstallDeprecationWarning: easy_install command is deprecated. Use build and pip and other standards-based tools.
[7.133s]   warnings.warn(
[8.452s] running egg_info
[8.454s] creating embr.egg-info
[8.455s] writing embr.egg-info/PKG-INFO
[8.461s] writing dependency_links to embr.egg-info/dependency_links.txt
[8.462s] writing entry points to embr.egg-info/entry_points.txt
[8.463s] writing requirements to embr.egg-info/requires.txt
[8.463s] writing top-level names to embr.egg-info/top_level.txt
[8.464s] writing manifest file 'embr.egg-info/SOURCES.txt'
[8.473s] reading manifest file 'embr.egg-info/SOURCES.txt'
[8.479s] writing manifest file 'embr.egg-info/SOURCES.txt'
[8.490s] running build_ext
[8.492s] Creating /home/ubuntu/Documents/EMBR-Bot/ros2_ws/install/embr/lib/python3.10/site-packages/embr.egg-link (link to .)
[8.499s] 
[8.502s] Installed /home/ubuntu/Documents/EMBR-Bot/ros2_ws/build/embr
[8.503s] running symlink_data
[8.505s] creating /home/ubuntu/Documents/EMBR-Bot/ros2_ws/install/embr/share/ament_index
[8.506s] creating /home/ubuntu/Documents/EMBR-Bot/ros2_ws/install/embr/share/ament_index/resource_index
[8.506s] creating /home/ubuntu/Documents/EMBR-Bot/ros2_ws/install/embr/share/ament_index/resource_index/packages
[8.507s] symbolically linking /home/ubuntu/Documents/EMBR-Bot/ros2_ws/build/embr/resource/embr -> /home/ubuntu/Documents/EMBR-Bot/ros2_ws/install/embr/share/ament_index/resource_index/packages
[8.508s] symbolically linking /home/ubuntu/Documents/EMBR-Bot/ros2_ws/build/embr/package.xml -> /home/ubuntu/Documents/EMBR-Bot/ros2_ws/install/embr/share/embr
[8.815s] Invoked command in '/home/ubuntu/Documents/EMBR-Bot/ros2_ws/build/embr' returned '0': PYTHONPATH=/home/ubuntu/Documents/EMBR-Bot/ros2_ws/build/embr/prefix_override:/home/ubuntu/Documents/EMBR-Bot/ros2_ws/install/embr/lib/python3.10/site-packages:${PYTHONPATH} /usr/bin/python3 -W ignore:setup.py install is deprecated setup.py develop --editable --build-directory /home/ubuntu/Documents/EMBR-Bot/ros2_ws/build/embr/build --no-deps symlink_data
