[0.798s] DEBUG:colcon:Command line arguments: ['/usr/bin/colcon', 'build', '--packages-select', 'embr']
[0.799s] DEBUG:colcon:Parsed command line arguments: Namespace(log_base=None, log_level=None, verb_name='build', build_base='build', install_base='install', merge_install=False, symlink_install=False, test_result_base=None, continue_on_error=False, executor='parallel', parallel_workers=4, event_handlers=None, ignore_user_meta=False, metas=['./colcon.meta'], base_paths=['.'], packages_ignore=None, packages_ignore_regex=None, paths=None, packages_up_to=None, packages_up_to_regex=None, packages_above=None, packages_above_and_dependencies=None, packages_above_depth=None, packages_select_by_dep=None, packages_skip_by_dep=None, packages_skip_up_to=None, packages_select_build_failed=False, packages_skip_build_finished=False, packages_select_test_failures=False, packages_skip_test_passed=False, packages_select=['embr'], packages_skip=None, packages_select_regex=None, packages_skip_regex=None, packages_start=None, packages_end=None, allow_overriding=[], cmake_args=None, cmake_target=None, cmake_target_skip_unavailable=False, cmake_clean_cache=False, cmake_clean_first=False, cmake_force_configure=False, ament_cmake_args=None, catkin_cmake_args=None, catkin_skip_building_tests=False, verb_parser=<colcon_defaults.argument_parser.defaults.DefaultArgumentsDecorator object at 0xffffadb0c580>, verb_extension=<colcon_core.verb.build.BuildVerb object at 0xffffadc49180>, main=<bound method BuildVerb.main of <colcon_core.verb.build.BuildVerb object at 0xffffadc49180>>)
[2.173s] Level 1:colcon.colcon_core.package_discovery:discover_packages(colcon_meta) check parameters
[2.174s] Level 1:colcon.colcon_core.package_discovery:discover_packages(recursive) check parameters
[2.174s] Level 1:colcon.colcon_core.package_discovery:discover_packages(ignore) check parameters
[2.174s] Level 1:colcon.colcon_core.package_discovery:discover_packages(path) check parameters
[2.174s] Level 1:colcon.colcon_core.package_discovery:discover_packages(colcon_meta) discover
[2.175s] Level 1:colcon.colcon_core.package_discovery:discover_packages(recursive) discover
[2.175s] INFO:colcon.colcon_core.package_discovery:Crawling recursively for packages in '/home/ubuntu/Documents/EMBR-Bot/ros2_ws'
[2.176s] Level 1:colcon.colcon_core.package_identification:_identify(.) by extensions ['ignore', 'ignore_ament_install']
[2.176s] Level 1:colcon.colcon_core.package_identification:_identify(.) by extension 'ignore'
[2.176s] Level 1:colcon.colcon_core.package_identification:_identify(.) by extension 'ignore_ament_install'
[2.177s] Level 1:colcon.colcon_core.package_identification:_identify(.) by extensions ['colcon_pkg']
[2.177s] Level 1:colcon.colcon_core.package_identification:_identify(.) by extension 'colcon_pkg'
[2.177s] Level 1:colcon.colcon_core.package_identification:_identify(.) by extensions ['colcon_meta']
[2.178s] Level 1:colcon.colcon_core.package_identification:_identify(.) by extension 'colcon_meta'
[2.178s] Level 1:colcon.colcon_core.package_identification:_identify(.) by extensions ['ros']
[2.178s] Level 1:colcon.colcon_core.package_identification:_identify(.) by extension 'ros'
[2.266s] Level 1:colcon.colcon_core.package_identification:_identify(.) by extensions ['cmake', 'python']
[2.267s] Level 1:colcon.colcon_core.package_identification:_identify(.) by extension 'cmake'
[2.267s] Level 1:colcon.colcon_core.package_identification:_identify(.) by extension 'python'
[2.267s] Level 1:colcon.colcon_core.package_identification:_identify(.) by extensions ['python_setup_py']
[2.268s] Level 1:colcon.colcon_core.package_identification:_identify(.) by extension 'python_setup_py'
[2.268s] Level 1:colcon.colcon_core.package_identification:_identify(build) by extensions ['ignore', 'ignore_ament_install']
[2.269s] Level 1:colcon.colcon_core.package_identification:_identify(build) by extension 'ignore'
[2.269s] Level 1:colcon.colcon_core.package_identification:_identify(build) ignored
[2.270s] Level 1:colcon.colcon_core.package_identification:_identify(install) by extensions ['ignore', 'ignore_ament_install']
[2.271s] Level 1:colcon.colcon_core.package_identification:_identify(install) by extension 'ignore'
[2.271s] Level 1:colcon.colcon_core.package_identification:_identify(install) ignored
[2.272s] Level 1:colcon.colcon_core.package_identification:_identify(log) by extensions ['ignore', 'ignore_ament_install']
[2.273s] Level 1:colcon.colcon_core.package_identification:_identify(log) by extension 'ignore'
[2.273s] Level 1:colcon.colcon_core.package_identification:_identify(log) ignored
[2.274s] Level 1:colcon.colcon_core.package_identification:_identify(src) by extensions ['ignore', 'ignore_ament_install']
[2.275s] Level 1:colcon.colcon_core.package_identification:_identify(src) by extension 'ignore'
[2.275s] Level 1:colcon.colcon_core.package_identification:_identify(src) by extension 'ignore_ament_install'
[2.276s] Level 1:colcon.colcon_core.package_identification:_identify(src) by extensions ['colcon_pkg']
[2.276s] Level 1:colcon.colcon_core.package_identification:_identify(src) by extension 'colcon_pkg'
[2.277s] Level 1:colcon.colcon_core.package_identification:_identify(src) by extensions ['colcon_meta']
[2.277s] Level 1:colcon.colcon_core.package_identification:_identify(src) by extension 'colcon_meta'
[2.277s] Level 1:colcon.colcon_core.package_identification:_identify(src) by extensions ['ros']
[2.278s] Level 1:colcon.colcon_core.package_identification:_identify(src) by extension 'ros'
[2.278s] Level 1:colcon.colcon_core.package_identification:_identify(src) by extensions ['cmake', 'python']
[2.279s] Level 1:colcon.colcon_core.package_identification:_identify(src) by extension 'cmake'
[2.279s] Level 1:colcon.colcon_core.package_identification:_identify(src) by extension 'python'
[2.279s] Level 1:colcon.colcon_core.package_identification:_identify(src) by extensions ['python_setup_py']
[2.280s] Level 1:colcon.colcon_core.package_identification:_identify(src) by extension 'python_setup_py'
[2.280s] Level 1:colcon.colcon_core.package_identification:_identify(src/embr) by extensions ['ignore', 'ignore_ament_install']
[2.281s] Level 1:colcon.colcon_core.package_identification:_identify(src/embr) by extension 'ignore'
[2.281s] Level 1:colcon.colcon_core.package_identification:_identify(src/embr) by extension 'ignore_ament_install'
[2.282s] Level 1:colcon.colcon_core.package_identification:_identify(src/embr) by extensions ['colcon_pkg']
[2.282s] Level 1:colcon.colcon_core.package_identification:_identify(src/embr) by extension 'colcon_pkg'
[2.283s] Level 1:colcon.colcon_core.package_identification:_identify(src/embr) by extensions ['colcon_meta']
[2.283s] Level 1:colcon.colcon_core.package_identification:_identify(src/embr) by extension 'colcon_meta'
[2.284s] Level 1:colcon.colcon_core.package_identification:_identify(src/embr) by extensions ['ros']
[2.284s] Level 1:colcon.colcon_core.package_identification:_identify(src/embr) by extension 'ros'
[2.300s] DEBUG:colcon.colcon_core.package_identification:Package 'src/embr' with type 'ros.ament_python' and name 'embr'
[2.301s] Level 1:colcon.colcon_core.package_discovery:discover_packages(recursive) using defaults
[2.305s] Level 1:colcon.colcon_core.package_discovery:discover_packages(ignore) discover
[2.306s] Level 1:colcon.colcon_core.package_discovery:discover_packages(ignore) using defaults
[2.306s] Level 1:colcon.colcon_core.package_discovery:discover_packages(path) discover
[2.306s] Level 1:colcon.colcon_core.package_discovery:discover_packages(path) using defaults
[2.447s] Level 1:colcon.colcon_core.package_discovery:discover_packages(prefix_path) check parameters
[2.447s] Level 1:colcon.colcon_core.package_discovery:discover_packages(prefix_path) discover
[2.464s] DEBUG:colcon.colcon_installed_package_information.package_discovery:Found 270 installed packages in /opt/ros/humble
[2.571s] Level 1:colcon.colcon_core.package_discovery:discover_packages(prefix_path) using defaults
[2.916s] Level 5:colcon.colcon_core.verb:set package 'embr' build argument 'cmake_args' from command line to 'None'
[2.917s] Level 5:colcon.colcon_core.verb:set package 'embr' build argument 'cmake_target' from command line to 'None'
[2.917s] Level 5:colcon.colcon_core.verb:set package 'embr' build argument 'cmake_target_skip_unavailable' from command line to 'False'
[2.917s] Level 5:colcon.colcon_core.verb:set package 'embr' build argument 'cmake_clean_cache' from command line to 'False'
[2.918s] Level 5:colcon.colcon_core.verb:set package 'embr' build argument 'cmake_clean_first' from command line to 'False'
[2.918s] Level 5:colcon.colcon_core.verb:set package 'embr' build argument 'cmake_force_configure' from command line to 'False'
[2.918s] Level 5:colcon.colcon_core.verb:set package 'embr' build argument 'ament_cmake_args' from command line to 'None'
[2.918s] Level 5:colcon.colcon_core.verb:set package 'embr' build argument 'catkin_cmake_args' from command line to 'None'
[2.918s] Level 5:colcon.colcon_core.verb:set package 'embr' build argument 'catkin_skip_building_tests' from command line to 'False'
[2.919s] DEBUG:colcon.colcon_core.verb:Building package 'embr' with the following arguments: {'ament_cmake_args': None, 'build_base': '/home/ubuntu/Documents/EMBR-Bot/ros2_ws/build/embr', 'catkin_cmake_args': None, 'catkin_skip_building_tests': False, 'cmake_args': None, 'cmake_clean_cache': False, 'cmake_clean_first': False, 'cmake_force_configure': False, 'cmake_target': None, 'cmake_target_skip_unavailable': False, 'install_base': '/home/ubuntu/Documents/EMBR-Bot/ros2_ws/install/embr', 'merge_install': False, 'path': '/home/ubuntu/Documents/EMBR-Bot/ros2_ws/src/embr', 'symlink_install': False, 'test_result_base': None}
[2.920s] INFO:colcon.colcon_core.executor:Executing jobs using 'parallel' executor
[2.925s] DEBUG:colcon.colcon_parallel_executor.executor.parallel:run_until_complete
[2.927s] INFO:colcon.colcon_ros.task.ament_python.build:Building ROS package in '/home/ubuntu/Documents/EMBR-Bot/ros2_ws/src/embr' with build type 'ament_python'
[2.928s] Level 1:colcon.colcon_core.shell:create_environment_hook('embr', 'ament_prefix_path')
[2.939s] INFO:colcon.colcon_core.plugin_system:Skipping extension 'colcon_core.shell.bat': Not used on non-Windows systems
[2.941s] INFO:colcon.colcon_core.shell:Creating environment hook '/home/ubuntu/Documents/EMBR-Bot/ros2_ws/install/embr/share/embr/hook/ament_prefix_path.ps1'
[2.945s] INFO:colcon.colcon_core.shell:Creating environment descriptor '/home/ubuntu/Documents/EMBR-Bot/ros2_ws/install/embr/share/embr/hook/ament_prefix_path.dsv'
[2.949s] INFO:colcon.colcon_core.shell:Creating environment hook '/home/ubuntu/Documents/EMBR-Bot/ros2_ws/install/embr/share/embr/hook/ament_prefix_path.sh'
[2.955s] INFO:colcon.colcon_core.shell:Skip shell extension 'powershell' for command environment: Not usable outside of PowerShell
[2.956s] DEBUG:colcon.colcon_core.shell:Skip shell extension 'dsv' for command environment
[4.936s] INFO:colcon.colcon_core.task.python.build:Building Python package in '/home/ubuntu/Documents/EMBR-Bot/ros2_ws/src/embr'
[4.938s] INFO:colcon.colcon_core.shell:Skip shell extension 'powershell' for command environment: Not usable outside of PowerShell
[4.939s] DEBUG:colcon.colcon_core.shell:Skip shell extension 'dsv' for command environment
[7.717s] DEBUG:colcon.colcon_core.event_handler.log_command:Invoking command in '/home/ubuntu/Documents/EMBR-Bot/ros2_ws/src/embr': PYTHONPATH=/home/ubuntu/Documents/EMBR-Bot/ros2_ws/build/embr/prefix_override:/home/ubuntu/Documents/EMBR-Bot/ros2_ws/install/embr/lib/python3.10/site-packages:${PYTHONPATH} /usr/bin/python3 -W ignore:setup.py install is deprecated setup.py egg_info --egg-base ../../build/embr build --build-base /home/ubuntu/Documents/EMBR-Bot/ros2_ws/build/embr/build install --record /home/ubuntu/Documents/EMBR-Bot/ros2_ws/build/embr/install.log --single-version-externally-managed install_data
[9.955s] DEBUG:colcon.colcon_core.event_handler.log_command:Invoked command in '/home/ubuntu/Documents/EMBR-Bot/ros2_ws/src/embr' returned '0': PYTHONPATH=/home/ubuntu/Documents/EMBR-Bot/ros2_ws/build/embr/prefix_override:/home/ubuntu/Documents/EMBR-Bot/ros2_ws/install/embr/lib/python3.10/site-packages:${PYTHONPATH} /usr/bin/python3 -W ignore:setup.py install is deprecated setup.py egg_info --egg-base ../../build/embr build --build-base /home/ubuntu/Documents/EMBR-Bot/ros2_ws/build/embr/build install --record /home/ubuntu/Documents/EMBR-Bot/ros2_ws/build/embr/install.log --single-version-externally-managed install_data
[9.970s] Level 1:colcon.colcon_core.environment:checking '/home/ubuntu/Documents/EMBR-Bot/ros2_ws/install/embr' for CMake module files
[9.973s] Level 1:colcon.colcon_core.environment:checking '/home/ubuntu/Documents/EMBR-Bot/ros2_ws/install/embr' for CMake config files
[9.977s] Level 1:colcon.colcon_core.environment:checking '/home/ubuntu/Documents/EMBR-Bot/ros2_ws/install/embr/lib'
[9.979s] Level 1:colcon.colcon_core.environment:checking '/home/ubuntu/Documents/EMBR-Bot/ros2_ws/install/embr/bin'
[9.979s] Level 1:colcon.colcon_core.environment:checking '/home/ubuntu/Documents/EMBR-Bot/ros2_ws/install/embr/lib/pkgconfig/embr.pc'
[9.981s] Level 1:colcon.colcon_core.environment:checking '/home/ubuntu/Documents/EMBR-Bot/ros2_ws/install/embr/lib/python3.10/site-packages'
[9.981s] Level 1:colcon.colcon_core.shell:create_environment_hook('embr', 'pythonpath')
[9.983s] INFO:colcon.colcon_core.shell:Creating environment hook '/home/ubuntu/Documents/EMBR-Bot/ros2_ws/install/embr/share/embr/hook/pythonpath.ps1'
[9.985s] INFO:colcon.colcon_core.shell:Creating environment descriptor '/home/ubuntu/Documents/EMBR-Bot/ros2_ws/install/embr/share/embr/hook/pythonpath.dsv'
[9.988s] INFO:colcon.colcon_core.shell:Creating environment hook '/home/ubuntu/Documents/EMBR-Bot/ros2_ws/install/embr/share/embr/hook/pythonpath.sh'
[9.991s] Level 1:colcon.colcon_core.environment:checking '/home/ubuntu/Documents/EMBR-Bot/ros2_ws/install/embr/bin'
[9.992s] Level 1:colcon.colcon_core.environment:create_environment_scripts_only(embr)
[9.995s] INFO:colcon.colcon_core.shell:Creating package script '/home/ubuntu/Documents/EMBR-Bot/ros2_ws/install/embr/share/embr/package.ps1'
[10.001s] INFO:colcon.colcon_core.shell:Creating package descriptor '/home/ubuntu/Documents/EMBR-Bot/ros2_ws/install/embr/share/embr/package.dsv'
[10.006s] INFO:colcon.colcon_core.shell:Creating package script '/home/ubuntu/Documents/EMBR-Bot/ros2_ws/install/embr/share/embr/package.sh'
[10.012s] INFO:colcon.colcon_core.shell:Creating package script '/home/ubuntu/Documents/EMBR-Bot/ros2_ws/install/embr/share/embr/package.bash'
[10.020s] INFO:colcon.colcon_core.shell:Creating package script '/home/ubuntu/Documents/EMBR-Bot/ros2_ws/install/embr/share/embr/package.zsh'
[10.026s] Level 1:colcon.colcon_core.environment:create_file_with_runtime_dependencies(/home/ubuntu/Documents/EMBR-Bot/ros2_ws/install/embr/share/colcon-core/packages/embr)
[10.029s] DEBUG:colcon.colcon_parallel_executor.executor.parallel:closing loop
[10.032s] DEBUG:colcon.colcon_parallel_executor.executor.parallel:loop closed
[10.033s] DEBUG:colcon.colcon_parallel_executor.executor.parallel:run_until_complete finished with '0'
[10.033s] DEBUG:colcon.colcon_core.event_reactor:joining thread
[10.062s] INFO:colcon.colcon_core.plugin_system:Skipping extension 'colcon_notification.desktop_notification.terminal_notifier': Not used on non-Darwin systems
[10.063s] INFO:colcon.colcon_core.plugin_system:Skipping extension 'colcon_notification.desktop_notification.win32': Not used on non-Windows systems
[10.063s] INFO:colcon.colcon_notification.desktop_notification:Sending desktop notification using 'notify2'
[10.168s] DEBUG:colcon.colcon_core.event_reactor:joined thread
[10.170s] INFO:colcon.colcon_core.shell:Creating prefix script '/home/ubuntu/Documents/EMBR-Bot/ros2_ws/install/local_setup.ps1'
[10.177s] INFO:colcon.colcon_core.shell:Creating prefix util module '/home/ubuntu/Documents/EMBR-Bot/ros2_ws/install/_local_setup_util_ps1.py'
[10.189s] INFO:colcon.colcon_core.shell:Creating prefix chain script '/home/ubuntu/Documents/EMBR-Bot/ros2_ws/install/setup.ps1'
[10.196s] INFO:colcon.colcon_core.shell:Creating prefix script '/home/ubuntu/Documents/EMBR-Bot/ros2_ws/install/local_setup.sh'
[10.201s] INFO:colcon.colcon_core.shell:Creating prefix util module '/home/ubuntu/Documents/EMBR-Bot/ros2_ws/install/_local_setup_util_sh.py'
[10.204s] INFO:colcon.colcon_core.shell:Creating prefix chain script '/home/ubuntu/Documents/EMBR-Bot/ros2_ws/install/setup.sh'
[10.213s] INFO:colcon.colcon_core.shell:Creating prefix script '/home/ubuntu/Documents/EMBR-Bot/ros2_ws/install/local_setup.bash'
[10.217s] INFO:colcon.colcon_core.shell:Creating prefix chain script '/home/ubuntu/Documents/EMBR-Bot/ros2_ws/install/setup.bash'
[10.227s] INFO:colcon.colcon_core.shell:Creating prefix script '/home/ubuntu/Documents/EMBR-Bot/ros2_ws/install/local_setup.zsh'
[10.232s] INFO:colcon.colcon_core.shell:Creating prefix chain script '/home/ubuntu/Documents/EMBR-Bot/ros2_ws/install/setup.zsh'
