[0.062s] Invoking command in '/home/ubuntu/Documents/EMBR-Bot/ros2_ws/build/msg_interface': CMAKE_PREFIX_PATH=/opt/ros/humble /usr/bin/cmake --build /home/ubuntu/Documents/EMBR-Bot/ros2_ws/build/msg_interface -- -j4 -l4
[0.293s] [  3%] Built target msg_interface__cpp
[0.300s] [ 12%] Built target msg_interface__rosidl_generator_c
[0.357s] [ 12%] Built target ament_cmake_python_copy_msg_interface
[0.431s] [ 22%] Built target msg_interface__rosidl_typesupport_introspection_cpp
[0.465s] [ 32%] Built target msg_interface__rosidl_typesupport_cpp
[0.488s] [ 41%] Built target msg_interface__rosidl_typesupport_fastrtps_cpp
[0.512s] [ 51%] Built target msg_interface__rosidl_typesupport_fastrtps_c
[0.541s] [ 61%] Built target msg_interface__rosidl_typesupport_introspection_c
[0.585s] [ 70%] Built target msg_interface__rosidl_typesupport_c
[0.676s] [ 70%] Built target msg_interface
[0.792s] [ 74%] Built target msg_interface__py
[0.904s] [ 80%] Built target msg_interface__rosidl_generator_py
[1.044s] [ 87%] Built target msg_interface__rosidl_typesupport_c__pyext
[1.045s] [ 93%] Built target msg_interface__rosidl_typesupport_fastrtps_c__pyext
[1.071s] [100%] Built target msg_interface__rosidl_typesupport_introspection_c__pyext
[2.321s] running egg_info
[2.327s] writing msg_interface.egg-info/PKG-INFO
[2.328s] writing dependency_links to msg_interface.egg-info/dependency_links.txt
[2.330s] writing top-level names to msg_interface.egg-info/top_level.txt
[2.347s] reading manifest file 'msg_interface.egg-info/SOURCES.txt'
[2.351s] writing manifest file 'msg_interface.egg-info/SOURCES.txt'
[2.552s] [100%] Built target ament_cmake_python_build_msg_interface_egg
[2.605s] Invoked command in '/home/ubuntu/Documents/EMBR-Bot/ros2_ws/build/msg_interface' returned '0': CMAKE_PREFIX_PATH=/opt/ros/humble /usr/bin/cmake --build /home/ubuntu/Documents/EMBR-Bot/ros2_ws/build/msg_interface -- -j4 -l4
[2.859s] Invoking command in '/home/ubuntu/Documents/EMBR-Bot/ros2_ws/build/msg_interface': CMAKE_PREFIX_PATH=/opt/ros/humble /usr/bin/cmake --install /home/ubuntu/Documents/EMBR-Bot/ros2_ws/build/msg_interface
[2.896s] -- Install configuration: ""
[2.897s] -- Up-to-date: /home/ubuntu/Documents/EMBR-Bot/ros2_ws/install/msg_interface/share/ament_index/resource_index/rosidl_interfaces/msg_interface
[2.898s] -- Up-to-date: /home/ubuntu/Documents/EMBR-Bot/ros2_ws/install/msg_interface/include/msg_interface/msg_interface
[2.899s] -- Up-to-date: /home/ubuntu/Documents/EMBR-Bot/ros2_ws/install/msg_interface/include/msg_interface/msg_interface/msg
[2.900s] -- Up-to-date: /home/ubuntu/Documents/EMBR-Bot/ros2_ws/install/msg_interface/include/msg_interface/msg_interface/msg/gps.h
[2.900s] -- Up-to-date: /home/ubuntu/Documents/EMBR-Bot/ros2_ws/install/msg_interface/include/msg_interface/msg_interface/msg/detail
[2.901s] -- Up-to-date: /home/ubuntu/Documents/EMBR-Bot/ros2_ws/install/msg_interface/include/msg_interface/msg_interface/msg/detail/gps__functions.h
[2.902s] -- Up-to-date: /home/ubuntu/Documents/EMBR-Bot/ros2_ws/install/msg_interface/include/msg_interface/msg_interface/msg/detail/gps__struct.h
[2.903s] -- Up-to-date: /home/ubuntu/Documents/EMBR-Bot/ros2_ws/install/msg_interface/include/msg_interface/msg_interface/msg/detail/gps__functions.c
[2.904s] -- Up-to-date: /home/ubuntu/Documents/EMBR-Bot/ros2_ws/install/msg_interface/include/msg_interface/msg_interface/msg/detail/gps__type_support.h
[2.904s] -- Up-to-date: /home/ubuntu/Documents/EMBR-Bot/ros2_ws/install/msg_interface/include/msg_interface/msg_interface/msg/rosidl_generator_c__visibility_control.h
[2.905s] -- Up-to-date: /home/ubuntu/Documents/EMBR-Bot/ros2_ws/install/msg_interface/share/msg_interface/environment/library_path.sh
[2.905s] -- Up-to-date: /home/ubuntu/Documents/EMBR-Bot/ros2_ws/install/msg_interface/share/msg_interface/environment/library_path.dsv
[2.906s] -- Up-to-date: /home/ubuntu/Documents/EMBR-Bot/ros2_ws/install/msg_interface/lib/libmsg_interface__rosidl_generator_c.so
[2.907s] -- Up-to-date: /home/ubuntu/Documents/EMBR-Bot/ros2_ws/install/msg_interface/include/msg_interface/msg_interface
[2.913s] -- Up-to-date: /home/ubuntu/Documents/EMBR-Bot/ros2_ws/install/msg_interface/include/msg_interface/msg_interface/msg
[2.914s] -- Up-to-date: /home/ubuntu/Documents/EMBR-Bot/ros2_ws/install/msg_interface/include/msg_interface/msg_interface/msg/detail
[2.915s] -- Up-to-date: /home/ubuntu/Documents/EMBR-Bot/ros2_ws/install/msg_interface/include/msg_interface/msg_interface/msg/detail/gps__rosidl_typesupport_fastrtps_c.h
[2.917s] -- Up-to-date: /home/ubuntu/Documents/EMBR-Bot/ros2_ws/install/msg_interface/include/msg_interface/msg_interface/msg/rosidl_typesupport_fastrtps_c__visibility_control.h
[2.918s] -- Up-to-date: /home/ubuntu/Documents/EMBR-Bot/ros2_ws/install/msg_interface/lib/libmsg_interface__rosidl_typesupport_fastrtps_c.so
[2.919s] -- Up-to-date: /home/ubuntu/Documents/EMBR-Bot/ros2_ws/install/msg_interface/include/msg_interface/msg_interface
[2.920s] -- Up-to-date: /home/ubuntu/Documents/EMBR-Bot/ros2_ws/install/msg_interface/include/msg_interface/msg_interface/msg
[2.921s] -- Up-to-date: /home/ubuntu/Documents/EMBR-Bot/ros2_ws/install/msg_interface/include/msg_interface/msg_interface/msg/detail
[2.922s] -- Up-to-date: /home/ubuntu/Documents/EMBR-Bot/ros2_ws/install/msg_interface/include/msg_interface/msg_interface/msg/detail/gps__rosidl_typesupport_introspection_c.h
[2.922s] -- Up-to-date: /home/ubuntu/Documents/EMBR-Bot/ros2_ws/install/msg_interface/include/msg_interface/msg_interface/msg/detail/gps__type_support.c
[2.923s] -- Up-to-date: /home/ubuntu/Documents/EMBR-Bot/ros2_ws/install/msg_interface/include/msg_interface/msg_interface/msg/rosidl_typesupport_introspection_c__visibility_control.h
[2.924s] -- Up-to-date: /home/ubuntu/Documents/EMBR-Bot/ros2_ws/install/msg_interface/lib/libmsg_interface__rosidl_typesupport_introspection_c.so
[2.924s] -- Up-to-date: /home/ubuntu/Documents/EMBR-Bot/ros2_ws/install/msg_interface/lib/libmsg_interface__rosidl_typesupport_c.so
[2.925s] -- Up-to-date: /home/ubuntu/Documents/EMBR-Bot/ros2_ws/install/msg_interface/include/msg_interface/msg_interface
[2.925s] -- Up-to-date: /home/ubuntu/Documents/EMBR-Bot/ros2_ws/install/msg_interface/include/msg_interface/msg_interface/msg
[2.926s] -- Up-to-date: /home/ubuntu/Documents/EMBR-Bot/ros2_ws/install/msg_interface/include/msg_interface/msg_interface/msg/detail
[2.926s] -- Up-to-date: /home/ubuntu/Documents/EMBR-Bot/ros2_ws/install/msg_interface/include/msg_interface/msg_interface/msg/detail/gps__builder.hpp
[2.927s] -- Up-to-date: /home/ubuntu/Documents/EMBR-Bot/ros2_ws/install/msg_interface/include/msg_interface/msg_interface/msg/detail/gps__struct.hpp
[2.927s] -- Up-to-date: /home/ubuntu/Documents/EMBR-Bot/ros2_ws/install/msg_interface/include/msg_interface/msg_interface/msg/detail/gps__traits.hpp
[2.928s] -- Up-to-date: /home/ubuntu/Documents/EMBR-Bot/ros2_ws/install/msg_interface/include/msg_interface/msg_interface/msg/gps.hpp
[2.929s] -- Up-to-date: /home/ubuntu/Documents/EMBR-Bot/ros2_ws/install/msg_interface/include/msg_interface/msg_interface
[2.930s] -- Up-to-date: /home/ubuntu/Documents/EMBR-Bot/ros2_ws/install/msg_interface/include/msg_interface/msg_interface/msg
[2.930s] -- Up-to-date: /home/ubuntu/Documents/EMBR-Bot/ros2_ws/install/msg_interface/include/msg_interface/msg_interface/msg/rosidl_typesupport_fastrtps_cpp__visibility_control.h
[2.931s] -- Up-to-date: /home/ubuntu/Documents/EMBR-Bot/ros2_ws/install/msg_interface/include/msg_interface/msg_interface/msg/detail
[2.931s] -- Up-to-date: /home/ubuntu/Documents/EMBR-Bot/ros2_ws/install/msg_interface/include/msg_interface/msg_interface/msg/detail/dds_fastrtps
[2.932s] -- Up-to-date: /home/ubuntu/Documents/EMBR-Bot/ros2_ws/install/msg_interface/include/msg_interface/msg_interface/msg/detail/gps__rosidl_typesupport_fastrtps_cpp.hpp
[2.932s] -- Up-to-date: /home/ubuntu/Documents/EMBR-Bot/ros2_ws/install/msg_interface/lib/libmsg_interface__rosidl_typesupport_fastrtps_cpp.so
[2.933s] -- Up-to-date: /home/ubuntu/Documents/EMBR-Bot/ros2_ws/install/msg_interface/include/msg_interface/msg_interface
[2.933s] -- Up-to-date: /home/ubuntu/Documents/EMBR-Bot/ros2_ws/install/msg_interface/include/msg_interface/msg_interface/msg
[2.934s] -- Up-to-date: /home/ubuntu/Documents/EMBR-Bot/ros2_ws/install/msg_interface/include/msg_interface/msg_interface/msg/detail
[2.934s] -- Up-to-date: /home/ubuntu/Documents/EMBR-Bot/ros2_ws/install/msg_interface/include/msg_interface/msg_interface/msg/detail/gps__rosidl_typesupport_introspection_cpp.hpp
[2.935s] -- Up-to-date: /home/ubuntu/Documents/EMBR-Bot/ros2_ws/install/msg_interface/include/msg_interface/msg_interface/msg/detail/gps__type_support.cpp
[2.936s] -- Up-to-date: /home/ubuntu/Documents/EMBR-Bot/ros2_ws/install/msg_interface/lib/libmsg_interface__rosidl_typesupport_introspection_cpp.so
[2.936s] -- Up-to-date: /home/ubuntu/Documents/EMBR-Bot/ros2_ws/install/msg_interface/lib/libmsg_interface__rosidl_typesupport_cpp.so
[2.937s] -- Up-to-date: /home/ubuntu/Documents/EMBR-Bot/ros2_ws/install/msg_interface/share/msg_interface/environment/pythonpath.sh
[2.937s] -- Up-to-date: /home/ubuntu/Documents/EMBR-Bot/ros2_ws/install/msg_interface/share/msg_interface/environment/pythonpath.dsv
[2.938s] -- Up-to-date: /home/ubuntu/Documents/EMBR-Bot/ros2_ws/install/msg_interface/local/lib/python3.10/dist-packages/msg_interface-0.0.0-py3.10.egg-info
[2.938s] -- Installing: /home/ubuntu/Documents/EMBR-Bot/ros2_ws/install/msg_interface/local/lib/python3.10/dist-packages/msg_interface-0.0.0-py3.10.egg-info/dependency_links.txt
[2.939s] -- Installing: /home/ubuntu/Documents/EMBR-Bot/ros2_ws/install/msg_interface/local/lib/python3.10/dist-packages/msg_interface-0.0.0-py3.10.egg-info/PKG-INFO
[2.939s] -- Installing: /home/ubuntu/Documents/EMBR-Bot/ros2_ws/install/msg_interface/local/lib/python3.10/dist-packages/msg_interface-0.0.0-py3.10.egg-info/top_level.txt
[2.940s] -- Installing: /home/ubuntu/Documents/EMBR-Bot/ros2_ws/install/msg_interface/local/lib/python3.10/dist-packages/msg_interface-0.0.0-py3.10.egg-info/SOURCES.txt
[2.940s] -- Up-to-date: /home/ubuntu/Documents/EMBR-Bot/ros2_ws/install/msg_interface/local/lib/python3.10/dist-packages/msg_interface
[2.941s] -- Up-to-date: /home/ubuntu/Documents/EMBR-Bot/ros2_ws/install/msg_interface/local/lib/python3.10/dist-packages/msg_interface/msg
[2.941s] -- Up-to-date: /home/ubuntu/Documents/EMBR-Bot/ros2_ws/install/msg_interface/local/lib/python3.10/dist-packages/msg_interface/msg/_gps_s.c
[2.942s] -- Up-to-date: /home/ubuntu/Documents/EMBR-Bot/ros2_ws/install/msg_interface/local/lib/python3.10/dist-packages/msg_interface/msg/_gps.py
[2.942s] -- Up-to-date: /home/ubuntu/Documents/EMBR-Bot/ros2_ws/install/msg_interface/local/lib/python3.10/dist-packages/msg_interface/msg/__init__.py
[2.943s] -- Up-to-date: /home/ubuntu/Documents/EMBR-Bot/ros2_ws/install/msg_interface/local/lib/python3.10/dist-packages/msg_interface/_msg_interface_s.ep.rosidl_typesupport_c.c
[2.944s] -- Up-to-date: /home/ubuntu/Documents/EMBR-Bot/ros2_ws/install/msg_interface/local/lib/python3.10/dist-packages/msg_interface/_msg_interface_s.ep.rosidl_typesupport_introspection_c.c
[2.944s] -- Up-to-date: /home/ubuntu/Documents/EMBR-Bot/ros2_ws/install/msg_interface/local/lib/python3.10/dist-packages/msg_interface/msg_interface_s__rosidl_typesupport_introspection_c.cpython-310-aarch64-linux-gnu.so
[2.945s] -- Up-to-date: /home/ubuntu/Documents/EMBR-Bot/ros2_ws/install/msg_interface/local/lib/python3.10/dist-packages/msg_interface/_msg_interface_s.ep.rosidl_typesupport_fastrtps_c.c
[2.945s] -- Up-to-date: /home/ubuntu/Documents/EMBR-Bot/ros2_ws/install/msg_interface/local/lib/python3.10/dist-packages/msg_interface/msg_interface_s__rosidl_typesupport_c.cpython-310-aarch64-linux-gnu.so
[2.946s] -- Up-to-date: /home/ubuntu/Documents/EMBR-Bot/ros2_ws/install/msg_interface/local/lib/python3.10/dist-packages/msg_interface/msg_interface_s__rosidl_typesupport_fastrtps_c.cpython-310-aarch64-linux-gnu.so
[2.951s] -- Up-to-date: /home/ubuntu/Documents/EMBR-Bot/ros2_ws/install/msg_interface/local/lib/python3.10/dist-packages/msg_interface/__init__.py
[2.952s] -- Up-to-date: /home/ubuntu/Documents/EMBR-Bot/ros2_ws/install/msg_interface/local/lib/python3.10/dist-packages/msg_interface/libmsg_interface__rosidl_generator_py.so
[3.117s] Listing '/home/ubuntu/Documents/EMBR-Bot/ros2_ws/install/msg_interface/local/lib/python3.10/dist-packages/msg_interface'...
[3.119s] Listing '/home/ubuntu/Documents/EMBR-Bot/ros2_ws/install/msg_interface/local/lib/python3.10/dist-packages/msg_interface/msg'...
[3.158s] -- Up-to-date: /home/ubuntu/Documents/EMBR-Bot/ros2_ws/install/msg_interface/local/lib/python3.10/dist-packages/msg_interface/msg_interface_s__rosidl_typesupport_fastrtps_c.cpython-310-aarch64-linux-gnu.so
[3.159s] -- Up-to-date: /home/ubuntu/Documents/EMBR-Bot/ros2_ws/install/msg_interface/local/lib/python3.10/dist-packages/msg_interface/msg_interface_s__rosidl_typesupport_introspection_c.cpython-310-aarch64-linux-gnu.so
[3.161s] -- Up-to-date: /home/ubuntu/Documents/EMBR-Bot/ros2_ws/install/msg_interface/local/lib/python3.10/dist-packages/msg_interface/msg_interface_s__rosidl_typesupport_c.cpython-310-aarch64-linux-gnu.so
[3.162s] -- Up-to-date: /home/ubuntu/Documents/EMBR-Bot/ros2_ws/install/msg_interface/lib/libmsg_interface__rosidl_generator_py.so
[3.164s] -- Up-to-date: /home/ubuntu/Documents/EMBR-Bot/ros2_ws/install/msg_interface/share/msg_interface/msg/Gps.idl
[3.165s] -- Up-to-date: /home/ubuntu/Documents/EMBR-Bot/ros2_ws/install/msg_interface/share/msg_interface/msg/Gps.msg
[3.165s] -- Up-to-date: /home/ubuntu/Documents/EMBR-Bot/ros2_ws/install/msg_interface/share/ament_index/resource_index/package_run_dependencies/msg_interface
[3.166s] -- Up-to-date: /home/ubuntu/Documents/EMBR-Bot/ros2_ws/install/msg_interface/share/ament_index/resource_index/parent_prefix_path/msg_interface
[3.167s] -- Up-to-date: /home/ubuntu/Documents/EMBR-Bot/ros2_ws/install/msg_interface/share/msg_interface/environment/ament_prefix_path.sh
[3.168s] -- Up-to-date: /home/ubuntu/Documents/EMBR-Bot/ros2_ws/install/msg_interface/share/msg_interface/environment/ament_prefix_path.dsv
[3.169s] -- Up-to-date: /home/ubuntu/Documents/EMBR-Bot/ros2_ws/install/msg_interface/share/msg_interface/environment/path.sh
[3.169s] -- Up-to-date: /home/ubuntu/Documents/EMBR-Bot/ros2_ws/install/msg_interface/share/msg_interface/environment/path.dsv
[3.170s] -- Up-to-date: /home/ubuntu/Documents/EMBR-Bot/ros2_ws/install/msg_interface/share/msg_interface/local_setup.bash
[3.171s] -- Up-to-date: /home/ubuntu/Documents/EMBR-Bot/ros2_ws/install/msg_interface/share/msg_interface/local_setup.sh
[3.171s] -- Up-to-date: /home/ubuntu/Documents/EMBR-Bot/ros2_ws/install/msg_interface/share/msg_interface/local_setup.zsh
[3.172s] -- Up-to-date: /home/ubuntu/Documents/EMBR-Bot/ros2_ws/install/msg_interface/share/msg_interface/local_setup.dsv
[3.173s] -- Installing: /home/ubuntu/Documents/EMBR-Bot/ros2_ws/install/msg_interface/share/msg_interface/package.dsv
[3.174s] -- Up-to-date: /home/ubuntu/Documents/EMBR-Bot/ros2_ws/install/msg_interface/share/ament_index/resource_index/packages/msg_interface
[3.174s] -- Up-to-date: /home/ubuntu/Documents/EMBR-Bot/ros2_ws/install/msg_interface/share/msg_interface/cmake/export_msg_interface__rosidl_generator_cExport.cmake
[3.175s] -- Up-to-date: /home/ubuntu/Documents/EMBR-Bot/ros2_ws/install/msg_interface/share/msg_interface/cmake/export_msg_interface__rosidl_generator_cExport-noconfig.cmake
[3.176s] -- Up-to-date: /home/ubuntu/Documents/EMBR-Bot/ros2_ws/install/msg_interface/share/msg_interface/cmake/export_msg_interface__rosidl_typesupport_fastrtps_cExport.cmake
[3.177s] -- Up-to-date: /home/ubuntu/Documents/EMBR-Bot/ros2_ws/install/msg_interface/share/msg_interface/cmake/export_msg_interface__rosidl_typesupport_fastrtps_cExport-noconfig.cmake
[3.178s] -- Up-to-date: /home/ubuntu/Documents/EMBR-Bot/ros2_ws/install/msg_interface/share/msg_interface/cmake/msg_interface__rosidl_typesupport_introspection_cExport.cmake
[3.179s] -- Up-to-date: /home/ubuntu/Documents/EMBR-Bot/ros2_ws/install/msg_interface/share/msg_interface/cmake/msg_interface__rosidl_typesupport_introspection_cExport-noconfig.cmake
[3.180s] -- Up-to-date: /home/ubuntu/Documents/EMBR-Bot/ros2_ws/install/msg_interface/share/msg_interface/cmake/msg_interface__rosidl_typesupport_cExport.cmake
[3.181s] -- Up-to-date: /home/ubuntu/Documents/EMBR-Bot/ros2_ws/install/msg_interface/share/msg_interface/cmake/msg_interface__rosidl_typesupport_cExport-noconfig.cmake
[3.182s] -- Up-to-date: /home/ubuntu/Documents/EMBR-Bot/ros2_ws/install/msg_interface/share/msg_interface/cmake/export_msg_interface__rosidl_generator_cppExport.cmake
[3.183s] -- Up-to-date: /home/ubuntu/Documents/EMBR-Bot/ros2_ws/install/msg_interface/share/msg_interface/cmake/export_msg_interface__rosidl_typesupport_fastrtps_cppExport.cmake
[3.184s] -- Up-to-date: /home/ubuntu/Documents/EMBR-Bot/ros2_ws/install/msg_interface/share/msg_interface/cmake/export_msg_interface__rosidl_typesupport_fastrtps_cppExport-noconfig.cmake
[3.184s] -- Up-to-date: /home/ubuntu/Documents/EMBR-Bot/ros2_ws/install/msg_interface/share/msg_interface/cmake/msg_interface__rosidl_typesupport_introspection_cppExport.cmake
[3.185s] -- Up-to-date: /home/ubuntu/Documents/EMBR-Bot/ros2_ws/install/msg_interface/share/msg_interface/cmake/msg_interface__rosidl_typesupport_introspection_cppExport-noconfig.cmake
[3.186s] -- Up-to-date: /home/ubuntu/Documents/EMBR-Bot/ros2_ws/install/msg_interface/share/msg_interface/cmake/msg_interface__rosidl_typesupport_cppExport.cmake
[3.187s] -- Up-to-date: /home/ubuntu/Documents/EMBR-Bot/ros2_ws/install/msg_interface/share/msg_interface/cmake/msg_interface__rosidl_typesupport_cppExport-noconfig.cmake
[3.187s] -- Up-to-date: /home/ubuntu/Documents/EMBR-Bot/ros2_ws/install/msg_interface/share/msg_interface/cmake/export_msg_interface__rosidl_generator_pyExport.cmake
[3.188s] -- Up-to-date: /home/ubuntu/Documents/EMBR-Bot/ros2_ws/install/msg_interface/share/msg_interface/cmake/export_msg_interface__rosidl_generator_pyExport-noconfig.cmake
[3.189s] -- Up-to-date: /home/ubuntu/Documents/EMBR-Bot/ros2_ws/install/msg_interface/share/msg_interface/cmake/rosidl_cmake-extras.cmake
[3.190s] -- Up-to-date: /home/ubuntu/Documents/EMBR-Bot/ros2_ws/install/msg_interface/share/msg_interface/cmake/ament_cmake_export_include_directories-extras.cmake
[3.190s] -- Up-to-date: /home/ubuntu/Documents/EMBR-Bot/ros2_ws/install/msg_interface/share/msg_interface/cmake/ament_cmake_export_libraries-extras.cmake
[3.191s] -- Up-to-date: /home/ubuntu/Documents/EMBR-Bot/ros2_ws/install/msg_interface/share/msg_interface/cmake/ament_cmake_export_targets-extras.cmake
[3.191s] -- Up-to-date: /home/ubuntu/Documents/EMBR-Bot/ros2_ws/install/msg_interface/share/msg_interface/cmake/rosidl_cmake_export_typesupport_targets-extras.cmake
[3.193s] -- Up-to-date: /home/ubuntu/Documents/EMBR-Bot/ros2_ws/install/msg_interface/share/msg_interface/cmake/ament_cmake_export_dependencies-extras.cmake
[3.198s] -- Up-to-date: /home/ubuntu/Documents/EMBR-Bot/ros2_ws/install/msg_interface/share/msg_interface/cmake/rosidl_cmake_export_typesupport_libraries-extras.cmake
[3.199s] -- Up-to-date: /home/ubuntu/Documents/EMBR-Bot/ros2_ws/install/msg_interface/share/msg_interface/cmake/msg_interfaceConfig.cmake
[3.202s] -- Up-to-date: /home/ubuntu/Documents/EMBR-Bot/ros2_ws/install/msg_interface/share/msg_interface/cmake/msg_interfaceConfig-version.cmake
[3.203s] -- Up-to-date: /home/ubuntu/Documents/EMBR-Bot/ros2_ws/install/msg_interface/share/msg_interface/package.xml
[3.205s] Invoked command in '/home/ubuntu/Documents/EMBR-Bot/ros2_ws/build/msg_interface' returned '0': CMAKE_PREFIX_PATH=/opt/ros/humble /usr/bin/cmake --install /home/ubuntu/Documents/EMBR-Bot/ros2_ws/build/msg_interface
