[0.052s] Invoking command in '/home/ubuntu/Documents/EMBR-Bot/ros2_ws/build/msg_interface': CMAKE_PREFIX_PATH=/home/ubuntu/Documents/EMBR-Bot/ros2_ws/install/embr:/opt/ros/humble /usr/bin/cmake /home/ubuntu/Documents/EMBR-Bot/ros2_ws/src/msg_interface -DCMAKE_INSTALL_PREFIX=/home/ubuntu/Documents/EMBR-Bot/ros2_ws/install/msg_interface
[0.699s] [31mCMake Error at CMakeLists.txt:28:
[0.701s]   Parse error.  Function missing ending ")".  Instead found unterminated
[0.702s]   string with text "msg/gps_msg.msg
[0.703s] 
[0.703s]   )
[0.705s] 
[0.706s]   if(BUILD_TESTING)
[0.707s] 
[0.707s]     find_package(ament_lint_auto REQUIRED)
[0.708s]     # the following line skips the linter which checks for copyrights
[0.709s]     # comment the line when a copyright and license is added to all source files
[0.709s]     set(ament_cmake_copyright_FOUND TRUE)
[0.712s]     # the following line skips cpplint (only works in a git repo)
[0.713s]     # comment the line when this package is in a git repo and when
[0.714s]     # a copyright and license is added to all source files
[0.715s]     set(ament_cmake_cpplint_FOUND TRUE)
[0.716s]     ament_lint_auto_find_test_dependencies()
[0.718s] 
[0.719s]   endif()
[0.722s] 
[0.723s]   
[0.724s] 
[0.725s]   ament_package()
[0.728s] 
[0.729s]   ".
[0.729s] 
[0.731s] [0m
[0.732s] -- Configuring incomplete, errors occurred!
[0.777s] Invoked command in '/home/ubuntu/Documents/EMBR-Bot/ros2_ws/build/msg_interface' returned '1': CMAKE_PREFIX_PATH=/home/ubuntu/Documents/EMBR-Bot/ros2_ws/install/embr:/opt/ros/humble /usr/bin/cmake /home/ubuntu/Documents/EMBR-Bot/ros2_ws/src/msg_interface -DCMAKE_INSTALL_PREFIX=/home/ubuntu/Documents/EMBR-Bot/ros2_ws/install/msg_interface
