/home/ubuntu/Documents/EMBR-Bot/ros2_ws/install/embr/lib/python3.10/site-packages/embr/getCube.py
/home/ubuntu/Documents/EMBR-Bot/ros2_ws/install/embr/lib/python3.10/site-packages/embr/getTemp.py
/home/ubuntu/Documents/EMBR-Bot/ros2_ws/install/embr/lib/python3.10/site-packages/embr/__init__.py
/home/ubuntu/Documents/EMBR-Bot/ros2_ws/install/embr/lib/python3.10/site-packages/embr/sendRf.py
/home/ubuntu/Documents/EMBR-Bot/ros2_ws/install/embr/lib/python3.10/site-packages/embr/__pycache__/getCube.cpython-310.pyc
/home/ubuntu/Documents/EMBR-Bot/ros2_ws/install/embr/lib/python3.10/site-packages/embr/__pycache__/getTemp.cpython-310.pyc
/home/ubuntu/Documents/EMBR-Bot/ros2_ws/install/embr/lib/python3.10/site-packages/embr/__pycache__/__init__.cpython-310.pyc
/home/ubuntu/Documents/EMBR-Bot/ros2_ws/install/embr/lib/python3.10/site-packages/embr/__pycache__/sendRf.cpython-310.pyc
/home/ubuntu/Documents/EMBR-Bot/ros2_ws/install/embr/share/ament_index/resource_index/packages/embr
/home/ubuntu/Documents/EMBR-Bot/ros2_ws/install/embr/share/embr/package.xml
/home/ubuntu/Documents/EMBR-Bot/ros2_ws/install/embr/lib/python3.10/site-packages/embr-0.0.0-py3.10.egg-info/entry_points.txt
/home/ubuntu/Documents/EMBR-Bot/ros2_ws/install/embr/lib/python3.10/site-packages/embr-0.0.0-py3.10.egg-info/zip-safe
/home/ubuntu/Documents/EMBR-Bot/ros2_ws/install/embr/lib/python3.10/site-packages/embr-0.0.0-py3.10.egg-info/dependency_links.txt
/home/ubuntu/Documents/EMBR-Bot/ros2_ws/install/embr/lib/python3.10/site-packages/embr-0.0.0-py3.10.egg-info/PKG-INFO
/home/ubuntu/Documents/EMBR-Bot/ros2_ws/install/embr/lib/python3.10/site-packages/embr-0.0.0-py3.10.egg-info/requires.txt
/home/ubuntu/Documents/EMBR-Bot/ros2_ws/install/embr/lib/python3.10/site-packages/embr-0.0.0-py3.10.egg-info/top_level.txt
/home/ubuntu/Documents/EMBR-Bot/ros2_ws/install/embr/lib/python3.10/site-packages/embr-0.0.0-py3.10.egg-info/SOURCES.txt
/home/ubuntu/Documents/EMBR-Bot/ros2_ws/install/embr/lib/embr/getCube
/home/ubuntu/Documents/EMBR-Bot/ros2_ws/install/embr/lib/embr/getTemp
/home/ubuntu/Documents/EMBR-Bot/ros2_ws/install/embr/lib/embr/sendRf
